#
# A fatal error has been detected by the Java Runtime Environment:
#
#  SIGSEGV (0xb) at pc=0x00007fcf384f3335, pid=5589, tid=5621
#
# JRE version: OpenJDK Runtime Environment (11.0.7+10) (build 11.0.7+10-post-Ubuntu-2ubuntu218.04)
# Java VM: OpenJDK 64-Bit Server VM (11.0.7+10-post-Ubuntu-2ubuntu218.04, mixed mode, sharing, tiered, compressed oops, g1 gc, linux-amd64)
# Problematic frame:
# V  [libjvm.so+0x771335]
#
# Core dump will be written. Default location: Core dumps may be processed with "/usr/share/apport/apport %p %s %c %d %P %E" (or dumping to /home/snehal/BlackJack_phase2/BlackJack/core.5589)
#
# If you would like to submit a bug report, please visit:
#   https://bugs.launchpad.net/ubuntu/+source/openjdk-lts
#

---------------  S U M M A R Y ------------

Command Line: -Dfile.encoding=UTF-8 blackJackGame.playGame

Host: Intel(R) Core(TM) i7-3537U CPU @ 2.00GHz, 4 cores, 7G, Ubuntu 18.04.4 LTS
Time: Sat Apr 25 22:54:50 2020 EDT elapsed time: 1 seconds (0d 0h 0m 1s)

---------------  T H R E A D  ---------------

Current thread (0x00007fcefc004800):  GCTaskThread "GC Thread#3" [stack: 0x00007fceca767000,0x00007fceca867000] [id=5621]

Stack: [0x00007fceca767000,0x00007fceca867000],  sp=0x00007fceca865980,  free space=1018k
Native frames: (J=compiled Java code, A=aot compiled Java code, j=interpreted, Vv=VM code, C=native code)
V  [libjvm.so+0x771335]
V  [libjvm.so+0x76eb28]
V  [libjvm.so+0x784296]
V  [libjvm.so+0x6e1808]
V  [libjvm.so+0x72b2da]
V  [libjvm.so+0x77e42d]
V  [libjvm.so+0x77e58b]
V  [libjvm.so+0x7390a2]
V  [libjvm.so+0xe22f5d]
V  [libjvm.so+0xd85acf]
V  [libjvm.so+0xbd59de]


siginfo: si_signo: 11 (SIGSEGV), si_code: 1 (SEGV_MAPERR), si_addr: 0x0000000c60988288

Register to memory mapping:

RAX=0x0000000000000001 is an unknown value
RBX=0x000000008c131068 points into unknown readable memory: 00 00 00 00 50 10 13 8c
RCX=0x0000000000000003 is an unknown value
RDX=0x00007fcf3913b6d0: <offset 0x00000000013b96d0> in /usr/lib/jvm/java-11-openjdk-amd64/lib/server/libjvm.so at 0x00007fcf37d82000
RSP=0x00007fceca865980 points into unknown readable memory: b0 59 86 ca ce 7f 00 00
RBP=0x00007fceca865a00 points into unknown readable memory: a0 5a 86 ca ce 7f 00 00
RSI=0x0000000000000001 is an unknown value
RDI=0x0000000c60988280 is an unknown value
R8 =0x0 is NULL
R9 =0x0 is NULL
R10=0x00000000855f0a59 points into unknown readable memory: 10 13 8c 98 ee 52 85
R11=0x0000000000000003 is an unknown value
R12=0x00007fce980010f0 points into unknown readable memory: 70 a3 06 39 cf 7f 00 00
R13=0x0000000000000040 is an unknown value
R14=0x00007fce980010f0 points into unknown readable memory: 70 a3 06 39 cf 7f 00 00
R15=0x00000000855f0a58 points into unknown readable memory: 68 10 13 8c 98 ee 52 85


Registers:
RAX=0x0000000000000001, RBX=0x000000008c131068, RCX=0x0000000000000003, RDX=0x00007fcf3913b6d0
RSP=0x00007fceca865980, RBP=0x00007fceca865a00, RSI=0x0000000000000001, RDI=0x0000000c60988280
R8 =0x0000000000000000, R9 =0x0000000000000000, R10=0x00000000855f0a59, R11=0x0000000000000003
R12=0x00007fce980010f0, R13=0x0000000000000040, R14=0x00007fce980010f0, R15=0x00000000855f0a58
RIP=0x00007fcf384f3335, EFLAGS=0x0000000000010202, CSGSFS=0x002b000000000033, ERR=0x0000000000000004
  TRAPNO=0x000000000000000e

Top of Stack: (sp=0x00007fceca865980)
0x00007fceca865980:   00007fceca8659b0 00007fcf3890640e
0x00007fceca865990:   0000000000000002 00007fcf00000001
0x00007fceca8659a0:   0000000000000082 0000000130011300
0x00007fceca8659b0:   8c13105000000000 00007fcf389ea501 

Instructions: (pc=0x00007fcf384f3335)
0x00007fcf384f3235:   00 01 49 c7 85 30 01 00 00 00 00 00 00 74 43 4d
0x00007fcf384f3245:   8b 4d 10 49 8b 4d 08 49 8d bd 04 01 00 00 4d 8b
0x00007fcf384f3255:   7d 50 4c 89 4d c0 48 89 4d c8 e8 ac c7 08 00 4c
0x00007fcf384f3265:   8b 4d c0 48 8b 4d c8 48 8d 35 f0 ea 73 00 48 8d
0x00007fcf384f3275:   3d 2e 93 73 00 48 89 c2 4d 89 f8 31 c0 e8 59 99
0x00007fcf384f3285:   fa ff 49 8b 7c 24 08 41 8b b4 24 9c 01 00 00 4c
0x00007fcf384f3295:   89 f1 48 89 da e8 f1 af fb ff 48 8d 05 a6 4c c7
0x00007fcf384f32a5:   00 4d 89 ac 24 90 01 00 00 49 8d bc 24 70 01 00
0x00007fcf384f32b5:   00 80 38 00 75 2d 48 8b 53 08 48 63 4a 0c 48 8d
0x00007fcf384f32c5:   05 36 3e c7 00 48 89 de ff 14 c8 48 83 c4 18 48
0x00007fcf384f32d5:   89 d8 5b 41 5c 41 5d 41 5e 41 5f 5d c3 66 0f 1f
0x00007fcf384f32e5:   44 00 00 48 8d 05 e1 83 c4 00 8b 53 08 8b 48 08
0x00007fcf384f32f5:   48 d3 e2 48 03 10 eb c2 90 66 90 55 48 89 e5 41
0x00007fcf384f3305:   57 41 56 41 55 41 54 49 89 fe 53 48 89 d3 48 83
0x00007fcf384f3315:   ec 58 48 8d 05 2e 4c c7 00 40 88 75 b8 48 89 4d
0x00007fcf384f3325:   b0 0f b6 00 84 c0 0f 85 7f 01 00 00 48 8b 7a 08
0x00007fcf384f3335:   44 8b 6f 08 41 83 fd 00 0f 8e 4d 01 00 00 41 f6
0x00007fcf384f3345:   c5 01 0f 85 49 01 00 00 41 c1 fd 03 49 8b 46 08
0x00007fcf384f3355:   48 89 da 45 31 db 4d 63 d5 8b 88 c0 02 00 00 48
0x00007fcf384f3365:   8b 80 b0 02 00 00 48 d3 ea 80 7d b8 01 48 8b 04
0x00007fcf384f3375:   d0 8b 80 40 01 00 00 89 45 ac 0f 84 b3 02 00 00
0x00007fcf384f3385:   48 0f be 45 b8 41 80 be c8 01 00 00 00 45 0f b6
0x00007fcf384f3395:   bc 06 68 01 00 00 74 0a 41 80 ff 02 0f 84 41 05
0x00007fcf384f33a5:   00 00 41 80 ff 01 45 0f be c7 40 0f 95 c6 49 8b
0x00007fcf384f33b5:   7e 60 49 63 c0 8b 8f 28 01 00 00 48 8b 84 c7 10
0x00007fcf384f33c5:   01 00 00 85 c9 48 8b 50 38 4c 8b 60 30 74 09 40
0x00007fcf384f33d5:   84 f6 0f 84 63 05 00 00 4c 29 e2 48 c1 ea 03 49
0x00007fcf384f33e5:   39 d2 0f 87 7f 03 00 00 4b 8d 14 d4 4d 85 e4 48
0x00007fcf384f33f5:   89 50 30 0f 84 6a 03 00 00 48 8d 05 33 d9 c2 00
0x00007fcf384f3405:   48 8b 00 41 0f 18 0c 04 4c 89 e1 48 8b 13 48 83
0x00007fcf384f3415:   c9 03 eb 1b 0f 1f 80 00 00 00 00 48 89 d0 f0 48
0x00007fcf384f3425:   0f b1 0b 48 39 c2 0f 84 9f 00 00 00 48 89 c2 48 


Stack slot to memory mapping:
stack at sp + 0 slots: 0x00007fceca8659b0 points into unknown readable memory: 00 00 00 00 50 10 13 8c
stack at sp + 1 slots: 0x00007fcf3890640e: <offset 0x0000000000b8440e> in /usr/lib/jvm/java-11-openjdk-amd64/lib/server/libjvm.so at 0x00007fcf37d82000
stack at sp + 2 slots: 0x0000000000000002 is an unknown value
stack at sp + 3 slots: 0x00007fcf00000001 points into unknown readable memory: 00 00 00 cf 7f 00 00
stack at sp + 4 slots: 0x0000000000000082 is an unknown value
stack at sp + 5 slots: 0x0000000130011300 is an unknown value
stack at sp + 6 slots: 0x8c13105000000000 is an unknown value
stack at sp + 7 slots: 0x00007fcf389ea501: <offset 0x0000000000c68501> in /usr/lib/jvm/java-11-openjdk-amd64/lib/server/libjvm.so at 0x00007fcf37d82000


---------------  P R O C E S S  ---------------

Threads class SMR info:
_java_thread_list=0x00007fcf305169a0, length=16, elements={
0x00007fcf30110000, 0x00007fcf3011a000, 0x00007fcf3011f800, 0x00007fcf30121800,
0x00007fcf30123800, 0x00007fcf30125800, 0x00007fcf3015d000, 0x00007fcf30161800,
0x00007fcf30276800, 0x00007fcf302a1800, 0x00007fcee0368800, 0x00007fcf304f0800,
0x00007fcf304f4800, 0x00007fcf30514800, 0x00007fcf30280800, 0x00007fcf30016800
}

Java Threads: ( => current thread )
  0x00007fcf30110000 JavaThread "Reference Handler" daemon [_thread_blocked, id=5601, stack(0x00007fcf34468000,0x00007fcf34569000)]
  0x00007fcf3011a000 JavaThread "Finalizer" daemon [_thread_blocked, id=5602, stack(0x00007fcf34367000,0x00007fcf34468000)]
  0x00007fcf3011f800 JavaThread "Signal Dispatcher" daemon [_thread_blocked, id=5603, stack(0x00007fcf34266000,0x00007fcf34367000)]
  0x00007fcf30121800 JavaThread "C2 CompilerThread0" daemon [_thread_blocked, id=5604, stack(0x00007fcf34165000,0x00007fcf34266000)]
  0x00007fcf30123800 JavaThread "C1 CompilerThread0" daemon [_thread_blocked, id=5605, stack(0x00007fcf34064000,0x00007fcf34165000)]
  0x00007fcf30125800 JavaThread "Sweeper thread" daemon [_thread_blocked, id=5606, stack(0x00007fcf1800c000,0x00007fcf1810d000)]
  0x00007fcf3015d000 JavaThread "Service Thread" daemon [_thread_blocked, id=5607, stack(0x00007fcf1019f000,0x00007fcf102a0000)]
  0x00007fcf30161800 JavaThread "Common-Cleaner" daemon [_thread_blocked, id=5609, stack(0x00007fcf09530000,0x00007fcf09631000)]
  0x00007fcf30276800 JavaThread "Java2D Disposer" daemon [_thread_blocked, id=5613, stack(0x00007fced400d000,0x00007fced410e000)]
  0x00007fcf302a1800 JavaThread "AWT-XAWT" daemon [_thread_blocked, id=5614, stack(0x00007fcecb2ee000,0x00007fcecb3ef000)]
  0x00007fcee0368800 JavaThread "C2 CompilerThread1" daemon [_thread_blocked, id=5615, stack(0x00007fcecb1ed000,0x00007fcecb2ee000)]
  0x00007fcf304f0800 JavaThread "AWT-Shutdown" [_thread_blocked, id=5616, stack(0x00007fcecb0ec000,0x00007fcecb1ed000)]
  0x00007fcf304f4800 JavaThread "AWT-EventQueue-0" [_thread_blocked, id=5617, stack(0x00007fcecafeb000,0x00007fcecb0ec000)]
  0x00007fcf30514800 JavaThread "Image Fetcher 0" daemon [_thread_blocked, id=5618, stack(0x00007fcecaeea000,0x00007fcecafeb000)]
  0x00007fcf30280800 JavaThread "Thread-0" [_thread_blocked, id=5622, stack(0x00007fcecabaf000,0x00007fcecacb0000)]
  0x00007fcf30016800 JavaThread "DestroyJavaVM" [_thread_blocked, id=5594, stack(0x00007fcf39ef8000,0x00007fcf39ff9000)]

Other Threads:
  0x00007fcf3010d000 VMThread "VM Thread" [stack: 0x00007fcf3456b000,0x00007fcf3466b000] [id=5600]
  0x00007fcf3015f000 WatcherThread [stack: 0x00007fcf1009f000,0x00007fcf1019f000] [id=5608]
  0x00007fcf3002f000 GCTaskThread "GC Thread#0" [stack: 0x00007fcf35edb000,0x00007fcf35fdb000] [id=5595]
  0x00007fcefc001000 GCTaskThread "GC Thread#1" [stack: 0x00007fceca96b000,0x00007fcecaa6b000] [id=5619]
  0x00007fcefc003000 GCTaskThread "GC Thread#2" [stack: 0x00007fceca869000,0x00007fceca969000] [id=5620]
=>0x00007fcefc004800 GCTaskThread "GC Thread#3" [stack: 0x00007fceca767000,0x00007fceca867000] [id=5621]
  0x00007fcf30060000 ConcurrentGCThread "G1 Main Marker" [stack: 0x00007fcf34e53000,0x00007fcf34f53000] [id=5596]
  0x00007fcf30062000 ConcurrentGCThread "G1 Conc#0" [stack: 0x00007fcf34d51000,0x00007fcf34e51000] [id=5597]
  0x00007fcf300da000 ConcurrentGCThread "G1 Refine#0" [stack: 0x00007fcf3484b000,0x00007fcf3494b000] [id=5598]
  0x00007fcf300dc000 ConcurrentGCThread "G1 Young RemSet Sampling" [stack: 0x00007fcf34749000,0x00007fcf34849000] [id=5599]

Threads with active compile tasks:
C2 CompilerThread0   1684 1712  s    4       java.awt.geom.Path2D$Float::lineTo (58 bytes)

VM state:at safepoint (normal execution)

VM Mutex/Monitor currently owned by a thread:  ([mutex/lock_event])
[0x00007fcf30012860] Threads_lock - owner thread: 0x00007fcf3010d000
[0x00007fcf30013040] Heap_lock - owner thread: 0x00007fcf304f4800

Heap address: 0x0000000085400000, size: 1964 MB, Compressed Oops mode: 32-bit
Narrow klass base: 0x0000000800000000, Narrow klass shift: 3
Compressed class space size: 1073741824 Address: 0x0000000840000000

Heap:
 garbage-first heap   total 129024K, used 15539K [0x0000000085400000, 0x0000000100000000)
  region size 1024K, 13 young (13312K), 1 survivors (1024K)
 Metaspace       used 9778K, capacity 10303K, committed 10624K, reserved 1058816K
  class space    used 1045K, capacity 1296K, committed 1408K, reserved 1048576K
Heap Regions: E=young(eden), S=young(survivor), O=old, HS=humongous(starts), HC=humongous(continues), CS=collection set, F=free, A=archive, TAMS=top-at-mark-start (previous, next)
|   0|0x0000000085400000, 0x0000000085500000, 0x0000000085500000|100%| O|  |TAMS 0x0000000085400000, 0x0000000085400000| Untracked 
|   1|0x0000000085500000, 0x0000000085600000, 0x0000000085600000|100%| O|  |TAMS 0x0000000085500000, 0x0000000085500000| Untracked 
|   2|0x0000000085600000, 0x0000000085677fb8, 0x0000000085700000| 46%| O|  |TAMS 0x0000000085600000, 0x0000000085600000| Untracked 
|   3|0x0000000085700000, 0x0000000085700000, 0x0000000085800000|  0%| F|  |TAMS 0x0000000085700000, 0x0000000085700000| Untracked 
|   4|0x0000000085800000, 0x0000000085800000, 0x0000000085900000|  0%| F|  |TAMS 0x0000000085800000, 0x0000000085800000| Untracked 
|   5|0x0000000085900000, 0x0000000085900000, 0x0000000085a00000|  0%| F|  |TAMS 0x0000000085900000, 0x0000000085900000| Untracked 
|   6|0x0000000085a00000, 0x0000000085a00000, 0x0000000085b00000|  0%| F|  |TAMS 0x0000000085a00000, 0x0000000085a00000| Untracked 
|   7|0x0000000085b00000, 0x0000000085b00000, 0x0000000085c00000|  0%| F|  |TAMS 0x0000000085b00000, 0x0000000085b00000| Untracked 
|   8|0x0000000085c00000, 0x0000000085c00000, 0x0000000085d00000|  0%| F|  |TAMS 0x0000000085c00000, 0x0000000085c00000| Untracked 
|   9|0x0000000085d00000, 0x0000000085d00000, 0x0000000085e00000|  0%| F|  |TAMS 0x0000000085d00000, 0x0000000085d00000| Untracked 
|  10|0x0000000085e00000, 0x0000000085e00000, 0x0000000085f00000|  0%| F|  |TAMS 0x0000000085e00000, 0x0000000085e00000| Untracked 
|  11|0x0000000085f00000, 0x0000000085f00000, 0x0000000086000000|  0%| F|  |TAMS 0x0000000085f00000, 0x0000000085f00000| Untracked 
|  12|0x0000000086000000, 0x0000000086000000, 0x0000000086100000|  0%| F|  |TAMS 0x0000000086000000, 0x0000000086000000| Untracked 
|  13|0x0000000086100000, 0x0000000086100000, 0x0000000086200000|  0%| F|  |TAMS 0x0000000086100000, 0x0000000086100000| Untracked 
|  14|0x0000000086200000, 0x0000000086200000, 0x0000000086300000|  0%| F|  |TAMS 0x0000000086200000, 0x0000000086200000| Untracked 
|  15|0x0000000086300000, 0x0000000086300000, 0x0000000086400000|  0%| F|  |TAMS 0x0000000086300000, 0x0000000086300000| Untracked 
|  16|0x0000000086400000, 0x0000000086400000, 0x0000000086500000|  0%| F|  |TAMS 0x0000000086400000, 0x0000000086400000| Untracked 
|  17|0x0000000086500000, 0x0000000086500000, 0x0000000086600000|  0%| F|  |TAMS 0x0000000086500000, 0x0000000086500000| Untracked 
|  18|0x0000000086600000, 0x0000000086600000, 0x0000000086700000|  0%| F|  |TAMS 0x0000000086600000, 0x0000000086600000| Untracked 
|  19|0x0000000086700000, 0x0000000086700000, 0x0000000086800000|  0%| F|  |TAMS 0x0000000086700000, 0x0000000086700000| Untracked 
|  20|0x0000000086800000, 0x0000000086800000, 0x0000000086900000|  0%| F|  |TAMS 0x0000000086800000, 0x0000000086800000| Untracked 
|  21|0x0000000086900000, 0x0000000086900000, 0x0000000086a00000|  0%| F|  |TAMS 0x0000000086900000, 0x0000000086900000| Untracked 
|  22|0x0000000086a00000, 0x0000000086a00000, 0x0000000086b00000|  0%| F|  |TAMS 0x0000000086a00000, 0x0000000086a00000| Untracked 
|  23|0x0000000086b00000, 0x0000000086b00000, 0x0000000086c00000|  0%| F|  |TAMS 0x0000000086b00000, 0x0000000086b00000| Untracked 
|  24|0x0000000086c00000, 0x0000000086c00000, 0x0000000086d00000|  0%| F|  |TAMS 0x0000000086c00000, 0x0000000086c00000| Untracked 
|  25|0x0000000086d00000, 0x0000000086d00000, 0x0000000086e00000|  0%| F|  |TAMS 0x0000000086d00000, 0x0000000086d00000| Untracked 
|  26|0x0000000086e00000, 0x0000000086e00000, 0x0000000086f00000|  0%| F|  |TAMS 0x0000000086e00000, 0x0000000086e00000| Untracked 
|  27|0x0000000086f00000, 0x0000000086f00000, 0x0000000087000000|  0%| F|  |TAMS 0x0000000086f00000, 0x0000000086f00000| Untracked 
|  28|0x0000000087000000, 0x0000000087000000, 0x0000000087100000|  0%| F|  |TAMS 0x0000000087000000, 0x0000000087000000| Untracked 
|  29|0x0000000087100000, 0x0000000087100000, 0x0000000087200000|  0%| F|  |TAMS 0x0000000087100000, 0x0000000087100000| Untracked 
|  30|0x0000000087200000, 0x0000000087200000, 0x0000000087300000|  0%| F|  |TAMS 0x0000000087200000, 0x0000000087200000| Untracked 
|  31|0x0000000087300000, 0x0000000087300000, 0x0000000087400000|  0%| F|  |TAMS 0x0000000087300000, 0x0000000087300000| Untracked 
|  32|0x0000000087400000, 0x0000000087400000, 0x0000000087500000|  0%| F|  |TAMS 0x0000000087400000, 0x0000000087400000| Untracked 
|  33|0x0000000087500000, 0x0000000087500000, 0x0000000087600000|  0%| F|  |TAMS 0x0000000087500000, 0x0000000087500000| Untracked 
|  34|0x0000000087600000, 0x0000000087600000, 0x0000000087700000|  0%| F|  |TAMS 0x0000000087600000, 0x0000000087600000| Untracked 
|  35|0x0000000087700000, 0x0000000087700000, 0x0000000087800000|  0%| F|  |TAMS 0x0000000087700000, 0x0000000087700000| Untracked 
|  36|0x0000000087800000, 0x0000000087800000, 0x0000000087900000|  0%| F|  |TAMS 0x0000000087800000, 0x0000000087800000| Untracked 
|  37|0x0000000087900000, 0x0000000087900000, 0x0000000087a00000|  0%| F|  |TAMS 0x0000000087900000, 0x0000000087900000| Untracked 
|  38|0x0000000087a00000, 0x0000000087a00000, 0x0000000087b00000|  0%| F|  |TAMS 0x0000000087a00000, 0x0000000087a00000| Untracked 
|  39|0x0000000087b00000, 0x0000000087b00000, 0x0000000087c00000|  0%| F|  |TAMS 0x0000000087b00000, 0x0000000087b00000| Untracked 
|  40|0x0000000087c00000, 0x0000000087c00000, 0x0000000087d00000|  0%| F|  |TAMS 0x0000000087c00000, 0x0000000087c00000| Untracked 
|  41|0x0000000087d00000, 0x0000000087d00000, 0x0000000087e00000|  0%| F|  |TAMS 0x0000000087d00000, 0x0000000087d00000| Untracked 
|  42|0x0000000087e00000, 0x0000000087e00000, 0x0000000087f00000|  0%| F|  |TAMS 0x0000000087e00000, 0x0000000087e00000| Untracked 
|  43|0x0000000087f00000, 0x0000000087f00000, 0x0000000088000000|  0%| F|  |TAMS 0x0000000087f00000, 0x0000000087f00000| Untracked 
|  44|0x0000000088000000, 0x0000000088000000, 0x0000000088100000|  0%| F|  |TAMS 0x0000000088000000, 0x0000000088000000| Untracked 
|  45|0x0000000088100000, 0x0000000088100000, 0x0000000088200000|  0%| F|  |TAMS 0x0000000088100000, 0x0000000088100000| Untracked 
|  46|0x0000000088200000, 0x0000000088200000, 0x0000000088300000|  0%| F|  |TAMS 0x0000000088200000, 0x0000000088200000| Untracked 
|  47|0x0000000088300000, 0x0000000088300000, 0x0000000088400000|  0%| F|  |TAMS 0x0000000088300000, 0x0000000088300000| Untracked 
|  48|0x0000000088400000, 0x0000000088400000, 0x0000000088500000|  0%| F|  |TAMS 0x0000000088400000, 0x0000000088400000| Untracked 
|  49|0x0000000088500000, 0x0000000088500000, 0x0000000088600000|  0%| F|  |TAMS 0x0000000088500000, 0x0000000088500000| Untracked 
|  50|0x0000000088600000, 0x0000000088600000, 0x0000000088700000|  0%| F|  |TAMS 0x0000000088600000, 0x0000000088600000| Untracked 
|  51|0x0000000088700000, 0x0000000088700000, 0x0000000088800000|  0%| F|  |TAMS 0x0000000088700000, 0x0000000088700000| Untracked 
|  52|0x0000000088800000, 0x0000000088800000, 0x0000000088900000|  0%| F|  |TAMS 0x0000000088800000, 0x0000000088800000| Untracked 
|  53|0x0000000088900000, 0x0000000088900000, 0x0000000088a00000|  0%| F|  |TAMS 0x0000000088900000, 0x0000000088900000| Untracked 
|  54|0x0000000088a00000, 0x0000000088a00000, 0x0000000088b00000|  0%| F|  |TAMS 0x0000000088a00000, 0x0000000088a00000| Untracked 
|  55|0x0000000088b00000, 0x0000000088b00000, 0x0000000088c00000|  0%| F|  |TAMS 0x0000000088b00000, 0x0000000088b00000| Untracked 
|  56|0x0000000088c00000, 0x0000000088c00000, 0x0000000088d00000|  0%| F|  |TAMS 0x0000000088c00000, 0x0000000088c00000| Untracked 
|  57|0x0000000088d00000, 0x0000000088d00000, 0x0000000088e00000|  0%| F|  |TAMS 0x0000000088d00000, 0x0000000088d00000| Untracked 
|  58|0x0000000088e00000, 0x0000000088e00000, 0x0000000088f00000|  0%| F|  |TAMS 0x0000000088e00000, 0x0000000088e00000| Untracked 
|  59|0x0000000088f00000, 0x0000000088f00000, 0x0000000089000000|  0%| F|  |TAMS 0x0000000088f00000, 0x0000000088f00000| Untracked 
|  60|0x0000000089000000, 0x0000000089000000, 0x0000000089100000|  0%| F|  |TAMS 0x0000000089000000, 0x0000000089000000| Untracked 
|  61|0x0000000089100000, 0x0000000089100000, 0x0000000089200000|  0%| F|  |TAMS 0x0000000089100000, 0x0000000089100000| Untracked 
|  62|0x0000000089200000, 0x0000000089200000, 0x0000000089300000|  0%| F|  |TAMS 0x0000000089200000, 0x0000000089200000| Untracked 
|  63|0x0000000089300000, 0x0000000089300000, 0x0000000089400000|  0%| F|  |TAMS 0x0000000089300000, 0x0000000089300000| Untracked 
|  64|0x0000000089400000, 0x0000000089400000, 0x0000000089500000|  0%| F|  |TAMS 0x0000000089400000, 0x0000000089400000| Untracked 
|  65|0x0000000089500000, 0x0000000089500000, 0x0000000089600000|  0%| F|  |TAMS 0x0000000089500000, 0x0000000089500000| Untracked 
|  66|0x0000000089600000, 0x0000000089600000, 0x0000000089700000|  0%| F|  |TAMS 0x0000000089600000, 0x0000000089600000| Untracked 
|  67|0x0000000089700000, 0x0000000089700000, 0x0000000089800000|  0%| F|  |TAMS 0x0000000089700000, 0x0000000089700000| Untracked 
|  68|0x0000000089800000, 0x0000000089800000, 0x0000000089900000|  0%| F|  |TAMS 0x0000000089800000, 0x0000000089800000| Untracked 
|  69|0x0000000089900000, 0x0000000089900000, 0x0000000089a00000|  0%| F|  |TAMS 0x0000000089900000, 0x0000000089900000| Untracked 
|  70|0x0000000089a00000, 0x0000000089a00000, 0x0000000089b00000|  0%| F|  |TAMS 0x0000000089a00000, 0x0000000089a00000| Untracked 
|  71|0x0000000089b00000, 0x0000000089b00000, 0x0000000089c00000|  0%| F|  |TAMS 0x0000000089b00000, 0x0000000089b00000| Untracked 
|  72|0x0000000089c00000, 0x0000000089c00000, 0x0000000089d00000|  0%| F|  |TAMS 0x0000000089c00000, 0x0000000089c00000| Untracked 
|  73|0x0000000089d00000, 0x0000000089d00000, 0x0000000089e00000|  0%| F|  |TAMS 0x0000000089d00000, 0x0000000089d00000| Untracked 
|  74|0x0000000089e00000, 0x0000000089e00000, 0x0000000089f00000|  0%| F|  |TAMS 0x0000000089e00000, 0x0000000089e00000| Untracked 
|  75|0x0000000089f00000, 0x0000000089f00000, 0x000000008a000000|  0%| F|  |TAMS 0x0000000089f00000, 0x0000000089f00000| Untracked 
|  76|0x000000008a000000, 0x000000008a000000, 0x000000008a100000|  0%| F|  |TAMS 0x000000008a000000, 0x000000008a000000| Untracked 
|  77|0x000000008a100000, 0x000000008a100000, 0x000000008a200000|  0%| F|  |TAMS 0x000000008a100000, 0x000000008a100000| Untracked 
|  78|0x000000008a200000, 0x000000008a200000, 0x000000008a300000|  0%| F|  |TAMS 0x000000008a200000, 0x000000008a200000| Untracked 
|  79|0x000000008a300000, 0x000000008a300000, 0x000000008a400000|  0%| F|  |TAMS 0x000000008a300000, 0x000000008a300000| Untracked 
|  80|0x000000008a400000, 0x000000008a400000, 0x000000008a500000|  0%| F|  |TAMS 0x000000008a400000, 0x000000008a400000| Untracked 
|  81|0x000000008a500000, 0x000000008a500000, 0x000000008a600000|  0%| F|  |TAMS 0x000000008a500000, 0x000000008a500000| Untracked 
|  82|0x000000008a600000, 0x000000008a600000, 0x000000008a700000|  0%| F|  |TAMS 0x000000008a600000, 0x000000008a600000| Untracked 
|  83|0x000000008a700000, 0x000000008a700000, 0x000000008a800000|  0%| F|  |TAMS 0x000000008a700000, 0x000000008a700000| Untracked 
|  84|0x000000008a800000, 0x000000008a800000, 0x000000008a900000|  0%| F|  |TAMS 0x000000008a800000, 0x000000008a800000| Untracked 
|  85|0x000000008a900000, 0x000000008a900000, 0x000000008aa00000|  0%| F|  |TAMS 0x000000008a900000, 0x000000008a900000| Untracked 
|  86|0x000000008aa00000, 0x000000008aa00000, 0x000000008ab00000|  0%| F|  |TAMS 0x000000008aa00000, 0x000000008aa00000| Untracked 
|  87|0x000000008ab00000, 0x000000008ab00000, 0x000000008ac00000|  0%| F|  |TAMS 0x000000008ab00000, 0x000000008ab00000| Untracked 
|  88|0x000000008ac00000, 0x000000008ac00000, 0x000000008ad00000|  0%| F|  |TAMS 0x000000008ac00000, 0x000000008ac00000| Untracked 
|  89|0x000000008ad00000, 0x000000008ad00000, 0x000000008ae00000|  0%| F|  |TAMS 0x000000008ad00000, 0x000000008ad00000| Untracked 
|  90|0x000000008ae00000, 0x000000008ae00000, 0x000000008af00000|  0%| F|  |TAMS 0x000000008ae00000, 0x000000008ae00000| Untracked 
|  91|0x000000008af00000, 0x000000008af00000, 0x000000008b000000|  0%| F|  |TAMS 0x000000008af00000, 0x000000008af00000| Untracked 
|  92|0x000000008b000000, 0x000000008b000000, 0x000000008b100000|  0%| F|  |TAMS 0x000000008b000000, 0x000000008b000000| Untracked 
|  93|0x000000008b100000, 0x000000008b100000, 0x000000008b200000|  0%| F|  |TAMS 0x000000008b100000, 0x000000008b100000| Untracked 
|  94|0x000000008b200000, 0x000000008b200000, 0x000000008b300000|  0%| F|  |TAMS 0x000000008b200000, 0x000000008b200000| Untracked 
|  95|0x000000008b300000, 0x000000008b300000, 0x000000008b400000|  0%| F|  |TAMS 0x000000008b300000, 0x000000008b300000| Untracked 
|  96|0x000000008b400000, 0x000000008b400000, 0x000000008b500000|  0%| F|  |TAMS 0x000000008b400000, 0x000000008b400000| Untracked 
|  97|0x000000008b500000, 0x000000008b500000, 0x000000008b600000|  0%| F|  |TAMS 0x000000008b500000, 0x000000008b500000| Untracked 
|  98|0x000000008b600000, 0x000000008b600000, 0x000000008b700000|  0%| F|  |TAMS 0x000000008b600000, 0x000000008b600000| Untracked 
|  99|0x000000008b700000, 0x000000008b700000, 0x000000008b800000|  0%| F|  |TAMS 0x000000008b700000, 0x000000008b700000| Untracked 
| 100|0x000000008b800000, 0x000000008b800000, 0x000000008b900000|  0%| F|  |TAMS 0x000000008b800000, 0x000000008b800000| Untracked 
| 101|0x000000008b900000, 0x000000008b900000, 0x000000008ba00000|  0%| F|  |TAMS 0x000000008b900000, 0x000000008b900000| Untracked 
| 102|0x000000008ba00000, 0x000000008ba00000, 0x000000008bb00000|  0%| F|  |TAMS 0x000000008ba00000, 0x000000008ba00000| Untracked 
| 103|0x000000008bb00000, 0x000000008bb00000, 0x000000008bc00000|  0%| F|  |TAMS 0x000000008bb00000, 0x000000008bb00000| Untracked 
| 104|0x000000008bc00000, 0x000000008bc00000, 0x000000008bd00000|  0%| F|  |TAMS 0x000000008bc00000, 0x000000008bc00000| Untracked 
| 105|0x000000008bd00000, 0x000000008bd00000, 0x000000008be00000|  0%| F|  |TAMS 0x000000008bd00000, 0x000000008bd00000| Untracked 
| 106|0x000000008be00000, 0x000000008be00000, 0x000000008bf00000|  0%| F|  |TAMS 0x000000008be00000, 0x000000008be00000| Untracked 
| 107|0x000000008bf00000, 0x000000008bf00000, 0x000000008c000000|  0%| F|  |TAMS 0x000000008bf00000, 0x000000008bf00000| Untracked 
| 108|0x000000008c000000, 0x000000008c100000, 0x000000008c100000|100%| E|CS|TAMS 0x000000008c000000, 0x000000008c000000| Complete 
| 109|0x000000008c100000, 0x000000008c200000, 0x000000008c200000|100%| E|CS|TAMS 0x000000008c100000, 0x000000008c100000| Complete 
| 110|0x000000008c200000, 0x000000008c200000, 0x000000008c300000|  0%| F|  |TAMS 0x000000008c200000, 0x000000008c200000| Untracked 
| 111|0x000000008c300000, 0x000000008c3618e0, 0x000000008c400000| 38%| S|  |TAMS 0x000000008c300000, 0x000000008c300000| Complete 
| 112|0x000000008c400000, 0x000000008c500000, 0x000000008c500000|100%| E|CS|TAMS 0x000000008c400000, 0x000000008c400000| Complete 
| 113|0x000000008c500000, 0x000000008c600000, 0x000000008c600000|100%| E|CS|TAMS 0x000000008c500000, 0x000000008c500000| Complete 
| 114|0x000000008c600000, 0x000000008c700000, 0x000000008c700000|100%| E|CS|TAMS 0x000000008c600000, 0x000000008c600000| Complete 
| 115|0x000000008c700000, 0x000000008c800000, 0x000000008c800000|100%| E|CS|TAMS 0x000000008c700000, 0x000000008c700000| Complete 
| 116|0x000000008c800000, 0x000000008c900000, 0x000000008c900000|100%| E|CS|TAMS 0x000000008c800000, 0x000000008c800000| Complete 
| 117|0x000000008c900000, 0x000000008ca00000, 0x000000008ca00000|100%| E|CS|TAMS 0x000000008c900000, 0x000000008c900000| Complete 
| 118|0x000000008ca00000, 0x000000008cb00000, 0x000000008cb00000|100%| E|CS|TAMS 0x000000008ca00000, 0x000000008ca00000| Complete 
| 119|0x000000008cb00000, 0x000000008cc00000, 0x000000008cc00000|100%| E|CS|TAMS 0x000000008cb00000, 0x000000008cb00000| Complete 
| 120|0x000000008cc00000, 0x000000008cd00000, 0x000000008cd00000|100%| E|CS|TAMS 0x000000008cc00000, 0x000000008cc00000| Complete 
| 121|0x000000008cd00000, 0x000000008ce00000, 0x000000008ce00000|100%| E|CS|TAMS 0x000000008cd00000, 0x000000008cd00000| Complete 
| 122|0x000000008ce00000, 0x000000008cf00000, 0x000000008cf00000|100%| E|CS|TAMS 0x000000008ce00000, 0x000000008ce00000| Complete 
| 123|0x000000008cf00000, 0x000000008d000000, 0x000000008d000000|100%| E|CS|TAMS 0x000000008cf00000, 0x000000008cf00000| Complete 
|1962|0x00000000ffe00000, 0x00000000ffe47000, 0x00000000fff00000| 27%|OA|  |TAMS 0x00000000ffe00000, 0x00000000ffe00000| Untracked 
|1963|0x00000000fff00000, 0x00000000fff6a000, 0x0000000100000000| 41%|CA|  |TAMS 0x00000000fff00000, 0x00000000fff00000| Untracked 

Card table byte_map: [0x00007fcf35329000,0x00007fcf356ff000] _byte_map_base: 0x00007fcf34eff000

Marking Bits (Prev, Next): (CMBitMap*) 0x00007fcf30057868, (CMBitMap*) 0x00007fcf300578a0
 Prev Bits: [0x00007fcf12150000, 0x00007fcf14000000)
 Next Bits: [0x00007fcf102a0000, 0x00007fcf12150000)

Polling page: 0x00007fcf3a010000

Metaspace:

Usage:
  Non-class:      8.80 MB capacity,     8.53 MB ( 97%) used,   221.18 KB (  2%) free+waste,    52.94 KB ( <1%) overhead. 
      Class:      1.27 MB capacity,     1.02 MB ( 81%) used,   220.91 KB ( 17%) free+waste,    29.62 KB (  2%) overhead. 
       Both:     10.06 MB capacity,     9.55 MB ( 95%) used,   442.09 KB (  4%) free+waste,    82.56 KB ( <1%) overhead. 

Virtual space:
  Non-class space:       10.00 MB reserved,       9.00 MB ( 90%) committed 
      Class space:        1.00 GB reserved,       1.38 MB ( <1%) committed 
             Both:        1.01 GB reserved,      10.38 MB (  1%) committed 

Chunk freelists:
   Non-Class:  81.00 KB
       Class:  16.00 KB
        Both:  97.00 KB

MaxMetaspaceSize: unlimited
CompressedClassSpaceSize: 1.00 GB

CodeHeap 'non-profiled nmethods': size=120032Kb used=585Kb max_used=585Kb free=119446Kb
 bounds [0x00007fcf203d5000, 0x00007fcf20645000, 0x00007fcf2790d000]
CodeHeap 'profiled nmethods': size=120032Kb used=3139Kb max_used=3139Kb free=116892Kb
 bounds [0x00007fcf18e9d000, 0x00007fcf191bd000, 0x00007fcf203d5000]
CodeHeap 'non-nmethods': size=5696Kb used=1251Kb max_used=1276Kb free=4444Kb
 bounds [0x00007fcf1890d000, 0x00007fcf18b7d000, 0x00007fcf18e9d000]
 total_blobs=2738 nmethods=1712 adapters=555
 compilation: enabled
              stopped_count=0, restarted_count=0
 full_count=0

Compilation events (20 events):
Event: 1.630 Thread 0x00007fcf30123800 nmethod 1702 0x00007fcf191a9d90 code [0x00007fcf191a9f40, 0x00007fcf191aa0d0]
Event: 1.633 Thread 0x00007fcee0368800 1703   !   4       sun.java2d.SunGraphics2D::validateCompClip (186 bytes)
Event: 1.639 Thread 0x00007fcf30123800 1705       3       java.awt.Component::isDisplayable (13 bytes)
Event: 1.639 Thread 0x00007fcf30121800 1704       4       sun.java2d.SunGraphics2D::setFont (105 bytes)
Event: 1.639 Thread 0x00007fcf30123800 nmethod 1705 0x00007fcf191aa190 code [0x00007fcf191aa340, 0x00007fcf191aa510]
Event: 1.639 Thread 0x00007fcf30123800 1706       3       sun.awt.EventQueueItem::<init> (10 bytes)
Event: 1.639 Thread 0x00007fcf30123800 nmethod 1706 0x00007fcf191aa590 code [0x00007fcf191aa740, 0x00007fcf191aa970]
Event: 1.641 Thread 0x00007fcf30121800 nmethod 1704 0x00007fcf20465b10 code [0x00007fcf20465ca0, 0x00007fcf20465e78]
Event: 1.643 Thread 0x00007fcf30123800 1709       3       javax.swing.JComponent::adjustPaintFlags (93 bytes)
Event: 1.644 Thread 0x00007fcf30123800 nmethod 1709 0x00007fcf191aaa10 code [0x00007fcf191aac60, 0x00007fcf191ab930]
Event: 1.644 Thread 0x00007fcf30123800 1707       3       java.util.IdentityHashMap$IdentityHashMapIterator::<init> (63 bytes)
Event: 1.645 Thread 0x00007fcf30123800 nmethod 1707 0x00007fcf191abc10 code [0x00007fcf191abde0, 0x00007fcf191ac0f0]
Event: 1.645 Thread 0x00007fcf30123800 1708   !   3       javax.swing.RepaintManager::endPaint (72 bytes)
Event: 1.646 Thread 0x00007fcf30123800 nmethod 1708 0x00007fcf191ac210 code [0x00007fcf191ac400, 0x00007fcf191acd98]
Event: 1.646 Thread 0x00007fcf30123800 1711       3       sun.awt.SunToolkit::isInstanceOf (21 bytes)
Event: 1.646 Thread 0x00007fcf30123800 nmethod 1711 0x00007fcf191acf90 code [0x00007fcf191ad160, 0x00007fcf191ad3a8]
Event: 1.646 Thread 0x00007fcf30123800 1710   !   3       javax.swing.RepaintManager::beginPaint (81 bytes)
Event: 1.646 Thread 0x00007fcf30123800 nmethod 1710 0x00007fcf191ad490 code [0x00007fcf191ad680, 0x00007fcf191adc58]
Event: 1.647 Thread 0x00007fcee0368800 nmethod 1703 0x00007fcf20465f10 code [0x00007fcf204660e0, 0x00007fcf204667d8]
Event: 1.651 Thread 0x00007fcf30121800 1712  s    4       java.awt.geom.Path2D$Float::lineTo (58 bytes)

GC Heap History (3 events):
Event: 0.891 GC heap before
{Heap before GC invocations=0 (full 0):
 garbage-first heap   total 129024K, used 15044K [0x0000000085400000, 0x0000000100000000)
  region size 1024K, 14 young (14336K), 0 survivors (0K)
 Metaspace       used 8955K, capacity 9498K, committed 9728K, reserved 1058816K
  class space    used 1012K, capacity 1264K, committed 1280K, reserved 1048576K
}
Event: 0.908 GC heap after
{Heap after GC invocations=1 (full 0):
 garbage-first heap   total 129024K, used 3251K [0x0000000085400000, 0x0000000100000000)
  region size 1024K, 2 young (2048K), 2 survivors (2048K)
 Metaspace       used 8955K, capacity 9498K, committed 9728K, reserved 1058816K
  class space    used 1012K, capacity 1264K, committed 1280K, reserved 1048576K
}
Event: 1.655 GC heap before
{Heap before GC invocations=1 (full 0):
 garbage-first heap   total 129024K, used 15539K [0x0000000085400000, 0x0000000100000000)
  region size 1024K, 14 young (14336K), 2 survivors (2048K)
 Metaspace       used 9778K, capacity 10303K, committed 10624K, reserved 1058816K
  class space    used 1045K, capacity 1296K, committed 1408K, reserved 1048576K
}

Deoptimization events (20 events):
Event: 0.915 Thread 0x00007fcf304f4800 DEOPT PACKING pc=0x00007fcf203e28b4 sp=0x00007fcecb0e5df0
Event: 0.915 Thread 0x00007fcf304f4800 DEOPT UNPACKING pc=0x00007fcf189359a5 sp=0x00007fcecb0e5d38 mode 2
Event: 0.915 Thread 0x00007fcf304f4800 Uncommon trap: trap_request=0xffffff4d fr.pc=0x00007fcf203e4288 relative=0x0000000000000068
Event: 0.915 Thread 0x00007fcf304f4800 Uncommon trap: reason=unstable_if action=reinterpret pc=0x00007fcf203e4288 method=java.lang.String.isLatin1()Z @ 10 c2
Event: 0.915 Thread 0x00007fcf304f4800 DEOPT PACKING pc=0x00007fcf203e4288 sp=0x00007fcecb0e5d80
Event: 0.915 Thread 0x00007fcf304f4800 DEOPT UNPACKING pc=0x00007fcf189359a5 sp=0x00007fcecb0e5d30 mode 2
Event: 0.932 Thread 0x00007fcf304f4800 Uncommon trap: trap_request=0xffffff4d fr.pc=0x00007fcf20426e64 relative=0x0000000000000044
Event: 0.932 Thread 0x00007fcf304f4800 Uncommon trap: reason=unstable_if action=reinterpret pc=0x00007fcf20426e64 method=java.lang.CharacterData.of(I)Ljava/lang/CharacterData; @ 4 c2
Event: 0.932 Thread 0x00007fcf304f4800 DEOPT PACKING pc=0x00007fcf20426e64 sp=0x00007fcecb0e5d90
Event: 0.932 Thread 0x00007fcf304f4800 DEOPT UNPACKING pc=0x00007fcf189359a5 sp=0x00007fcecb0e5d48 mode 2
Event: 1.124 Thread 0x00007fcf30280800 DEOPT PACKING pc=0x00007fcf190925d1 sp=0x00007fcecacae960
Event: 1.124 Thread 0x00007fcf30280800 DEOPT UNPACKING pc=0x00007fcf189357ba sp=0x00007fcecacade68 mode 0
Event: 1.283 Thread 0x00007fcf302a1800 Uncommon trap: trap_request=0xffffff4d fr.pc=0x00007fcf20452750 relative=0x0000000000000110
Event: 1.283 Thread 0x00007fcf302a1800 Uncommon trap: reason=unstable_if action=reinterpret pc=0x00007fcf20452750 method=java.lang.StrictMath.floorOrCeil(DDDD)D @ 115 c2
Event: 1.283 Thread 0x00007fcf302a1800 DEOPT PACKING pc=0x00007fcf20452750 sp=0x00007fcecb3ed520
Event: 1.283 Thread 0x00007fcf302a1800 DEOPT UNPACKING pc=0x00007fcf189359a5 sp=0x00007fcecb3ed4b8 mode 2
Event: 1.518 Thread 0x00007fcf304f4800 Uncommon trap: trap_request=0xffffffcc fr.pc=0x00007fcf20462078 relative=0x00000000000002b8
Event: 1.518 Thread 0x00007fcf304f4800 Uncommon trap: reason=intrinsic_or_type_checked_inlining action=make_not_entrant pc=0x00007fcf20462078 method=java.util.Arrays.copyOf([Ljava/lang/Object;ILjava/lang/Class;)[Ljava/lang/Object; @ 35 c2
Event: 1.518 Thread 0x00007fcf304f4800 DEOPT PACKING pc=0x00007fcf20462078 sp=0x00007fcecb0e7190
Event: 1.518 Thread 0x00007fcf304f4800 DEOPT UNPACKING pc=0x00007fcf189359a5 sp=0x00007fcecb0e7138 mode 2

Classes redefined (0 events):
No events

Internal exceptions (20 events):
Event: 0.375 Thread 0x00007fcf30016800 Exception <a 'java/lang/NoSuchMethodError'{0x000000008ccca428}: 'void java.lang.invoke.DirectMethodHandle$Holder.invokeSpecial(java.lang.Object, java.lang.Object)'> (0x000000008ccca428) thrown at [./src/hotspot/share/interpreter/linkResolver.cpp, line 773]
Event: 0.410 Thread 0x00007fcf30016800 Exception <a 'java/lang/NoSuchMethodError'{0x000000008cbd8fd0}: 'java.lang.Object java.lang.invoke.DirectMethodHandle$Holder.invokeStatic(java.lang.Object, int, java.lang.Object, java.lang.Object, java.lang.Object, java.lang.Object)'> (0x000000008cbd8fd0) thrown at [./src/hotspot/share/interpreter/linkResolver.cpp, line 773]
Event: 0.411 Thread 0x00007fcf30016800 Exception <a 'java/lang/NoSuchMethodError'{0x000000008cbe0090}: 'java.lang.Object java.lang.invoke.DirectMethodHandle$Holder.invokeStatic(java.lang.Object, int, java.lang.Object, java.lang.Object, java.lang.Object)'> (0x000000008cbe0090) thrown at [./src/hotspot/share/interpreter/linkResolver.cpp, line 773]
Event: 0.411 Thread 0x00007fcf30016800 Exception <a 'java/lang/NoSuchMethodError'{0x000000008cbe3bd8}: 'java.lang.Object java.lang.invoke.DirectMethodHandle$Holder.invokeSpecial(java.lang.Object, java.lang.Object, int, java.lang.Object, java.lang.Object, java.lang.Object)'> (0x000000008cbe3bd8) thrown at [./src/hotspot/share/interpreter/linkResolver.cpp, line 773]
Event: 0.416 Thread 0x00007fcf30016800 Exception <a 'java/lang/NoSuchMethodError'{0x000000008cbfb488}: 'java.lang.Object java.lang.invoke.DirectMethodHandle$Holder.invokeStatic(java.lang.Object, int, java.lang.Object)'> (0x000000008cbfb488) thrown at [./src/hotspot/share/interpreter/linkResolver.cpp, line 773]
Event: 0.451 Thread 0x00007fcf30016800 Exception <a 'java/lang/NoSuchMethodError'{0x000000008caed150}: 'java.lang.Object java.lang.invoke.Invokers$Holder.linkToTargetMethod(java.lang.Object, int, java.lang.Object)'> (0x000000008caed150) thrown at [./src/hotspot/share/interpreter/linkResolver.cpp, line 773]
Event: 0.465 Thread 0x00007fcf30016800 Exception <a 'java/lang/ClassNotFoundException'{0x000000008c92de80}: com/sun/swing/internal/plaf/metal/resources/spi/metalProvider> (0x000000008c92de80) thrown at [./src/hotspot/share/classfile/systemDictionary.cpp, line 231]
Event: 0.467 Thread 0x00007fcf30016800 Exception <a 'java/lang/ClassNotFoundException'{0x000000008c932230}: com/sun/swing/internal/plaf/basic/resources/spi/basicProvider> (0x000000008c932230) thrown at [./src/hotspot/share/classfile/systemDictionary.cpp, line 231]
Event: 0.501 Thread 0x00007fcf30016800 Exception <a 'java/lang/NoSuchMethodError'{0x000000008c984c70}: 'void java.lang.invoke.DirectMethodHandle$Holder.invokeStaticInit(java.lang.Object)'> (0x000000008c984c70) thrown at [./src/hotspot/share/interpreter/linkResolver.cpp, line 773]
Event: 0.515 Thread 0x00007fcf30016800 Exception <a 'java/lang/NoSuchMethodError'{0x000000008c9c1460}: 'java.lang.Object java.lang.invoke.DirectMethodHandle$Holder.invokeStatic(java.lang.Object, java.lang.Object, java.lang.Object, java.lang.Object, java.lang.Object, java.lang.Object, java.lang.Object, java.lang.Object, java.lang.Object, java.lang.Object, java.lang.Object, java.lang.Object, java.lang.Object, int)'> (0x000000008c9c1460) thrown at [./src/hotspot/share/interpreter/linkResolver.cpp, line 773]
Event: 0.517 Thread 0x00007fcf30016800 Exception <a 'java/lang/NoSuchMethodError'{0x000000008c9cde58}: 'java.lang.Object java.lang.invoke.DirectMethodHandle$Holder.invokeStatic(java.lang.Object, java.lang.Object, java.lang.Object, java.lang.Object, java.lang.Object, java.lang.Object, java.lang.Object, java.lang.Object, java.lang.Object, java.lang.Object, java.lang.Object, java.lang.Object, java.lang.Object, int, int)'> (0x000000008c9cde58) thrown at [./src/hotspot/share/interpreter/linkResolver.cpp, line 773]
Event: 0.615 Thread 0x00007fcf304f4800 Exception <a 'java/lang/NoSuchMethodError'{0x000000008c763eb0}: 'java.lang.Object java.lang.invoke.DirectMethodHandle$Holder.invokeSpecial(java.lang.Object, java.lang.Object, int, int, java.lang.Object, java.lang.Object, java.lang.Object, java.lang.Object, java.lang.Object)'> (0x000000008c763eb0) thrown at [./src/hotspot/share/interpreter/linkResolver.cpp, line 773]
Event: 0.615 Thread 0x00007fcf304f4800 Exception <a 'java/lang/NoSuchMethodError'{0x000000008c767b40}: 'java.lang.Object java.lang.invoke.DelegatingMethodHandle$Holder.reinvoke_L(java.lang.Object, int, int, java.lang.Object, java.lang.Object, java.lang.Object, java.lang.Object, java.lang.Object)'> (0x000000008c767b40) thrown at [./src/hotspot/share/interpreter/linkResolver.cpp, line 773]
Event: 0.636 Thread 0x00007fcf304f4800 Exception <a 'java/lang/NoSuchMethodError'{0x000000008c60b2e8}: 'java.lang.Object java.lang.invoke.Invokers$Holder.linkToTargetMethod(java.lang.Object, java.lang.Object, java.lang.Object, java.lang.Object, java.lang.Object, java.lang.Object)'> (0x000000008c60b2e8) thrown at [./src/hotspot/share/interpreter/linkResolver.cpp, line 773]
Event: 0.644 Thread 0x00007fcf304f4800 Exception <a 'java/lang/NoSuchMethodError'{0x000000008c6781f8}: 'java.lang.Object java.lang.invoke.DirectMethodHandle$Holder.invokeSpecial(java.lang.Object, java.lang.Object, int, int, java.lang.Object, java.lang.Object, java.lang.Object, java.lang.Object)'> (0x000000008c6781f8) thrown at [./src/hotspot/share/interpreter/linkResolver.cpp, line 773]
Event: 0.645 Thread 0x00007fcf304f4800 Exception <a 'java/lang/NoSuchMethodError'{0x000000008c67bbd8}: 'java.lang.Object java.lang.invoke.DelegatingMethodHandle$Holder.reinvoke_L(java.lang.Object, int, int, java.lang.Object, java.lang.Object, java.lang.Object, java.lang.Object)'> (0x000000008c67bbd8) thrown at [./src/hotspot/share/interpreter/linkResolver.cpp, line 773]
Event: 0.697 Thread 0x00007fcf304f4800 Exception <a 'java/lang/NoSuchMethodError'{0x000000008c5ef168}: 'java.lang.Object java.lang.invoke.DirectMethodHandle$Holder.invokeStatic(java.lang.Object, java.lang.Object, java.lang.Object, java.lang.Object, java.lang.Object, java.lang.Object, java.lang.Object, java.lang.Object, java.lang.Object, java.lang.Object, java.lang.Object, int)'> (0x000000008c5ef168) thrown at [./src/hotspot/share/interpreter/linkResolver.cpp, line 773]
Event: 0.700 Thread 0x00007fcf304f4800 Exception <a 'java/lang/NoSuchMethodError'{0x000000008c40da80}: 'java.lang.Object java.lang.invoke.DirectMethodHandle$Holder.invokeStatic(java.lang.Object, java.lang.Object, java.lang.Object, java.lang.Object, java.lang.Object, java.lang.Object, java.lang.Object, java.lang.Object, java.lang.Object, java.lang.Object, java.lang.Object, int, int)'> (0x000000008c40da80) thrown at [./src/hotspot/share/interpreter/linkResolver.cpp, line 773]
Event: 0.702 Thread 0x00007fcf304f4800 Exception <a 'java/lang/NoSuchMethodError'{0x000000008c42c508}: 'java.lang.Object java.lang.invoke.DirectMethodHandle$Holder.invokeStatic(java.lang.Object, java.lang.Object, java.lang.Object, java.lang.Object, java.lang.Object, java.lang.Object, java.lang.Object, java.lang.Object, java.lang.Object, java.lang.Object, java.lang.Object, int, int, java.lang.Object)'> (0x000000008c42c508) thrown at [./src/hotspot/share/interpreter/linkResolver.cpp, line 773]
Event: 0.705 Thread 0x00007fcf304f4800 Exception <a 'java/lang/NoSuchMethodError'{0x000000008c44c840}: 'java.lang.Object java.lang.invoke.DirectMethodHandle$Holder.invokeStatic(java.lang.Object, java.lang.Object, java.lang.Object, java.lang.Object, java.lang.Object, java.lang.Object, java.lang.Object, java.lang.Object, java.lang.Object, java.lang.Object, java.lang.Object, int, int, java.lang.Object, java.lang.Object)'> (0x000000008c44c840) thrown at [./src/hotspot/share/interpreter/linkResolver.cpp, line 773]

Events (20 events):
Event: 1.067 Executing VM operation: RevokeBias
Event: 1.067 Executing VM operation: RevokeBias done
Event: 1.067 Executing VM operation: RevokeBias
Event: 1.067 Executing VM operation: RevokeBias done
Event: 1.068 Executing VM operation: RevokeBias
Event: 1.068 Executing VM operation: RevokeBias done
Event: 1.072 Thread 0x00007fcf30280800 Thread added: 0x00007fcf30280800
Event: 1.072 Protecting memory [0x00007fcecabaf000,0x00007fcecabb3000] with protection modes 0
Event: 1.072 Thread 0x00007fcf30016800 Thread exited: 0x00007fcf30016800
Event: 1.072 Protecting memory [0x00007fcf39ef8000,0x00007fcf39efc000] with protection modes 0
Event: 1.072 Thread 0x00007fcf30016800 Thread added: 0x00007fcf30016800
Event: 1.123 Loaded shared library /usr/lib/jvm/java-11-openjdk-amd64/lib/server/libjvm.so
Event: 1.282 loading class sun/awt/X11/XMotionEvent
Event: 1.283 loading class sun/awt/X11/XMotionEvent done
Event: 1.349 Loaded shared library /usr/lib/jvm/java-11-openjdk-amd64/lib/libawt_xawt.so
Event: 1.399 Loaded shared library /usr/lib/jvm/java-11-openjdk-amd64/lib/libawt_xawt.so
Event: 1.500 Executing VM operation: ICBufferFull
Event: 1.500 Executing VM operation: ICBufferFull done
Event: 1.654 Loaded shared library /usr/lib/jvm/java-11-openjdk-amd64/lib/libawt_xawt.so
Event: 1.655 Executing VM operation: G1CollectForAllocation


Dynamic libraries:
85400000-8d000000 rw-p 00000000 00:00 0 
8d000000-ffe00000 ---p 00000000 00:00 0 
ffe00000-ffe47000 rw-p 0110b000 08:01 6293460                            /usr/lib/jvm/java-11-openjdk-amd64/lib/server/classes.jsa
ffe47000-fff00000 rw-p 00000000 00:00 0 
fff00000-fff6a000 rw-p 010a1000 08:01 6293460                            /usr/lib/jvm/java-11-openjdk-amd64/lib/server/classes.jsa
fff6a000-100000000 rw-p 00000000 00:00 0 
800000000-800002000 rwxp 00001000 08:01 6293460                          /usr/lib/jvm/java-11-openjdk-amd64/lib/server/classes.jsa
800002000-8003b8000 rw-p 00003000 08:01 6293460                          /usr/lib/jvm/java-11-openjdk-amd64/lib/server/classes.jsa
8003b8000-800a93000 r--p 003b9000 08:01 6293460                          /usr/lib/jvm/java-11-openjdk-amd64/lib/server/classes.jsa
800a93000-800a94000 rw-p 00a94000 08:01 6293460                          /usr/lib/jvm/java-11-openjdk-amd64/lib/server/classes.jsa
800a94000-8010a0000 r--p 00a95000 08:01 6293460                          /usr/lib/jvm/java-11-openjdk-amd64/lib/server/classes.jsa
840000000-840160000 rw-p 00000000 00:00 0 
840160000-880000000 ---p 00000000 00:00 0 
55d91eece000-55d91eecf000 r-xp 00000000 08:01 6160950                    /usr/lib/jvm/java-11-openjdk-amd64/bin/java
55d91f0cf000-55d91f0d0000 r--p 00001000 08:01 6160950                    /usr/lib/jvm/java-11-openjdk-amd64/bin/java
55d91f0d0000-55d91f0d1000 rw-p 00002000 08:01 6160950                    /usr/lib/jvm/java-11-openjdk-amd64/bin/java
55d920a8d000-55d920aae000 rw-p 00000000 00:00 0                          [heap]
7fce98000000-7fce98021000 rw-p 00000000 00:00 0 
7fce98021000-7fce9c000000 ---p 00000000 00:00 0 
7fce9c000000-7fce9c021000 rw-p 00000000 00:00 0 
7fce9c021000-7fcea0000000 ---p 00000000 00:00 0 
7fcea0000000-7fcea0021000 rw-p 00000000 00:00 0 
7fcea0021000-7fcea4000000 ---p 00000000 00:00 0 
7fcea4000000-7fcea4021000 rw-p 00000000 00:00 0 
7fcea4021000-7fcea8000000 ---p 00000000 00:00 0 
7fcea8000000-7fcea80e9000 rw-p 00000000 00:00 0 
7fcea80e9000-7fceac000000 ---p 00000000 00:00 0 
7fceac000000-7fceac021000 rw-p 00000000 00:00 0 
7fceac021000-7fceb0000000 ---p 00000000 00:00 0 
7fceb0000000-7fceb05b4000 rw-p 00000000 00:00 0 
7fceb05b4000-7fceb4000000 ---p 00000000 00:00 0 
7fceb4000000-7fceb4021000 rw-p 00000000 00:00 0 
7fceb4021000-7fceb8000000 ---p 00000000 00:00 0 
7fceb8000000-7fceb8021000 rw-p 00000000 00:00 0 
7fceb8021000-7fcebc000000 ---p 00000000 00:00 0 
7fcebc000000-7fcebc021000 rw-p 00000000 00:00 0 
7fcebc021000-7fcec0000000 ---p 00000000 00:00 0 
7fcec0000000-7fcec0021000 rw-p 00000000 00:00 0 
7fcec0021000-7fcec4000000 ---p 00000000 00:00 0 
7fcec4000000-7fcec4021000 rw-p 00000000 00:00 0 
7fcec4021000-7fcec8000000 ---p 00000000 00:00 0 
7fceca765000-7fceca766000 ---p 00000000 00:00 0 
7fceca766000-7fceca867000 rw-p 00000000 00:00 0 
7fceca867000-7fceca868000 ---p 00000000 00:00 0 
7fceca868000-7fceca969000 rw-p 00000000 00:00 0 
7fceca969000-7fceca96a000 ---p 00000000 00:00 0 
7fceca96a000-7fcecaa6b000 rw-p 00000000 00:00 0 
7fcecabaf000-7fcecabb3000 ---p 00000000 00:00 0 
7fcecabb3000-7fcecadb0000 rw-p 00000000 00:00 0 
7fcecadb0000-7fcecaeb0000 ---p 00000000 00:00 0 
7fcecaeea000-7fcecaeee000 ---p 00000000 00:00 0 
7fcecaeee000-7fcecafeb000 rw-p 00000000 00:00 0 
7fcecafeb000-7fcecafef000 ---p 00000000 00:00 0 
7fcecafef000-7fcecb0ec000 rw-p 00000000 00:00 0 
7fcecb0ec000-7fcecb0f0000 ---p 00000000 00:00 0 
7fcecb0f0000-7fcecb1ed000 rw-p 00000000 00:00 0 
7fcecb1ed000-7fcecb1f1000 ---p 00000000 00:00 0 
7fcecb1f1000-7fcecb2ee000 rw-p 00000000 00:00 0 
7fcecb2ee000-7fcecb2f2000 ---p 00000000 00:00 0 
7fcecb2f2000-7fcecb3ef000 rw-p 00000000 00:00 0 
7fcecb3ef000-7fcecb3f4000 r-xp 00000000 08:01 6037050                    /usr/lib/x86_64-linux-gnu/libXfixes.so.3.1.0
7fcecb3f4000-7fcecb5f3000 ---p 00005000 08:01 6037050                    /usr/lib/x86_64-linux-gnu/libXfixes.so.3.1.0
7fcecb5f3000-7fcecb5f4000 r--p 00004000 08:01 6037050                    /usr/lib/x86_64-linux-gnu/libXfixes.so.3.1.0
7fcecb5f4000-7fcecb5f5000 rw-p 00005000 08:01 6037050                    /usr/lib/x86_64-linux-gnu/libXfixes.so.3.1.0
7fcecb5f5000-7fcecb5fe000 r-xp 00000000 08:01 6037042                    /usr/lib/x86_64-linux-gnu/libXcursor.so.1.0.2
7fcecb5fe000-7fcecb7fd000 ---p 00009000 08:01 6037042                    /usr/lib/x86_64-linux-gnu/libXcursor.so.1.0.2
7fcecb7fd000-7fcecb7fe000 r--p 00008000 08:01 6037042                    /usr/lib/x86_64-linux-gnu/libXcursor.so.1.0.2
7fcecb7fe000-7fcecb7ff000 rw-p 00009000 08:01 6037042                    /usr/lib/x86_64-linux-gnu/libXcursor.so.1.0.2
7fcecb7ff000-7fcecb800000 ---p 00000000 00:00 0 
7fcecb800000-7fcecc000000 rw-p 00000000 00:00 0 
7fcecc000000-7fcecc021000 rw-p 00000000 00:00 0 
7fcecc021000-7fced0000000 ---p 00000000 00:00 0 
7fced0000000-7fced0021000 rw-p 00000000 00:00 0 
7fced0021000-7fced4000000 ---p 00000000 00:00 0 
7fced400d000-7fced4011000 ---p 00000000 00:00 0 
7fced4011000-7fced410e000 rw-p 00000000 00:00 0 
7fced410e000-7fced410f000 ---p 00000000 00:00 0 
7fced410f000-7fced490f000 rw-p 00000000 00:00 0 
7fced490f000-7fced4910000 ---p 00000000 00:00 0 
7fced4910000-7fced5110000 rw-p 00000000 00:00 0 
7fced5110000-7fced511c000 r-xp 00000000 08:01 6295025                    /usr/lib/x86_64-linux-gnu/gio/modules/libdconfsettings.so
7fced511c000-7fced531b000 ---p 0000c000 08:01 6295025                    /usr/lib/x86_64-linux-gnu/gio/modules/libdconfsettings.so
7fced531b000-7fced531c000 r--p 0000b000 08:01 6295025                    /usr/lib/x86_64-linux-gnu/gio/modules/libdconfsettings.so
7fced531c000-7fced531d000 rw-p 0000c000 08:01 6295025                    /usr/lib/x86_64-linux-gnu/gio/modules/libdconfsettings.so
7fced531d000-7fced5323000 r-xp 00000000 08:01 14423300                   /lib/x86_64-linux-gnu/libuuid.so.1.3.0
7fced5323000-7fced5522000 ---p 00006000 08:01 14423300                   /lib/x86_64-linux-gnu/libuuid.so.1.3.0
7fced5522000-7fced5523000 r--p 00005000 08:01 14423300                   /lib/x86_64-linux-gnu/libuuid.so.1.3.0
7fced5523000-7fced5524000 rw-p 00006000 08:01 14423300                   /lib/x86_64-linux-gnu/libuuid.so.1.3.0
7fced5524000-7fced556b000 r-xp 00000000 08:01 14423124                   /lib/x86_64-linux-gnu/libblkid.so.1.1.0
7fced556b000-7fced576b000 ---p 00047000 08:01 14423124                   /lib/x86_64-linux-gnu/libblkid.so.1.1.0
7fced576b000-7fced576f000 r--p 00047000 08:01 14423124                   /lib/x86_64-linux-gnu/libblkid.so.1.1.0
7fced576f000-7fced5770000 rw-p 0004b000 08:01 14423124                   /lib/x86_64-linux-gnu/libblkid.so.1.1.0
7fced5770000-7fced5771000 rw-p 00000000 00:00 0 
7fced5771000-7fced57e1000 r-xp 00000000 08:01 14423254                   /lib/x86_64-linux-gnu/libpcre.so.3.13.3
7fced57e1000-7fced59e1000 ---p 00070000 08:01 14423254                   /lib/x86_64-linux-gnu/libpcre.so.3.13.3
7fced59e1000-7fced59e2000 r--p 00070000 08:01 14423254                   /lib/x86_64-linux-gnu/libpcre.so.3.13.3
7fced59e2000-7fced59e3000 rw-p 00071000 08:01 14423254                   /lib/x86_64-linux-gnu/libpcre.so.3.13.3
7fced59e3000-7fced59ea000 r-xp 00000000 08:01 6037383                    /usr/lib/x86_64-linux-gnu/libffi.so.6.0.4
7fced59ea000-7fced5be9000 ---p 00007000 08:01 6037383                    /usr/lib/x86_64-linux-gnu/libffi.so.6.0.4
7fced5be9000-7fced5bea000 r--p 00006000 08:01 6037383                    /usr/lib/x86_64-linux-gnu/libffi.so.6.0.4
7fced5bea000-7fced5beb000 rw-p 00007000 08:01 6037383                    /usr/lib/x86_64-linux-gnu/libffi.so.6.0.4
7fced5beb000-7fced5c3c000 r-xp 00000000 08:01 14423201                   /lib/x86_64-linux-gnu/libmount.so.1.1.0
7fced5c3c000-7fced5e3b000 ---p 00051000 08:01 14423201                   /lib/x86_64-linux-gnu/libmount.so.1.1.0
7fced5e3b000-7fced5e3d000 r--p 00050000 08:01 14423201                   /lib/x86_64-linux-gnu/libmount.so.1.1.0
7fced5e3d000-7fced5e3e000 rw-p 00052000 08:01 14423201                   /lib/x86_64-linux-gnu/libmount.so.1.1.0
7fced5e3e000-7fced5e3f000 rw-p 00000000 00:00 0 
7fced5e3f000-7fced5e56000 r-xp 00000000 08:01 14423271                   /lib/x86_64-linux-gnu/libresolv-2.27.so
7fced5e56000-7fced6056000 ---p 00017000 08:01 14423271                   /lib/x86_64-linux-gnu/libresolv-2.27.so
7fced6056000-7fced6057000 r--p 00017000 08:01 14423271                   /lib/x86_64-linux-gnu/libresolv-2.27.so
7fced6057000-7fced6058000 rw-p 00018000 08:01 14423271                   /lib/x86_64-linux-gnu/libresolv-2.27.so
7fced6058000-7fced605a000 rw-p 00000000 00:00 0 
7fced605a000-7fced607f000 r-xp 00000000 08:01 14423277                   /lib/x86_64-linux-gnu/libselinux.so.1
7fced607f000-7fced627e000 ---p 00025000 08:01 14423277                   /lib/x86_64-linux-gnu/libselinux.so.1
7fced627e000-7fced627f000 r--p 00024000 08:01 14423277                   /lib/x86_64-linux-gnu/libselinux.so.1
7fced627f000-7fced6280000 rw-p 00025000 08:01 14423277                   /lib/x86_64-linux-gnu/libselinux.so.1
7fced6280000-7fced6282000 rw-p 00000000 00:00 0 
7fced6282000-7fced6396000 r-xp 00000000 08:01 6029658                    /usr/lib/x86_64-linux-gnu/libglib-2.0.so.0.5600.4
7fced6396000-7fced6596000 ---p 00114000 08:01 6029658                    /usr/lib/x86_64-linux-gnu/libglib-2.0.so.0.5600.4
7fced6596000-7fced6597000 r--p 00114000 08:01 6029658                    /usr/lib/x86_64-linux-gnu/libglib-2.0.so.0.5600.4
7fced6597000-7fced6598000 rw-p 00115000 08:01 6029658                    /usr/lib/x86_64-linux-gnu/libglib-2.0.so.0.5600.4
7fced6598000-7fced6599000 rw-p 00000000 00:00 0 
7fced6599000-7fced659c000 r-xp 00000000 08:01 6029681                    /usr/lib/x86_64-linux-gnu/libgmodule-2.0.so.0.5600.4
7fced659c000-7fced679b000 ---p 00003000 08:01 6029681                    /usr/lib/x86_64-linux-gnu/libgmodule-2.0.so.0.5600.4
7fced679b000-7fced679c000 r--p 00002000 08:01 6029681                    /usr/lib/x86_64-linux-gnu/libgmodule-2.0.so.0.5600.4
7fced679c000-7fced679d000 rw-p 00003000 08:01 6029681                    /usr/lib/x86_64-linux-gnu/libgmodule-2.0.so.0.5600.4
7fced679d000-7fced67ef000 r-xp 00000000 08:01 6029682                    /usr/lib/x86_64-linux-gnu/libgobject-2.0.so.0.5600.4
7fced67ef000-7fced69ef000 ---p 00052000 08:01 6029682                    /usr/lib/x86_64-linux-gnu/libgobject-2.0.so.0.5600.4
7fced69ef000-7fced69f0000 r--p 00052000 08:01 6029682                    /usr/lib/x86_64-linux-gnu/libgobject-2.0.so.0.5600.4
7fced69f0000-7fced69f1000 rw-p 00053000 08:01 6029682                    /usr/lib/x86_64-linux-gnu/libgobject-2.0.so.0.5600.4
7fced69f1000-7fced6b86000 r-xp 00000000 08:01 6029650                    /usr/lib/x86_64-linux-gnu/libgio-2.0.so.0.5600.4
7fced6b86000-7fced6d86000 ---p 00195000 08:01 6029650                    /usr/lib/x86_64-linux-gnu/libgio-2.0.so.0.5600.4
7fced6d86000-7fced6d8d000 r--p 00195000 08:01 6029650                    /usr/lib/x86_64-linux-gnu/libgio-2.0.so.0.5600.4
7fced6d8d000-7fced6d8e000 rw-p 0019c000 08:01 6029650                    /usr/lib/x86_64-linux-gnu/libgio-2.0.so.0.5600.4
7fced6d8e000-7fced6d90000 rw-p 00000000 00:00 0 
7fced6d90000-7fced6d9a000 r-xp 00000000 08:01 6037066                    /usr/lib/x86_64-linux-gnu/libXrandr.so.2.2.0
7fced6d9a000-7fced6f99000 ---p 0000a000 08:01 6037066                    /usr/lib/x86_64-linux-gnu/libXrandr.so.2.2.0
7fced6f99000-7fced6f9a000 r--p 00009000 08:01 6037066                    /usr/lib/x86_64-linux-gnu/libXrandr.so.2.2.0
7fced6f9a000-7fced6f9b000 rw-p 0000a000 08:01 6037066                    /usr/lib/x86_64-linux-gnu/libXrandr.so.2.2.0
7fced6f9b000-7fced6fcc000 r-xp 00000000 08:01 6037905                    /usr/lib/x86_64-linux-gnu/libpng16.so.16.34.0
7fced6fcc000-7fced71cb000 ---p 00031000 08:01 6037905                    /usr/lib/x86_64-linux-gnu/libpng16.so.16.34.0
7fced71cb000-7fced71cc000 r--p 00030000 08:01 6037905                    /usr/lib/x86_64-linux-gnu/libpng16.so.16.34.0
7fced71cc000-7fced71cd000 rw-p 00031000 08:01 6037905                    /usr/lib/x86_64-linux-gnu/libpng16.so.16.34.0
7fced71cd000-7fced727a000 r-xp 00000000 08:01 6037415                    /usr/lib/x86_64-linux-gnu/libfreetype.so.6.15.0
7fced727a000-7fced7479000 ---p 000ad000 08:01 6037415                    /usr/lib/x86_64-linux-gnu/libfreetype.so.6.15.0
7fced7479000-7fced7480000 r--p 000ac000 08:01 6037415                    /usr/lib/x86_64-linux-gnu/libfreetype.so.6.15.0
7fced7480000-7fced7481000 rw-p 000b3000 08:01 6037415                    /usr/lib/x86_64-linux-gnu/libfreetype.so.6.15.0
7fced7481000-7fced75b5000 r-xp 00000000 08:01 6293604                    /usr/lib/jvm/java-11-openjdk-amd64/lib/libfontmanager.so
7fced75b5000-7fced77b4000 ---p 00134000 08:01 6293604                    /usr/lib/jvm/java-11-openjdk-amd64/lib/libfontmanager.so
7fced77b4000-7fced77b5000 r--p 00133000 08:01 6293604                    /usr/lib/jvm/java-11-openjdk-amd64/lib/libfontmanager.so
7fced77b5000-7fced77b6000 rw-p 00134000 08:01 6293604                    /usr/lib/jvm/java-11-openjdk-amd64/lib/libfontmanager.so
7fced77b6000-7fced77b9000 rw-p 00000000 00:00 0 
7fced77b9000-7fced77cc000 r-xp 00000000 08:01 14423128                   /lib/x86_64-linux-gnu/libbsd.so.0.8.7
7fced77cc000-7fced79cb000 ---p 00013000 08:01 14423128                   /lib/x86_64-linux-gnu/libbsd.so.0.8.7
7fced79cb000-7fced79cc000 r--p 00012000 08:01 14423128                   /lib/x86_64-linux-gnu/libbsd.so.0.8.7
7fced79cc000-7fced79cd000 rw-p 00013000 08:01 14423128                   /lib/x86_64-linux-gnu/libbsd.so.0.8.7
7fced79cd000-7fced79ce000 rw-p 00000000 00:00 0 
7fced79ce000-7fced79d3000 r-xp 00000000 08:01 6037046                    /usr/lib/x86_64-linux-gnu/libXdmcp.so.6.0.0
7fced79d3000-7fced7bd2000 ---p 00005000 08:01 6037046                    /usr/lib/x86_64-linux-gnu/libXdmcp.so.6.0.0
7fced7bd2000-7fced7bd3000 r--p 00004000 08:01 6037046                    /usr/lib/x86_64-linux-gnu/libXdmcp.so.6.0.0
7fced7bd3000-7fced7bd4000 rw-p 00005000 08:01 6037046                    /usr/lib/x86_64-linux-gnu/libXdmcp.so.6.0.0
7fced7bd4000-7fced7bd6000 r-xp 00000000 08:01 6037035                    /usr/lib/x86_64-linux-gnu/libXau.so.6.0.0
7fced7bd6000-7fced7dd6000 ---p 00002000 08:01 6037035                    /usr/lib/x86_64-linux-gnu/libXau.so.6.0.0
7fced7dd6000-7fced7dd7000 r--p 00002000 08:01 6037035                    /usr/lib/x86_64-linux-gnu/libXau.so.6.0.0
7fced7dd7000-7fced7dd8000 rw-p 00003000 08:01 6037035                    /usr/lib/x86_64-linux-gnu/libXau.so.6.0.0
7fced7dd8000-7fced7dfe000 r-xp 00000000 08:01 6038248                    /usr/lib/x86_64-linux-gnu/libxcb.so.1.1.0
7fced7dfe000-7fced7ffe000 ---p 00026000 08:01 6038248                    /usr/lib/x86_64-linux-gnu/libxcb.so.1.1.0
7fced7ffe000-7fced7fff000 r--p 00026000 08:01 6038248                    /usr/lib/x86_64-linux-gnu/libxcb.so.1.1.0
7fced7fff000-7fced8000000 rw-p 00027000 08:01 6038248                    /usr/lib/x86_64-linux-gnu/libxcb.so.1.1.0
7fced8000000-7fced8021000 rw-p 00000000 00:00 0 
7fced8021000-7fcedc000000 ---p 00000000 00:00 0 
7fcedc000000-7fcedc021000 rw-p 00000000 00:00 0 
7fcedc021000-7fcee0000000 ---p 00000000 00:00 0 
7fcee0000000-7fcee0554000 rw-p 00000000 00:00 0 
7fcee0554000-7fcee4000000 ---p 00000000 00:00 0 
7fcee4000000-7fcee4021000 rw-p 00000000 00:00 0 
7fcee4021000-7fcee8000000 ---p 00000000 00:00 0 
7fcee8000000-7fcee8021000 rw-p 00000000 00:00 0 
7fcee8021000-7fceec000000 ---p 00000000 00:00 0 
7fceec000000-7fceec723000 rw-p 00000000 00:00 0 
7fceec723000-7fcef0000000 ---p 00000000 00:00 0 
7fcef0000000-7fcef0021000 rw-p 00000000 00:00 0 
7fcef0021000-7fcef4000000 ---p 00000000 00:00 0 
7fcef4000000-7fcef4021000 rw-p 00000000 00:00 0 
7fcef4021000-7fcef8000000 ---p 00000000 00:00 0 
7fcef8000000-7fcef8021000 rw-p 00000000 00:00 0 
7fcef8021000-7fcefc000000 ---p 00000000 00:00 0 
7fcefc000000-7fcefc021000 rw-p 00000000 00:00 0 
7fcefc021000-7fcf00000000 ---p 00000000 00:00 0 
7fcf00000000-7fcf00021000 rw-p 00000000 00:00 0 
7fcf00021000-7fcf04000000 ---p 00000000 00:00 0 
7fcf04000000-7fcf04021000 rw-p 00000000 00:00 0 
7fcf04021000-7fcf08000000 ---p 00000000 00:00 0 
7fcf0806b000-7fcf0807a000 r-xp 00000000 08:01 6037056                    /usr/lib/x86_64-linux-gnu/libXi.so.6.1.0
7fcf0807a000-7fcf08279000 ---p 0000f000 08:01 6037056                    /usr/lib/x86_64-linux-gnu/libXi.so.6.1.0
7fcf08279000-7fcf0827a000 r--p 0000e000 08:01 6037056                    /usr/lib/x86_64-linux-gnu/libXi.so.6.1.0
7fcf0827a000-7fcf0827b000 rw-p 0000f000 08:01 6037056                    /usr/lib/x86_64-linux-gnu/libXi.so.6.1.0
7fcf0827b000-7fcf08280000 r-xp 00000000 08:01 6037074                    /usr/lib/x86_64-linux-gnu/libXtst.so.6.1.0
7fcf08280000-7fcf0847f000 ---p 00005000 08:01 6037074                    /usr/lib/x86_64-linux-gnu/libXtst.so.6.1.0
7fcf0847f000-7fcf08480000 r--p 00004000 08:01 6037074                    /usr/lib/x86_64-linux-gnu/libXtst.so.6.1.0
7fcf08480000-7fcf08481000 rw-p 00005000 08:01 6037074                    /usr/lib/x86_64-linux-gnu/libXtst.so.6.1.0
7fcf08481000-7fcf0848a000 r-xp 00000000 08:01 6037068                    /usr/lib/x86_64-linux-gnu/libXrender.so.1.3.0
7fcf0848a000-7fcf08689000 ---p 00009000 08:01 6037068                    /usr/lib/x86_64-linux-gnu/libXrender.so.1.3.0
7fcf08689000-7fcf0868a000 r--p 00008000 08:01 6037068                    /usr/lib/x86_64-linux-gnu/libXrender.so.1.3.0
7fcf0868a000-7fcf0868b000 rw-p 00009000 08:01 6037068                    /usr/lib/x86_64-linux-gnu/libXrender.so.1.3.0
7fcf0868b000-7fcf087be000 r-xp 00000000 08:01 6037031                    /usr/lib/x86_64-linux-gnu/libX11.so.6.3.0
7fcf087be000-7fcf089be000 ---p 00133000 08:01 6037031                    /usr/lib/x86_64-linux-gnu/libX11.so.6.3.0
7fcf089be000-7fcf089bf000 r--p 00133000 08:01 6037031                    /usr/lib/x86_64-linux-gnu/libX11.so.6.3.0
7fcf089bf000-7fcf089c3000 rw-p 00134000 08:01 6037031                    /usr/lib/x86_64-linux-gnu/libX11.so.6.3.0
7fcf089c3000-7fcf089d4000 r-xp 00000000 08:01 6037048                    /usr/lib/x86_64-linux-gnu/libXext.so.6.4.0
7fcf089d4000-7fcf08bd3000 ---p 00011000 08:01 6037048                    /usr/lib/x86_64-linux-gnu/libXext.so.6.4.0
7fcf08bd3000-7fcf08bd4000 r--p 00010000 08:01 6037048                    /usr/lib/x86_64-linux-gnu/libXext.so.6.4.0
7fcf08bd4000-7fcf08bd5000 rw-p 00011000 08:01 6037048                    /usr/lib/x86_64-linux-gnu/libXext.so.6.4.0
7fcf08bd5000-7fcf08c34000 r-xp 00000000 08:01 6293601                    /usr/lib/jvm/java-11-openjdk-amd64/lib/libawt_xawt.so
7fcf08c34000-7fcf08e33000 ---p 0005f000 08:01 6293601                    /usr/lib/jvm/java-11-openjdk-amd64/lib/libawt_xawt.so
7fcf08e33000-7fcf08e34000 r--p 0005e000 08:01 6293601                    /usr/lib/jvm/java-11-openjdk-amd64/lib/libawt_xawt.so
7fcf08e34000-7fcf08e37000 rw-p 0005f000 08:01 6293601                    /usr/lib/jvm/java-11-openjdk-amd64/lib/libawt_xawt.so
7fcf08e37000-7fcf08e39000 rw-p 00000000 00:00 0 
7fcf08e39000-7fcf08ed7000 r-xp 00000000 08:01 6293599                    /usr/lib/jvm/java-11-openjdk-amd64/lib/libawt.so
7fcf08ed7000-7fcf090d7000 ---p 0009e000 08:01 6293599                    /usr/lib/jvm/java-11-openjdk-amd64/lib/libawt.so
7fcf090d7000-7fcf090d8000 r--p 0009e000 08:01 6293599                    /usr/lib/jvm/java-11-openjdk-amd64/lib/libawt.so
7fcf090d8000-7fcf090e3000 rw-p 0009f000 08:01 6293599                    /usr/lib/jvm/java-11-openjdk-amd64/lib/libawt.so
7fcf090e3000-7fcf09108000 rw-p 00000000 00:00 0 
7fcf09108000-7fcf0911e000 r-xp 00000000 08:01 6295716                    /usr/lib/jvm/java-11-openjdk-amd64/lib/libnet.so
7fcf0911e000-7fcf0931d000 ---p 00016000 08:01 6295716                    /usr/lib/jvm/java-11-openjdk-amd64/lib/libnet.so
7fcf0931d000-7fcf0931e000 r--p 00015000 08:01 6295716                    /usr/lib/jvm/java-11-openjdk-amd64/lib/libnet.so
7fcf0931e000-7fcf0931f000 rw-p 00016000 08:01 6295716                    /usr/lib/jvm/java-11-openjdk-amd64/lib/libnet.so
7fcf0931f000-7fcf0932f000 r-xp 00000000 08:01 6295717                    /usr/lib/jvm/java-11-openjdk-amd64/lib/libnio.so
7fcf0932f000-7fcf0952e000 ---p 00010000 08:01 6295717                    /usr/lib/jvm/java-11-openjdk-amd64/lib/libnio.so
7fcf0952e000-7fcf0952f000 r--p 0000f000 08:01 6295717                    /usr/lib/jvm/java-11-openjdk-amd64/lib/libnio.so
7fcf0952f000-7fcf09530000 rw-p 00010000 08:01 6295717                    /usr/lib/jvm/java-11-openjdk-amd64/lib/libnio.so
7fcf09530000-7fcf09534000 ---p 00000000 00:00 0 
7fcf09534000-7fcf09631000 rw-p 00000000 00:00 0 
7fcf09631000-7fcf0a000000 r--p 00000000 08:01 6035982                    /usr/lib/locale/locale-archive
7fcf0a000000-7fcf0c000000 rw-p 00000000 00:00 0 
7fcf0c000000-7fcf0c021000 rw-p 00000000 00:00 0 
7fcf0c021000-7fcf10000000 ---p 00000000 00:00 0 
7fcf1002d000-7fcf10038000 r--s 00000000 08:01 28573793                   /var/cache/fontconfig/945677eb7aeaf62f1d50efc3fb3ec7d8-le64.cache-7
7fcf10038000-7fcf1003d000 r--s 00000000 08:01 28573764                   /var/cache/fontconfig/2300eef321c393bfd76478a5c0e95b23-le64.cache-7
7fcf1003d000-7fcf1003e000 r--s 00000000 08:01 28573757                   /var/cache/fontconfig/0d8c3b2ac0904cb8a57a757ad11a4a08-le64.cache-7
7fcf1003e000-7fcf10053000 r--s 00000000 08:01 28573753                   /var/cache/fontconfig/04aabc0a78ac019cf9454389977116d2-le64.cache-7
7fcf10053000-7fcf10054000 r--s 00000000 08:01 28573761                   /var/cache/fontconfig/1ac9eb803944fde146138c791f5cc56a-le64.cache-7
7fcf10054000-7fcf10055000 r--s 00000000 08:01 28573812                   /var/cache/fontconfig/dc05db6664285cc2f12bf69c139ae4c3-le64.cache-7
7fcf10055000-7fcf10057000 r--s 00000000 08:01 28573758                   /var/cache/fontconfig/14a5e22175779b556eaa434240950366-le64.cache-7
7fcf10057000-7fcf10058000 r--s 00000000 08:01 28573785                   /var/cache/fontconfig/660208299946a285a940457d1287da33-le64.cache-7
7fcf10058000-7fcf1005a000 r--s 00000000 08:01 28573776                   /var/cache/fontconfig/4f3e3037c9980c83b53a9351efadef62-le64.cache-7
7fcf1005a000-7fcf1005c000 r--s 00000000 08:01 28573790                   /var/cache/fontconfig/767a8244fc0220cfb567a839d0392e0b-le64.cache-7
7fcf1005c000-7fcf1005d000 r--s 00000000 08:01 28573771                   /var/cache/fontconfig/4794a0821666d79190d59a36cb4f44b5-le64.cache-7
7fcf1005d000-7fcf1005f000 r--s 00000000 08:01 28573755                   /var/cache/fontconfig/0bd3dc0958fa2205aaaa8ebb13e2872b-le64.cache-7
7fcf1005f000-7fcf10064000 r--s 00000000 08:01 28573813                   /var/cache/fontconfig/def309198bfa603429122923fa2bb2d4-le64.cache-7
7fcf10064000-7fcf10065000 r--s 00000000 08:01 28573801                   /var/cache/fontconfig/b872e6e592da6075ffa4ab0a1fcc0c75-le64.cache-7
7fcf10065000-7fcf10066000 r--s 00000000 08:01 28573818                   /var/cache/fontconfig/f6d4eedfaab2589bde49f7a3ff831d22-le64.cache-7
7fcf10066000-7fcf10067000 r--s 00000000 08:01 28573783                   /var/cache/fontconfig/589f83ef4c36d296ce6e1c846f468f08-le64.cache-7
7fcf10067000-7fcf10068000 r--s 00000000 08:01 28573803                   /var/cache/fontconfig/bab58bb527bb656aaa9f116d68a48d89-le64.cache-7
7fcf10068000-7fcf10069000 r--s 00000000 08:01 28573762                   /var/cache/fontconfig/2171a34dccabdb6bcbbc728186263178-le64.cache-7
7fcf10069000-7fcf1006a000 r--s 00000000 08:01 28573804                   /var/cache/fontconfig/c5c45a61289222e0d30b1a26ef4effbe-le64.cache-7
7fcf1006a000-7fcf1006b000 r--s 00000000 08:01 28573799                   /var/cache/fontconfig/aec30016f93e1b46d1a973dce0d74068-le64.cache-7
7fcf1006b000-7fcf1006c000 r--s 00000000 08:01 28573769                   /var/cache/fontconfig/3f589640d34b7dc9042c8d453f7c8b9c-le64.cache-7
7fcf1006c000-7fcf1006d000 r--s 00000000 08:01 28573759                   /var/cache/fontconfig/16c2fda60d1b4b719f4b3d06fd951d25-le64.cache-7
7fcf1006d000-7fcf1006e000 r--s 00000000 08:01 28573798                   /var/cache/fontconfig/a48eab177a16e4f3713381162db2f3e9-le64.cache-7
7fcf1006e000-7fcf1006f000 r--s 00000000 08:01 28573779                   /var/cache/fontconfig/564b2e68ac9bc4e36a6f7f6d6125ec1c-le64.cache-7
7fcf1006f000-7fcf10074000 r--s 00000000 08:01 28573796                   /var/cache/fontconfig/9d2451b1fd30e5bffe8383fd27c35478-le64.cache-7
7fcf10074000-7fcf1007a000 r--s 00000000 08:01 28573765                   /var/cache/fontconfig/3047814df9a2f067bd2d96a2b9c36e5a-le64.cache-7
7fcf1007a000-7fcf1007b000 r--s 00000000 08:01 28573780                   /var/cache/fontconfig/56cf4f4769d0f4abc89a4895d7bd3ae1-le64.cache-7
7fcf1007b000-7fcf1007c000 r--s 00000000 08:01 28573802                   /var/cache/fontconfig/b9d506c9ac06c20b433354fa67a72993-le64.cache-7
7fcf1007c000-7fcf10082000 r--s 00000000 08:01 28573800                   /var/cache/fontconfig/b47c4e1ecd0709278f4910c18777a504-le64.cache-7
7fcf10082000-7fcf10095000 r--s 00000000 08:01 28573809                   /var/cache/fontconfig/d52a8644073d54c13679302ca1180695-le64.cache-7
7fcf10095000-7fcf10096000 r--s 00000000 08:01 28573767                   /var/cache/fontconfig/370e5b74bf5dafc30834de68e24a87a4-le64.cache-7
7fcf10096000-7fcf10097000 r--s 00000000 08:01 28573788                   /var/cache/fontconfig/6b2c5944714ca7831b25bed9e85cb5c8-le64.cache-7
7fcf10097000-7fcf10098000 r--s 00000000 08:01 28573808                   /var/cache/fontconfig/d5178ab6d91b49bf20a416737dcea9e8-le64.cache-7
7fcf10098000-7fcf1009b000 r--s 00000000 08:01 28573817                   /var/cache/fontconfig/f259c2cffa685e28062317905db73c4a-le64.cache-7
7fcf1009b000-7fcf1009d000 r--s 00000000 08:01 28573777                   /var/cache/fontconfig/550f3886151c940c12a5ed35f6a00586-le64.cache-7
7fcf1009d000-7fcf1009e000 ---p 00000000 00:00 0 
7fcf1009e000-7fcf1019f000 rw-p 00000000 00:00 0 
7fcf1019f000-7fcf101a3000 ---p 00000000 00:00 0 
7fcf101a3000-7fcf10490000 rw-p 00000000 00:00 0 
7fcf10490000-7fcf12148000 ---p 00000000 00:00 0 
7fcf12148000-7fcf12340000 rw-p 00000000 00:00 0 
7fcf12340000-7fcf13ff8000 ---p 00000000 00:00 0 
7fcf13ff8000-7fcf14000000 rw-p 00000000 00:00 0 
7fcf14000000-7fcf14021000 rw-p 00000000 00:00 0 
7fcf14021000-7fcf18000000 ---p 00000000 00:00 0 
7fcf18000000-7fcf1800c000 r--s 00000000 08:01 28584711                   /var/cache/fontconfig/d589a48862398ed80a3d6066f4f56f4c-le64.cache-7
7fcf1800c000-7fcf18010000 ---p 00000000 00:00 0 
7fcf18010000-7fcf1890d000 rw-p 00000000 00:00 0 
7fcf1890d000-7fcf18b7d000 rwxp 00000000 00:00 0 
7fcf18b7d000-7fcf18e9d000 ---p 00000000 00:00 0 
7fcf18e9d000-7fcf191bd000 rwxp 00000000 00:00 0 
7fcf191bd000-7fcf203d5000 ---p 00000000 00:00 0 
7fcf203d5000-7fcf20645000 rwxp 00000000 00:00 0 
7fcf20645000-7fcf2790d000 ---p 00000000 00:00 0 
7fcf2790d000-7fcf30000000 r--s 00000000 08:01 6295726                    /usr/lib/jvm/java-11-openjdk-amd64/lib/modules
7fcf30000000-7fcf30519000 rw-p 00000000 00:00 0 
7fcf30519000-7fcf34000000 ---p 00000000 00:00 0 
7fcf34000000-7fcf34001000 r--s 00000000 08:01 28573778                   /var/cache/fontconfig/551ecf3b0e8b0bca0f25c0944f561853-le64.cache-7
7fcf34001000-7fcf34004000 r--s 00000000 08:01 28573786                   /var/cache/fontconfig/674d1711f2d1d2a09646eb0bdcadee49-le64.cache-7
7fcf34004000-7fcf34005000 r--s 00000000 08:01 28573770                   /var/cache/fontconfig/3f7329c5293ffd510edef78f73874cfd-le64.cache-7
7fcf34005000-7fcf34006000 r--s 00000000 08:01 28573756                   /var/cache/fontconfig/0c9eb80ebd1c36541ebe2852d3bb0c49-le64.cache-7
7fcf34006000-7fcf34033000 r--p 00000000 08:01 7078838                    /usr/share/glib-2.0/schemas/gschemas.compiled
7fcf34033000-7fcf34064000 rw-p 00000000 00:00 0 
7fcf34064000-7fcf34068000 ---p 00000000 00:00 0 
7fcf34068000-7fcf34165000 rw-p 00000000 00:00 0 
7fcf34165000-7fcf34169000 ---p 00000000 00:00 0 
7fcf34169000-7fcf34266000 rw-p 00000000 00:00 0 
7fcf34266000-7fcf3426a000 ---p 00000000 00:00 0 
7fcf3426a000-7fcf34367000 rw-p 00000000 00:00 0 
7fcf34367000-7fcf3436b000 ---p 00000000 00:00 0 
7fcf3436b000-7fcf34468000 rw-p 00000000 00:00 0 
7fcf34468000-7fcf3446c000 ---p 00000000 00:00 0 
7fcf3446c000-7fcf34569000 rw-p 00000000 00:00 0 
7fcf34569000-7fcf3456a000 ---p 00000000 00:00 0 
7fcf3456a000-7fcf34747000 rw-p 00000000 00:00 0 
7fcf34747000-7fcf34748000 ---p 00000000 00:00 0 
7fcf34748000-7fcf34849000 rw-p 00000000 00:00 0 
7fcf34849000-7fcf3484a000 ---p 00000000 00:00 0 
7fcf3484a000-7fcf34d4f000 rw-p 00000000 00:00 0 
7fcf34d4f000-7fcf34d50000 ---p 00000000 00:00 0 
7fcf34d50000-7fcf34e51000 rw-p 00000000 00:00 0 
7fcf34e51000-7fcf34e52000 ---p 00000000 00:00 0 
7fcf34e52000-7fcf34f91000 rw-p 00000000 00:00 0 
7fcf34f91000-7fcf35328000 ---p 00000000 00:00 0 
7fcf35328000-7fcf35367000 rw-p 00000000 00:00 0 
7fcf35367000-7fcf356fe000 ---p 00000000 00:00 0 
7fcf356fe000-7fcf3573d000 rw-p 00000000 00:00 0 
7fcf3573d000-7fcf35ad4000 ---p 00000000 00:00 0 
7fcf35ad4000-7fcf35ed9000 rw-p 00000000 00:00 0 
7fcf35ed9000-7fcf35eda000 ---p 00000000 00:00 0 
7fcf35eda000-7fcf35fe0000 rw-p 00000000 00:00 0 
7fcf35fe0000-7fcf360c6000 ---p 00000000 00:00 0 
7fcf360c6000-7fcf360cd000 rw-p 00000000 00:00 0 
7fcf360cd000-7fcf361b1000 ---p 00000000 00:00 0 
7fcf361b1000-7fcf361b6000 r-xp 00000000 08:01 6295708                    /usr/lib/jvm/java-11-openjdk-amd64/lib/libjimage.so
7fcf361b6000-7fcf363b5000 ---p 00005000 08:01 6295708                    /usr/lib/jvm/java-11-openjdk-amd64/lib/libjimage.so
7fcf363b5000-7fcf363b6000 r--p 00004000 08:01 6295708                    /usr/lib/jvm/java-11-openjdk-amd64/lib/libjimage.so
7fcf363b6000-7fcf363b7000 rw-p 00005000 08:01 6295708                    /usr/lib/jvm/java-11-openjdk-amd64/lib/libjimage.so
7fcf363b7000-7fcf363be000 r-xp 00000000 08:01 6295725                    /usr/lib/jvm/java-11-openjdk-amd64/lib/libzip.so
7fcf363be000-7fcf365bd000 ---p 00007000 08:01 6295725                    /usr/lib/jvm/java-11-openjdk-amd64/lib/libzip.so
7fcf365bd000-7fcf365be000 r--p 00006000 08:01 6295725                    /usr/lib/jvm/java-11-openjdk-amd64/lib/libzip.so
7fcf365be000-7fcf365bf000 rw-p 00007000 08:01 6295725                    /usr/lib/jvm/java-11-openjdk-amd64/lib/libzip.so
7fcf365bf000-7fcf365ca000 r-xp 00000000 08:01 14423222                   /lib/x86_64-linux-gnu/libnss_files-2.27.so
7fcf365ca000-7fcf367c9000 ---p 0000b000 08:01 14423222                   /lib/x86_64-linux-gnu/libnss_files-2.27.so
7fcf367c9000-7fcf367ca000 r--p 0000a000 08:01 14423222                   /lib/x86_64-linux-gnu/libnss_files-2.27.so
7fcf367ca000-7fcf367cb000 rw-p 0000b000 08:01 14423222                   /lib/x86_64-linux-gnu/libnss_files-2.27.so
7fcf367cb000-7fcf367d1000 rw-p 00000000 00:00 0 
7fcf367d1000-7fcf367e8000 r-xp 00000000 08:01 14423216                   /lib/x86_64-linux-gnu/libnsl-2.27.so
7fcf367e8000-7fcf369e7000 ---p 00017000 08:01 14423216                   /lib/x86_64-linux-gnu/libnsl-2.27.so
7fcf369e7000-7fcf369e8000 r--p 00016000 08:01 14423216                   /lib/x86_64-linux-gnu/libnsl-2.27.so
7fcf369e8000-7fcf369e9000 rw-p 00017000 08:01 14423216                   /lib/x86_64-linux-gnu/libnsl-2.27.so
7fcf369e9000-7fcf369eb000 rw-p 00000000 00:00 0 
7fcf369eb000-7fcf369f6000 r-xp 00000000 08:01 14423233                   /lib/x86_64-linux-gnu/libnss_nis-2.27.so
7fcf369f6000-7fcf36bf5000 ---p 0000b000 08:01 14423233                   /lib/x86_64-linux-gnu/libnss_nis-2.27.so
7fcf36bf5000-7fcf36bf6000 r--p 0000a000 08:01 14423233                   /lib/x86_64-linux-gnu/libnss_nis-2.27.so
7fcf36bf6000-7fcf36bf7000 rw-p 0000b000 08:01 14423233                   /lib/x86_64-linux-gnu/libnss_nis-2.27.so
7fcf36bf7000-7fcf36bff000 r-xp 00000000 08:01 14423218                   /lib/x86_64-linux-gnu/libnss_compat-2.27.so
7fcf36bff000-7fcf36dff000 ---p 00008000 08:01 14423218                   /lib/x86_64-linux-gnu/libnss_compat-2.27.so
7fcf36dff000-7fcf36e00000 r--p 00008000 08:01 14423218                   /lib/x86_64-linux-gnu/libnss_compat-2.27.so
7fcf36e00000-7fcf36e01000 rw-p 00009000 08:01 14423218                   /lib/x86_64-linux-gnu/libnss_compat-2.27.so
7fcf36e01000-7fcf36e2a000 r-xp 00000000 08:01 6295704                    /usr/lib/jvm/java-11-openjdk-amd64/lib/libjava.so
7fcf36e2a000-7fcf37029000 ---p 00029000 08:01 6295704                    /usr/lib/jvm/java-11-openjdk-amd64/lib/libjava.so
7fcf37029000-7fcf3702a000 r--p 00028000 08:01 6295704                    /usr/lib/jvm/java-11-openjdk-amd64/lib/libjava.so
7fcf3702a000-7fcf3702c000 rw-p 00029000 08:01 6295704                    /usr/lib/jvm/java-11-openjdk-amd64/lib/libjava.so
7fcf3702c000-7fcf37039000 r-xp 00000000 08:01 6295724                    /usr/lib/jvm/java-11-openjdk-amd64/lib/libverify.so
7fcf37039000-7fcf37238000 ---p 0000d000 08:01 6295724                    /usr/lib/jvm/java-11-openjdk-amd64/lib/libverify.so
7fcf37238000-7fcf3723a000 r--p 0000c000 08:01 6295724                    /usr/lib/jvm/java-11-openjdk-amd64/lib/libverify.so
7fcf3723a000-7fcf3723b000 rw-p 0000e000 08:01 6295724                    /usr/lib/jvm/java-11-openjdk-amd64/lib/libverify.so
7fcf3723b000-7fcf37242000 r-xp 00000000 08:01 14423273                   /lib/x86_64-linux-gnu/librt-2.27.so
7fcf37242000-7fcf37441000 ---p 00007000 08:01 14423273                   /lib/x86_64-linux-gnu/librt-2.27.so
7fcf37441000-7fcf37442000 r--p 00006000 08:01 14423273                   /lib/x86_64-linux-gnu/librt-2.27.so
7fcf37442000-7fcf37443000 rw-p 00007000 08:01 14423273                   /lib/x86_64-linux-gnu/librt-2.27.so
7fcf37443000-7fcf3745a000 r-xp 00000000 08:01 14424006                   /lib/x86_64-linux-gnu/libgcc_s.so.1
7fcf3745a000-7fcf37659000 ---p 00017000 08:01 14424006                   /lib/x86_64-linux-gnu/libgcc_s.so.1
7fcf37659000-7fcf3765a000 r--p 00016000 08:01 14424006                   /lib/x86_64-linux-gnu/libgcc_s.so.1
7fcf3765a000-7fcf3765b000 rw-p 00017000 08:01 14424006                   /lib/x86_64-linux-gnu/libgcc_s.so.1
7fcf3765b000-7fcf377f8000 r-xp 00000000 08:01 14423195                   /lib/x86_64-linux-gnu/libm-2.27.so
7fcf377f8000-7fcf379f7000 ---p 0019d000 08:01 14423195                   /lib/x86_64-linux-gnu/libm-2.27.so
7fcf379f7000-7fcf379f8000 r--p 0019c000 08:01 14423195                   /lib/x86_64-linux-gnu/libm-2.27.so
7fcf379f8000-7fcf379f9000 rw-p 0019d000 08:01 14423195                   /lib/x86_64-linux-gnu/libm-2.27.so
7fcf379f9000-7fcf37b72000 r-xp 00000000 08:01 6029898                    /usr/lib/x86_64-linux-gnu/libstdc++.so.6.0.25
7fcf37b72000-7fcf37d72000 ---p 00179000 08:01 6029898                    /usr/lib/x86_64-linux-gnu/libstdc++.so.6.0.25
7fcf37d72000-7fcf37d7c000 r--p 00179000 08:01 6029898                    /usr/lib/x86_64-linux-gnu/libstdc++.so.6.0.25
7fcf37d7c000-7fcf37d7e000 rw-p 00183000 08:01 6029898                    /usr/lib/x86_64-linux-gnu/libstdc++.so.6.0.25
7fcf37d7e000-7fcf37d82000 rw-p 00000000 00:00 0 
7fcf37d82000-7fcf38e5f000 r-xp 00000000 08:01 6295729                    /usr/lib/jvm/java-11-openjdk-amd64/lib/server/libjvm.so
7fcf38e5f000-7fcf3905e000 ---p 010dd000 08:01 6295729                    /usr/lib/jvm/java-11-openjdk-amd64/lib/server/libjvm.so
7fcf3905e000-7fcf3911b000 r--p 010dc000 08:01 6295729                    /usr/lib/jvm/java-11-openjdk-amd64/lib/server/libjvm.so
7fcf3911b000-7fcf39155000 rw-p 01199000 08:01 6295729                    /usr/lib/jvm/java-11-openjdk-amd64/lib/server/libjvm.so
7fcf39155000-7fcf391ab000 rw-p 00000000 00:00 0 
7fcf391ab000-7fcf391c5000 r-xp 00000000 08:01 14423265                   /lib/x86_64-linux-gnu/libpthread-2.27.so
7fcf391c5000-7fcf393c4000 ---p 0001a000 08:01 14423265                   /lib/x86_64-linux-gnu/libpthread-2.27.so
7fcf393c4000-7fcf393c5000 r--p 00019000 08:01 14423265                   /lib/x86_64-linux-gnu/libpthread-2.27.so
7fcf393c5000-7fcf393c6000 rw-p 0001a000 08:01 14423265                   /lib/x86_64-linux-gnu/libpthread-2.27.so
7fcf393c6000-7fcf393ca000 rw-p 00000000 00:00 0 
7fcf393ca000-7fcf393cd000 r-xp 00000000 08:01 14423155                   /lib/x86_64-linux-gnu/libdl-2.27.so
7fcf393cd000-7fcf395cc000 ---p 00003000 08:01 14423155                   /lib/x86_64-linux-gnu/libdl-2.27.so
7fcf395cc000-7fcf395cd000 r--p 00002000 08:01 14423155                   /lib/x86_64-linux-gnu/libdl-2.27.so
7fcf395cd000-7fcf395ce000 rw-p 00003000 08:01 14423155                   /lib/x86_64-linux-gnu/libdl-2.27.so
7fcf395ce000-7fcf395ea000 r-xp 00000000 08:01 14423304                   /lib/x86_64-linux-gnu/libz.so.1.2.11
7fcf395ea000-7fcf397e9000 ---p 0001c000 08:01 14423304                   /lib/x86_64-linux-gnu/libz.so.1.2.11
7fcf397e9000-7fcf397ea000 r--p 0001b000 08:01 14423304                   /lib/x86_64-linux-gnu/libz.so.1.2.11
7fcf397ea000-7fcf397eb000 rw-p 0001c000 08:01 14423304                   /lib/x86_64-linux-gnu/libz.so.1.2.11
7fcf397eb000-7fcf399d2000 r-xp 00000000 08:01 14423132                   /lib/x86_64-linux-gnu/libc-2.27.so
7fcf399d2000-7fcf39bd2000 ---p 001e7000 08:01 14423132                   /lib/x86_64-linux-gnu/libc-2.27.so
7fcf39bd2000-7fcf39bd6000 r--p 001e7000 08:01 14423132                   /lib/x86_64-linux-gnu/libc-2.27.so
7fcf39bd6000-7fcf39bd8000 rw-p 001eb000 08:01 14423132                   /lib/x86_64-linux-gnu/libc-2.27.so
7fcf39bd8000-7fcf39bdc000 rw-p 00000000 00:00 0 
7fcf39bdc000-7fcf39bec000 r-xp 00000000 08:01 6293594                    /usr/lib/jvm/java-11-openjdk-amd64/lib/jli/libjli.so
7fcf39bec000-7fcf39deb000 ---p 00010000 08:01 6293594                    /usr/lib/jvm/java-11-openjdk-amd64/lib/jli/libjli.so
7fcf39deb000-7fcf39dec000 r--p 0000f000 08:01 6293594                    /usr/lib/jvm/java-11-openjdk-amd64/lib/jli/libjli.so
7fcf39dec000-7fcf39ded000 rw-p 00010000 08:01 6293594                    /usr/lib/jvm/java-11-openjdk-amd64/lib/jli/libjli.so
7fcf39ded000-7fcf39e14000 r-xp 00000000 08:01 14423104                   /lib/x86_64-linux-gnu/ld-2.27.so
7fcf39e14000-7fcf39e15000 r--s 00000000 08:01 28573763                   /var/cache/fontconfig/22368d551a680bfe5a62c02760edf4ea-le64.cache-7
7fcf39e15000-7fcf39e16000 r--s 00000000 08:01 28573775                   /var/cache/fontconfig/4d9c95eba1cb85bbcf2878543262124a-le64.cache-7
7fcf39e16000-7fcf39e17000 r--s 00000000 08:01 28573792                   /var/cache/fontconfig/85e0a52ce643a7ba2ae53e5d6949cead-le64.cache-7
7fcf39e17000-7fcf39e18000 r--s 00000000 08:01 28573772                   /var/cache/fontconfig/49f0de54bdd920fe4f0dfd4cbac43e6b-le64.cache-7
7fcf39e18000-7fcf39e19000 r--s 00000000 08:01 28573819                   /var/cache/fontconfig/f6e6e0a5c3d2f6ae0c0c2e0ecd42a997-le64.cache-7
7fcf39e19000-7fcf39e28000 r--s 00000000 08:01 28573795                   /var/cache/fontconfig/9b89f8e3dae116d678bbf48e5f21f69b-le64.cache-7
7fcf39e39000-7fcf39e40000 rw-s 00000000 00:01 32795                      /SYSV00000000 (deleted)
7fcf39e40000-7fcf39ef1000 rw-p 00000000 00:00 0 
7fcf39ef1000-7fcf39ef8000 ---p 00000000 00:00 0 
7fcf39ef8000-7fcf39efc000 ---p 00000000 00:00 0 
7fcf39efc000-7fcf39ffb000 rw-p 00000000 00:00 0 
7fcf39ffb000-7fcf39ffc000 r--s 00000000 08:01 28573773                   /var/cache/fontconfig/4b2eda6bb976bda485cb2176619421d5-le64.cache-7
7fcf39ffc000-7fcf39ffe000 r--s 00000000 08:01 28573787                   /var/cache/fontconfig/6afa1bb216ce958c1589e297e8008489-le64.cache-7
7fcf39ffe000-7fcf3a001000 r--s 00000000 08:01 28573814                   /var/cache/fontconfig/e13b20fdb08344e0e664864cc2ede53d-le64.cache-7
7fcf3a001000-7fcf3a005000 r--p 00000000 08:01 26489198                   /home/snehal/.config/dconf/user
7fcf3a005000-7fcf3a006000 r--s 00000000 00:34 39                         /run/user/1000/snap.eclipse/dconf/user
7fcf3a006000-7fcf3a008000 r--s 00007000 08:01 6425074                    /usr/share/java/java-atk-wrapper.jar
7fcf3a008000-7fcf3a010000 rw-s 00000000 08:01 58720758                   /tmp/hsperfdata_snehal/5589
7fcf3a010000-7fcf3a011000 ---p 00000000 00:00 0 
7fcf3a011000-7fcf3a012000 r--p 00000000 00:00 0 
7fcf3a012000-7fcf3a014000 rw-p 00000000 00:00 0 
7fcf3a014000-7fcf3a015000 r--p 00027000 08:01 14423104                   /lib/x86_64-linux-gnu/ld-2.27.so
7fcf3a015000-7fcf3a016000 rw-p 00028000 08:01 14423104                   /lib/x86_64-linux-gnu/ld-2.27.so
7fcf3a016000-7fcf3a017000 rw-p 00000000 00:00 0 
7ffe9b691000-7ffe9b6b2000 rw-p 00000000 00:00 0                          [stack]
7ffe9b710000-7ffe9b713000 r--p 00000000 00:00 0                          [vvar]
7ffe9b713000-7ffe9b714000 r-xp 00000000 00:00 0                          [vdso]
ffffffffff600000-ffffffffff601000 --xp 00000000 00:00 0                  [vsyscall]


VM Arguments:
jvm_args: -Dfile.encoding=UTF-8 
java_command: blackJackGame.playGame
java_class_path (initial): /home/snehal/BlackJack_phase2/BlackJack/bin1
Launcher Type: SUN_STANDARD

[Global flags]
     intx CICompilerCount                          = 3                                         {product} {ergonomic}
     uint ConcGCThreads                            = 1                                         {product} {ergonomic}
     uint G1ConcRefinementThreads                  = 4                                         {product} {ergonomic}
   size_t G1HeapRegionSize                         = 1048576                                   {product} {ergonomic}
    uintx GCDrainStackTargetSize                   = 64                                        {product} {ergonomic}
   size_t InitialHeapSize                          = 130023424                                 {product} {ergonomic}
   size_t MarkStackSize                            = 4194304                                   {product} {ergonomic}
   size_t MaxHeapSize                              = 2059403264                                {product} {ergonomic}
   size_t MaxNewSize                               = 1235222528                                {product} {ergonomic}
   size_t MinHeapDeltaBytes                        = 1048576                                   {product} {ergonomic}
    uintx NonNMethodCodeHeapSize                   = 5830732                                {pd product} {ergonomic}
    uintx NonProfiledCodeHeapSize                  = 122913754                              {pd product} {ergonomic}
    uintx ProfiledCodeHeapSize                     = 122913754                              {pd product} {ergonomic}
    uintx ReservedCodeCacheSize                    = 251658240                              {pd product} {ergonomic}
     bool SegmentedCodeCache                       = true                                      {product} {ergonomic}
     bool UseCompressedClassPointers               = true                                 {lp64_product} {ergonomic}
     bool UseCompressedOops                        = true                                 {lp64_product} {ergonomic}
     bool UseG1GC                                  = true                                      {product} {ergonomic}

Logging:
Log output configuration:
 #0: stdout all=warning uptime,level,tags
 #1: stderr all=off uptime,level,tags

Environment Variables:
PATH=/home/snehal/.local/bin:/usr/local/sbin:/usr/local/bin:/usr/sbin:/usr/bin:/sbin:/bin:/usr/games:/usr/local/games:/snap/bin
USERNAME=snehal
SHELL=/bin/bash
DISPLAY=:0

Signal Handlers:
SIGSEGV: [libjvm.so+0xdf8d00], sa_mask[0]=11111111011111111101111111111110, sa_flags=SA_RESTART|SA_SIGINFO
SIGBUS: [libjvm.so+0xdf8d00], sa_mask[0]=11111111011111111101111111111110, sa_flags=SA_RESTART|SA_SIGINFO
SIGFPE: [libjvm.so+0xdf8d00], sa_mask[0]=11111111011111111101111111111110, sa_flags=SA_RESTART|SA_SIGINFO
SIGPIPE: SIG_IGN, sa_mask[0]=00000000000010000000000000000000, sa_flags=SA_RESTART
SIGXFSZ: [libjvm.so+0xbcbc30], sa_mask[0]=11111111011111111101111111111110, sa_flags=SA_RESTART|SA_SIGINFO
SIGILL: [libjvm.so+0xdf8d00], sa_mask[0]=11111111011111111101111111111110, sa_flags=SA_RESTART|SA_SIGINFO
SIGUSR2: [libjvm.so+0xbcbad0], sa_mask[0]=00100000000000000000000000000000, sa_flags=SA_RESTART|SA_SIGINFO
SIGHUP: [libjvm.so+0xbcbe30], sa_mask[0]=11111111011111111101111111111110, sa_flags=SA_RESTART|SA_SIGINFO
SIGINT: [libjvm.so+0xbcbe30], sa_mask[0]=11111111011111111101111111111110, sa_flags=SA_RESTART|SA_SIGINFO
SIGTERM: [libjvm.so+0xbcbe30], sa_mask[0]=11111111011111111101111111111110, sa_flags=SA_RESTART|SA_SIGINFO
SIGQUIT: [libjvm.so+0xbcbe30], sa_mask[0]=11111111011111111101111111111110, sa_flags=SA_RESTART|SA_SIGINFO


---------------  S Y S T E M  ---------------

OS:DISTRIB_ID=Ubuntu
DISTRIB_RELEASE=18.04
DISTRIB_CODENAME=bionic
DISTRIB_DESCRIPTION="Ubuntu 18.04.4 LTS"
uname:Linux 5.3.0-46-generic #38~18.04.1-Ubuntu SMP Tue Mar 31 04:17:56 UTC 2020 x86_64
OS uptime: 0 days 1:20 hours
libc:glibc 2.27 NPTL 2.27 
rlimit: STACK 8192k, CORE 0k, NPROC 31204, NOFILE 1048576, AS infinity, CPU infinity, DATA infinity, FSIZE infinity
load average:1.47 0.95 0.83

/proc/meminfo:
MemTotal:        8037112 kB
MemFree:         2199972 kB
MemAvailable:    3775824 kB
Buffers:          198376 kB
Cached:          1967432 kB
SwapCached:            0 kB
Active:          4012028 kB
Inactive:        1285192 kB
Active(anon):    3365788 kB
Inactive(anon):   185884 kB
Active(file):     646240 kB
Inactive(file):  1099308 kB
Unevictable:      234132 kB
Mlocked:              80 kB
SwapTotal:       2097148 kB
SwapFree:        2097148 kB
Dirty:              1156 kB
Writeback:             0 kB
AnonPages:       3365536 kB
Mapped:           819044 kB
Shmem:            421800 kB
KReclaimable:     105172 kB
Slab:             161228 kB
SReclaimable:     105172 kB
SUnreclaim:        56056 kB
KernelStack:       16016 kB
PageTables:        64936 kB
NFS_Unstable:          0 kB
Bounce:                0 kB
WritebackTmp:          0 kB
CommitLimit:     6115704 kB
Committed_AS:    9246372 kB
VmallocTotal:   34359738367 kB
VmallocUsed:       30872 kB
VmallocChunk:          0 kB
Percpu:             2784 kB
HardwareCorrupted:     0 kB
AnonHugePages:         0 kB
ShmemHugePages:        0 kB
ShmemPmdMapped:        0 kB
CmaTotal:              0 kB
CmaFree:               0 kB
HugePages_Total:       0
HugePages_Free:        0
HugePages_Rsvd:        0
HugePages_Surp:        0
Hugepagesize:       2048 kB
Hugetlb:               0 kB
DirectMap4k:      182012 kB
DirectMap2M:     8091648 kB


/proc/sys/kernel/threads-max (system-wide limit on the number of threads):
62409


/proc/sys/vm/max_map_count (maximum number of memory map areas a process may have):
65530


/proc/sys/kernel/pid_max (system-wide limit on number of process identifiers):
32768



container (cgroup) information:
container_type: cgroupv1
cpu_cpuset_cpus: 0-3
cpu_memory_nodes: 0
active_processor_count: 4
cpu_quota: -1
cpu_period: 100000
cpu_shares: -1
memory_limit_in_bytes: -1
memory_and_swap_limit_in_bytes: -2
memory_soft_limit_in_bytes: -1
memory_usage_in_bytes: 5664169984
memory_max_usage_in_bytes: 0

Steal ticks since vm start: 0
Steal ticks percentage since vm start:  0.000

CPU:total 4 (initial active 4) (2 cores per cpu, 2 threads per core) family 6 model 58 stepping 9, cmov, cx8, fxsr, mmx, sse, sse2, sse3, ssse3, sse4.1, sse4.2, popcnt, avx, aes, clmul, erms, ht, tsc, tscinvbit, tscinv
CPU Model and flags from /proc/cpuinfo:
model name	: Intel(R) Core(TM) i7-3537U CPU @ 2.00GHz
flags		: fpu vme de pse tsc msr pae mce cx8 apic sep mtrr pge mca cmov pat pse36 clflush dts acpi mmx fxsr sse sse2 ss ht tm pbe syscall nx rdtscp lm constant_tsc arch_perfmon pebs bts rep_good nopl xtopology nonstop_tsc cpuid aperfmperf pni pclmulqdq dtes64 monitor ds_cpl vmx est tm2 ssse3 cx16 xtpr pdcm pcid sse4_1 sse4_2 x2apic popcnt tsc_deadline_timer aes xsave avx f16c rdrand lahf_lm cpuid_fault epb pti ssbd ibrs ibpb stibp tpr_shadow vnmi flexpriority ept vpid fsgsbase smep erms xsaveopt dtherm ida arat pln pts md_clear flush_l1d

Memory: 4k page, physical 8037112k(2199972k free), swap 2097148k(2097148k free)

vm_info: OpenJDK 64-Bit Server VM (11.0.7+10-post-Ubuntu-2ubuntu218.04) for linux-amd64 JRE (11.0.7+10-post-Ubuntu-2ubuntu218.04), built on Apr 15 2020 21:12:54 by "unknown" with gcc 7.5.0

END.
