#
# A fatal error has been detected by the Java Runtime Environment:
#
#  SIGSEGV (0xb) at pc=0x00007f32285fb7ae, pid=7088, tid=7131
#
# JRE version: OpenJDK Runtime Environment (11.0.7+10) (build 11.0.7+10-post-Ubuntu-2ubuntu218.04)
# Java VM: OpenJDK 64-Bit Server VM (11.0.7+10-post-Ubuntu-2ubuntu218.04, mixed mode, sharing, tiered, compressed oops, g1 gc, linux-amd64)
# Problematic frame:
# V  [libjvm.so+0x4397ae]
#
# Core dump will be written. Default location: Core dumps may be processed with "/usr/share/apport/apport %p %s %c %d %P %E" (or dumping to /home/snehal/BlackJack_phase2/BlackJack/core.7088)
#
# If you would like to submit a bug report, please visit:
#   https://bugs.launchpad.net/ubuntu/+source/openjdk-lts
#

---------------  S U M M A R Y ------------

Command Line: -Dfile.encoding=UTF-8 blackJackGame.playGame

Host: Intel(R) Core(TM) i7-3537U CPU @ 2.00GHz, 4 cores, 7G, Ubuntu 18.04.4 LTS
Time: Sat Apr 25 23:26:13 2020 EDT elapsed time: 35 seconds (0d 0h 0m 35s)

---------------  T H R E A D  ---------------

Current thread (0x00007f31d0376800):  JavaThread "C2 CompilerThread1" daemon [_thread_in_native, id=7131, stack(0x00007f31bb2eb000,0x00007f31bb3ec000)]


Current CompileTask:
C2:  35705 2613   !   4       javax.swing.JComponent::paint (409 bytes)

Stack: [0x00007f31bb2eb000,0x00007f31bb3ec000],  sp=0x00007f31bb3e72d0,  free space=1008k
Native frames: (J=compiled Java code, A=aot compiled Java code, j=interpreted, Vv=VM code, C=native code)
V  [libjvm.so+0x4397ae]
V  [libjvm.so+0xc32e10]
V  [libjvm.so+0xc32f68]
V  [libjvm.so+0xc33dba]
V  [libjvm.so+0xc34bb4]
V  [libjvm.so+0x5308f2]
V  [libjvm.so+0x5f03aa]
V  [libjvm.so+0x5f38c8]
V  [libjvm.so+0x509e50]
V  [libjvm.so+0x5fdb33]
V  [libjvm.so+0x5ff2d8]
V  [libjvm.so+0xd8918f]
V  [libjvm.so+0xd85acf]
V  [libjvm.so+0xbd59de]


siginfo: si_signo: 11 (SIGSEGV), si_code: 2 (SEGV_ACCERR), si_addr: 0x00007f3229605000

Register to memory mapping:

RAX=0x000000000000b78c is an unknown value
RBX=0x00007f31dc698720 points into unknown readable memory: a0 93 5a 29 32 7f 00 00
RCX=0x00000000295a93a0 is an unknown value
RDX=0x00007f32295a93a0: <offset 0x00000000013e73a0> in /usr/lib/jvm/java-11-openjdk-amd64/lib/server/libjvm.so at 0x00007f32281c2000
RSP=0x00007f31bb3e72d0 is pointing into the stack for thread: 0x00007f31d0376800
RBP=0x00007f31bb3e72e0 is pointing into the stack for thread: 0x00007f31d0376800
RSI=0x00007f319d367b30 points into unknown readable memory: 08 46 4b 29 32 7f 00 00
RDI=0x00000000295a93a0 is an unknown value
R8 =0x000000000000b78c is an unknown value
R9 =0x00007f319c1cd0e0 points into unknown readable memory: 60 09 24 d0 31 7f 00 00
R10=0x0000000000000003 is an unknown value
R11=0x00007f31dd13ce80 points into unknown readable memory: 78 58 4f 29 32 7f 00 00
R12=0x00007f31dc698720 points into unknown readable memory: a0 93 5a 29 32 7f 00 00
R13=0x00007f31dc6d8720 points into unknown readable memory: 50 ff 49 29 32 7f 00 00
R14=0x00007f31bb3e7a20 is pointing into the stack for thread: 0x00007f31d0376800
R15=0x00007f319c1cd0e0 points into unknown readable memory: 60 09 24 d0 31 7f 00 00


Registers:
RAX=0x000000000000b78c, RBX=0x00007f31dc698720, RCX=0x00000000295a93a0, RDX=0x00007f32295a93a0
RSP=0x00007f31bb3e72d0, RBP=0x00007f31bb3e72e0, RSI=0x00007f319d367b30, RDI=0x00000000295a93a0
R8 =0x000000000000b78c, R9 =0x00007f319c1cd0e0, R10=0x0000000000000003, R11=0x00007f31dd13ce80
R12=0x00007f31dc698720, R13=0x00007f31dc6d8720, R14=0x00007f31bb3e7a20, R15=0x00007f319c1cd0e0
RIP=0x00007f32285fb7ae, EFLAGS=0x0000000000010216, CSGSFS=0x002b000000000033, ERR=0x0000000000000004
  TRAPNO=0x000000000000000e

Top of Stack: (sp=0x00007f31bb3e72d0)
0x00007f31bb3e72d0:   0000000000000001 00007f319d367b30
0x00007f31bb3e72e0:   00007f31bb3e7340 00007f3228df4e10
0x00007f31bb3e72f0:   00007f31bb3ea0f8 00007f31dc6d8720
0x00007f31bb3e7300:   00007f31dd578d90 00007f319c1cd120 

Instructions: (pc=0x00007f32285fb7ae)
0x00007f32285fb6ae:   48 8b 3c c2 48 8b 07 48 8b 75 c8 ff 90 a0 00 00
0x00007f32285fb6be:   00 85 c0 74 d0 48 8d 15 7e 5d f6 00 41 03 06 41
0x00007f32285fb6ce:   83 ef 01 3b 02 76 bb 45 31 ff 48 83 c4 18 44 89
0x00007f32285fb6de:   f8 5b 41 5c 41 5d 41 5e 41 5f 5d c3 66 0f 1f 44
0x00007f32285fb6ee:   00 00 8b 47 28 85 c0 74 41 44 8d 40 ff 44 8b 4f
0x00007f32285fb6fe:   18 31 d2 49 83 c0 01 eb 12 66 0f 1f 84 00 00 00
0x00007f32285fb70e:   00 00 48 83 c2 01 49 39 d0 74 1f 31 c9 41 39 d1
0x00007f32285fb71e:   89 d0 76 08 48 8b 4f 20 48 8b 0c d1 48 39 ce 75
0x00007f32285fb72e:   e1 f3 c3 0f 1f 80 00 00 00 00 48 8d 05 29 4b f6
0x00007f32285fb73e:   00 55 48 8d 3d e9 c7 a4 00 be 8c 00 00 00 48 89
0x00007f32285fb74e:   e5 48 8b 00 c6 00 58 e8 06 7e 21 00 e8 c1 33 79
0x00007f32285fb75e:   00 31 c0 5d c3 90 66 90 66 2e 0f 1f 84 00 00 00
0x00007f32285fb76e:   00 00 55 48 89 e5 53 48 89 fb 48 83 ec 08 8b 47
0x00007f32285fb77e:   28 85 c0 74 4d 8d 48 ff 8b 7f 18 31 c0 48 83 c1
0x00007f32285fb78e:   01 eb 10 0f 1f 80 00 00 00 00 48 83 c0 01 48 39
0x00007f32285fb79e:   c8 74 2f 31 d2 39 c7 41 89 c0 76 08 48 8b 53 20
0x00007f32285fb7ae:   48 8b 14 c2 48 39 d6 75 e1 48 8d 7b 10 44 89 c6
0x00007f32285fb7be:   e8 ad 58 76 00 83 6b 28 01 48 83 c4 08 5b 5d c3
0x00007f32285fb7ce:   66 90 48 8d 05 91 4a f6 00 48 8d 3d 52 c7 a4 00
0x00007f32285fb7de:   be 8c 00 00 00 48 8b 00 c6 00 58 e8 72 7d 21 00
0x00007f32285fb7ee:   e8 2d 33 79 00 45 31 c0 eb bf 0f 1f 84 00 00 00
0x00007f32285fb7fe:   00 00 8b 57 28 55 48 89 e5 85 d2 74 2c 48 8b 47
0x00007f32285fb80e:   20 48 3b 30 74 2c 48 83 c0 08 83 ea 01 48 8d 14
0x00007f32285fb81e:   d0 eb 11 0f 1f 80 00 00 00 00 48 83 c0 08 48 3b
0x00007f32285fb82e:   70 f8 74 0e 48 39 d0 75 f1 31 c0 5d c3 0f 1f 44
0x00007f32285fb83e:   00 00 b8 01 00 00 00 5d c3 90 0f 1f 84 00 00 00
0x00007f32285fb84e:   00 00 44 8b 47 18 55 31 f6 48 89 e5 45 85 c0 74
0x00007f32285fb85e:   07 48 8b 47 20 48 8b 30 0f b7 56 2c 31 c0 80 fa
0x00007f32285fb86e:   e0 74 6e 83 e2 0f 66 83 fa 09 74 65 8b 47 28 8b
0x00007f32285fb87e:   76 18 8d 48 ff 85 c9 89 ca 0f 8e 8b 00 00 00 31
0x00007f32285fb88e:   c0 44 39 c1 72 54 0f b7 40 2c 83 e0 3f 66 83 f8
0x00007f32285fb89e:   2a 74 5e 83 fe 01 b8 02 00 00 00 76 34 48 63 f2 


Stack slot to memory mapping:
stack at sp + 0 slots: 0x0000000000000001 is an unknown value
stack at sp + 1 slots: 0x00007f319d367b30 points into unknown readable memory: 08 46 4b 29 32 7f 00 00
stack at sp + 2 slots: 0x00007f31bb3e7340 is pointing into the stack for thread: 0x00007f31d0376800
stack at sp + 3 slots: 0x00007f3228df4e10: <offset 0x0000000000c32e10> in /usr/lib/jvm/java-11-openjdk-amd64/lib/server/libjvm.so at 0x00007f32281c2000
stack at sp + 4 slots: 0x00007f31bb3ea0f8 is pointing into the stack for thread: 0x00007f31d0376800
stack at sp + 5 slots: 0x00007f31dc6d8720 points into unknown readable memory: 50 ff 49 29 32 7f 00 00
stack at sp + 6 slots: 0x00007f31dd578d90 points into unknown readable memory: 08 46 4b 29 32 7f 00 00
stack at sp + 7 slots: 0x00007f319c1cd120 points into unknown readable memory: 60 09 24 d0 31 7f 00 00


---------------  P R O C E S S  ---------------

Threads class SMR info:
_java_thread_list=0x00007f31d03e64f0, length=15, elements={
0x00007f3220110000, 0x00007f3220112000, 0x00007f3220117800, 0x00007f3220119800,
0x00007f322011b800, 0x00007f322011d800, 0x00007f322014d000, 0x00007f3220151800,
0x00007f322025e000, 0x00007f32202a9000, 0x00007f3220418800, 0x00007f322041c000,
0x00007f322043d000, 0x00007f3220016800, 0x00007f31d0376800
}

Java Threads: ( => current thread )
  0x00007f3220110000 JavaThread "Reference Handler" daemon [_thread_blocked, id=7101, stack(0x00007f32240a8000,0x00007f32241a9000)]
  0x00007f3220112000 JavaThread "Finalizer" daemon [_thread_blocked, id=7102, stack(0x00007f320880c000,0x00007f320890d000)]
  0x00007f3220117800 JavaThread "Signal Dispatcher" daemon [_thread_blocked, id=7103, stack(0x00007f320870b000,0x00007f320880c000)]
  0x00007f3220119800 JavaThread "C2 CompilerThread0" daemon [_thread_blocked, id=7104, stack(0x00007f320860a000,0x00007f320870b000)]
  0x00007f322011b800 JavaThread "C1 CompilerThread0" daemon [_thread_blocked, id=7105, stack(0x00007f3208509000,0x00007f320860a000)]
  0x00007f322011d800 JavaThread "Sweeper thread" daemon [_thread_blocked, id=7106, stack(0x00007f3208408000,0x00007f3208509000)]
  0x00007f322014d000 JavaThread "Service Thread" daemon [_thread_blocked, id=7107, stack(0x00007f3208307000,0x00007f3208408000)]
  0x00007f3220151800 JavaThread "Common-Cleaner" daemon [_thread_blocked, id=7109, stack(0x00007f3208104000,0x00007f3208205000)]
  0x00007f322025e000 JavaThread "Java2D Disposer" daemon [_thread_blocked, id=7113, stack(0x00007f3208003000,0x00007f3208104000)]
  0x00007f32202a9000 JavaThread "AWT-XAWT" daemon [_thread_in_native, id=7114, stack(0x00007f31f8054000,0x00007f31f8155000)]
  0x00007f3220418800 JavaThread "AWT-Shutdown" [_thread_blocked, id=7116, stack(0x00007f31c402b000,0x00007f31c412c000)]
  0x00007f322041c000 JavaThread "AWT-EventQueue-0" [_thread_in_Java, id=7117, stack(0x00007f31bb4f8000,0x00007f31bb5f9000)]
  0x00007f322043d000 JavaThread "Thread-0" [_thread_in_Java, id=7124, stack(0x00007f31bb1ea000,0x00007f31bb2eb000)]
  0x00007f3220016800 JavaThread "DestroyJavaVM" [_thread_blocked, id=7090, stack(0x00007f322a338000,0x00007f322a439000)]
=>0x00007f31d0376800 JavaThread "C2 CompilerThread1" daemon [_thread_in_native, id=7131, stack(0x00007f31bb2eb000,0x00007f31bb3ec000)]

Other Threads:
  0x00007f322010d000 VMThread "VM Thread" [stack: 0x00007f32241ab000,0x00007f32242ab000] [id=7100] _threads_hazard_ptr=0x00007f31d03e64f0
  0x00007f322014f800 WatcherThread [stack: 0x00007f3208207000,0x00007f3208307000] [id=7108]
  0x00007f322002f000 GCTaskThread "GC Thread#0" [stack: 0x00007f322631b000,0x00007f322641b000] [id=7092]
  0x00007f31ec039000 GCTaskThread "GC Thread#1" [stack: 0x00007f31bada6000,0x00007f31baea6000] [id=7120]
  0x00007f31ec03a000 GCTaskThread "GC Thread#2" [stack: 0x00007f31baca4000,0x00007f31bada4000] [id=7121]
  0x00007f31ec03b800 GCTaskThread "GC Thread#3" [stack: 0x00007f31baba2000,0x00007f31baca2000] [id=7122]
  0x00007f3220060000 ConcurrentGCThread "G1 Main Marker" [stack: 0x00007f3225293000,0x00007f3225393000] [id=7094]
  0x00007f3220062000 ConcurrentGCThread "G1 Conc#0" [stack: 0x00007f3225191000,0x00007f3225291000] [id=7096]
  0x00007f32200da000 ConcurrentGCThread "G1 Refine#0" [stack: 0x00007f3224c8b000,0x00007f3224d8b000] [id=7098]
  0x00007f32200dc000 ConcurrentGCThread "G1 Young RemSet Sampling" [stack: 0x00007f3224b89000,0x00007f3224c89000] [id=7099]

Threads with active compile tasks:
C2 CompilerThread0  35709 2637       4       javax.swing.RepaintManager::paint (93 bytes)
C2 CompilerThread1  35709 2613   !   4       javax.swing.JComponent::paint (409 bytes)

VM state:synchronizing (normal execution)

VM Mutex/Monitor currently owned by a thread:  ([mutex/lock_event])
[0x00007f32200127d0] Safepoint_lock - owner thread: 0x00007f322010d000
[0x00007f3220012860] Threads_lock - owner thread: 0x00007f322010d000

Heap address: 0x0000000085400000, size: 1964 MB, Compressed Oops mode: 32-bit
Narrow klass base: 0x0000000800000000, Narrow klass shift: 3
Compressed class space size: 1073741824 Address: 0x0000000840000000

Heap:
 garbage-first heap   total 129024K, used 40612K [0x0000000085400000, 0x0000000100000000)
  region size 1024K, 40 young (40960K), 3 survivors (3072K)
 Metaspace       used 10779K, capacity 11307K, committed 11648K, reserved 1058816K
  class space    used 1140K, capacity 1396K, committed 1408K, reserved 1048576K
Heap Regions: E=young(eden), S=young(survivor), O=old, HS=humongous(starts), HC=humongous(continues), CS=collection set, F=free, A=archive, TAMS=top-at-mark-start (previous, next)
|   0|0x0000000085400000, 0x0000000085469800, 0x0000000085500000| 41%| O|  |TAMS 0x0000000085400000, 0x0000000085400000| Untracked 
|   1|0x0000000085500000, 0x0000000085500000, 0x0000000085600000|  0%| F|  |TAMS 0x0000000085500000, 0x0000000085500000| Untracked 
|   2|0x0000000085600000, 0x0000000085600000, 0x0000000085700000|  0%| F|  |TAMS 0x0000000085600000, 0x0000000085600000| Untracked 
|   3|0x0000000085700000, 0x0000000085700000, 0x0000000085800000|  0%| F|  |TAMS 0x0000000085700000, 0x0000000085700000| Untracked 
|   4|0x0000000085800000, 0x0000000085800000, 0x0000000085900000|  0%| F|  |TAMS 0x0000000085800000, 0x0000000085800000| Untracked 
|   5|0x0000000085900000, 0x0000000085900000, 0x0000000085a00000|  0%| F|  |TAMS 0x0000000085900000, 0x0000000085900000| Untracked 
|   6|0x0000000085a00000, 0x0000000085a00000, 0x0000000085b00000|  0%| F|  |TAMS 0x0000000085a00000, 0x0000000085a00000| Untracked 
|   7|0x0000000085b00000, 0x0000000085b00000, 0x0000000085c00000|  0%| F|  |TAMS 0x0000000085b00000, 0x0000000085b00000| Untracked 
|   8|0x0000000085c00000, 0x0000000085c00000, 0x0000000085d00000|  0%| F|  |TAMS 0x0000000085c00000, 0x0000000085c00000| Untracked 
|   9|0x0000000085d00000, 0x0000000085d00000, 0x0000000085e00000|  0%| F|  |TAMS 0x0000000085d00000, 0x0000000085d00000| Untracked 
|  10|0x0000000085e00000, 0x0000000085e00000, 0x0000000085f00000|  0%| F|  |TAMS 0x0000000085e00000, 0x0000000085e00000| Untracked 
|  11|0x0000000085f00000, 0x0000000085f00000, 0x0000000086000000|  0%| F|  |TAMS 0x0000000085f00000, 0x0000000085f00000| Untracked 
|  12|0x0000000086000000, 0x0000000086000000, 0x0000000086100000|  0%| F|  |TAMS 0x0000000086000000, 0x0000000086000000| Untracked 
|  13|0x0000000086100000, 0x0000000086100000, 0x0000000086200000|  0%| F|  |TAMS 0x0000000086100000, 0x0000000086100000| Untracked 
|  14|0x0000000086200000, 0x0000000086200000, 0x0000000086300000|  0%| F|  |TAMS 0x0000000086200000, 0x0000000086200000| Untracked 
|  15|0x0000000086300000, 0x0000000086300000, 0x0000000086400000|  0%| F|  |TAMS 0x0000000086300000, 0x0000000086300000| Untracked 
|  16|0x0000000086400000, 0x0000000086400000, 0x0000000086500000|  0%| F|  |TAMS 0x0000000086400000, 0x0000000086400000| Untracked 
|  17|0x0000000086500000, 0x0000000086500000, 0x0000000086600000|  0%| F|  |TAMS 0x0000000086500000, 0x0000000086500000| Untracked 
|  18|0x0000000086600000, 0x0000000086600000, 0x0000000086700000|  0%| F|  |TAMS 0x0000000086600000, 0x0000000086600000| Untracked 
|  19|0x0000000086700000, 0x0000000086700000, 0x0000000086800000|  0%| F|  |TAMS 0x0000000086700000, 0x0000000086700000| Untracked 
|  20|0x0000000086800000, 0x0000000086800000, 0x0000000086900000|  0%| F|  |TAMS 0x0000000086800000, 0x0000000086800000| Untracked 
|  21|0x0000000086900000, 0x0000000086900000, 0x0000000086a00000|  0%| F|  |TAMS 0x0000000086900000, 0x0000000086900000| Untracked 
|  22|0x0000000086a00000, 0x0000000086a00000, 0x0000000086b00000|  0%| F|  |TAMS 0x0000000086a00000, 0x0000000086a00000| Untracked 
|  23|0x0000000086b00000, 0x0000000086b00000, 0x0000000086c00000|  0%| F|  |TAMS 0x0000000086b00000, 0x0000000086b00000| Untracked 
|  24|0x0000000086c00000, 0x0000000086c00000, 0x0000000086d00000|  0%| F|  |TAMS 0x0000000086c00000, 0x0000000086c00000| Untracked 
|  25|0x0000000086d00000, 0x0000000086d00000, 0x0000000086e00000|  0%| F|  |TAMS 0x0000000086d00000, 0x0000000086d00000| Untracked 
|  26|0x0000000086e00000, 0x0000000086e00000, 0x0000000086f00000|  0%| F|  |TAMS 0x0000000086e00000, 0x0000000086e00000| Untracked 
|  27|0x0000000086f00000, 0x0000000086f00000, 0x0000000087000000|  0%| F|  |TAMS 0x0000000086f00000, 0x0000000086f00000| Untracked 
|  28|0x0000000087000000, 0x0000000087000000, 0x0000000087100000|  0%| F|  |TAMS 0x0000000087000000, 0x0000000087000000| Untracked 
|  29|0x0000000087100000, 0x0000000087100000, 0x0000000087200000|  0%| F|  |TAMS 0x0000000087100000, 0x0000000087100000| Untracked 
|  30|0x0000000087200000, 0x0000000087200000, 0x0000000087300000|  0%| F|  |TAMS 0x0000000087200000, 0x0000000087200000| Untracked 
|  31|0x0000000087300000, 0x0000000087300000, 0x0000000087400000|  0%| F|  |TAMS 0x0000000087300000, 0x0000000087300000| Untracked 
|  32|0x0000000087400000, 0x0000000087400000, 0x0000000087500000|  0%| F|  |TAMS 0x0000000087400000, 0x0000000087400000| Untracked 
|  33|0x0000000087500000, 0x0000000087500000, 0x0000000087600000|  0%| F|  |TAMS 0x0000000087500000, 0x0000000087500000| Untracked 
|  34|0x0000000087600000, 0x0000000087600000, 0x0000000087700000|  0%| F|  |TAMS 0x0000000087600000, 0x0000000087600000| Untracked 
|  35|0x0000000087700000, 0x0000000087700000, 0x0000000087800000|  0%| F|  |TAMS 0x0000000087700000, 0x0000000087700000| Untracked 
|  36|0x0000000087800000, 0x0000000087800000, 0x0000000087900000|  0%| F|  |TAMS 0x0000000087800000, 0x0000000087800000| Untracked 
|  37|0x0000000087900000, 0x0000000087900000, 0x0000000087a00000|  0%| F|  |TAMS 0x0000000087900000, 0x0000000087900000| Untracked 
|  38|0x0000000087a00000, 0x0000000087a00000, 0x0000000087b00000|  0%| F|  |TAMS 0x0000000087a00000, 0x0000000087a00000| Untracked 
|  39|0x0000000087b00000, 0x0000000087b00000, 0x0000000087c00000|  0%| F|  |TAMS 0x0000000087b00000, 0x0000000087b00000| Untracked 
|  40|0x0000000087c00000, 0x0000000087c00000, 0x0000000087d00000|  0%| F|  |TAMS 0x0000000087c00000, 0x0000000087c00000| Untracked 
|  41|0x0000000087d00000, 0x0000000087d00000, 0x0000000087e00000|  0%| F|  |TAMS 0x0000000087d00000, 0x0000000087d00000| Untracked 
|  42|0x0000000087e00000, 0x0000000087e00000, 0x0000000087f00000|  0%| F|  |TAMS 0x0000000087e00000, 0x0000000087e00000| Untracked 
|  43|0x0000000087f00000, 0x0000000087f00000, 0x0000000088000000|  0%| F|  |TAMS 0x0000000087f00000, 0x0000000087f00000| Untracked 
|  44|0x0000000088000000, 0x0000000088000000, 0x0000000088100000|  0%| F|  |TAMS 0x0000000088000000, 0x0000000088000000| Untracked 
|  45|0x0000000088100000, 0x0000000088100000, 0x0000000088200000|  0%| F|  |TAMS 0x0000000088100000, 0x0000000088100000| Untracked 
|  46|0x0000000088200000, 0x0000000088200000, 0x0000000088300000|  0%| F|  |TAMS 0x0000000088200000, 0x0000000088200000| Untracked 
|  47|0x0000000088300000, 0x000000008838e9b8, 0x0000000088400000| 55%| S|CS|TAMS 0x0000000088300000, 0x0000000088300000| Complete 
|  48|0x0000000088400000, 0x0000000088500000, 0x0000000088500000|100%| S|CS|TAMS 0x0000000088400000, 0x0000000088400000| Complete 
|  49|0x0000000088500000, 0x0000000088600000, 0x0000000088600000|100%| S|CS|TAMS 0x0000000088500000, 0x0000000088500000| Complete 
|  50|0x0000000088600000, 0x0000000088600000, 0x0000000088700000|  0%| F|  |TAMS 0x0000000088600000, 0x0000000088600000| Untracked 
|  51|0x0000000088700000, 0x0000000088700000, 0x0000000088800000|  0%| F|  |TAMS 0x0000000088700000, 0x0000000088700000| Untracked 
|  52|0x0000000088800000, 0x0000000088800000, 0x0000000088900000|  0%| F|  |TAMS 0x0000000088800000, 0x0000000088800000| Untracked 
|  53|0x0000000088900000, 0x0000000088900000, 0x0000000088a00000|  0%| F|  |TAMS 0x0000000088900000, 0x0000000088900000| Untracked 
|  54|0x0000000088a00000, 0x0000000088a00000, 0x0000000088b00000|  0%| F|  |TAMS 0x0000000088a00000, 0x0000000088a00000| Untracked 
|  55|0x0000000088b00000, 0x0000000088b00000, 0x0000000088c00000|  0%| F|  |TAMS 0x0000000088b00000, 0x0000000088b00000| Untracked 
|  56|0x0000000088c00000, 0x0000000088c00000, 0x0000000088d00000|  0%| F|  |TAMS 0x0000000088c00000, 0x0000000088c00000| Untracked 
|  57|0x0000000088d00000, 0x0000000088d00000, 0x0000000088e00000|  0%| F|  |TAMS 0x0000000088d00000, 0x0000000088d00000| Untracked 
|  58|0x0000000088e00000, 0x0000000088e00000, 0x0000000088f00000|  0%| F|  |TAMS 0x0000000088e00000, 0x0000000088e00000| Untracked 
|  59|0x0000000088f00000, 0x0000000088f00000, 0x0000000089000000|  0%| F|  |TAMS 0x0000000088f00000, 0x0000000088f00000| Untracked 
|  60|0x0000000089000000, 0x0000000089000000, 0x0000000089100000|  0%| F|  |TAMS 0x0000000089000000, 0x0000000089000000| Untracked 
|  61|0x0000000089100000, 0x0000000089100000, 0x0000000089200000|  0%| F|  |TAMS 0x0000000089100000, 0x0000000089100000| Untracked 
|  62|0x0000000089200000, 0x0000000089200000, 0x0000000089300000|  0%| F|  |TAMS 0x0000000089200000, 0x0000000089200000| Untracked 
|  63|0x0000000089300000, 0x0000000089300000, 0x0000000089400000|  0%| F|  |TAMS 0x0000000089300000, 0x0000000089300000| Untracked 
|  64|0x0000000089400000, 0x0000000089400000, 0x0000000089500000|  0%| F|  |TAMS 0x0000000089400000, 0x0000000089400000| Untracked 
|  65|0x0000000089500000, 0x0000000089500000, 0x0000000089600000|  0%| F|  |TAMS 0x0000000089500000, 0x0000000089500000| Untracked 
|  66|0x0000000089600000, 0x0000000089600000, 0x0000000089700000|  0%| F|  |TAMS 0x0000000089600000, 0x0000000089600000| Untracked 
|  67|0x0000000089700000, 0x0000000089700000, 0x0000000089800000|  0%| F|  |TAMS 0x0000000089700000, 0x0000000089700000| Untracked 
|  68|0x0000000089800000, 0x0000000089800000, 0x0000000089900000|  0%| F|  |TAMS 0x0000000089800000, 0x0000000089800000| Untracked 
|  69|0x0000000089900000, 0x0000000089900000, 0x0000000089a00000|  0%| F|  |TAMS 0x0000000089900000, 0x0000000089900000| Untracked 
|  70|0x0000000089a00000, 0x0000000089a00000, 0x0000000089b00000|  0%| F|  |TAMS 0x0000000089a00000, 0x0000000089a00000| Untracked 
|  71|0x0000000089b00000, 0x0000000089b00000, 0x0000000089c00000|  0%| F|  |TAMS 0x0000000089b00000, 0x0000000089b00000| Untracked 
|  72|0x0000000089c00000, 0x0000000089c00000, 0x0000000089d00000|  0%| F|  |TAMS 0x0000000089c00000, 0x0000000089c00000| Untracked 
|  73|0x0000000089d00000, 0x0000000089d00000, 0x0000000089e00000|  0%| F|  |TAMS 0x0000000089d00000, 0x0000000089d00000| Untracked 
|  74|0x0000000089e00000, 0x0000000089e00000, 0x0000000089f00000|  0%| F|  |TAMS 0x0000000089e00000, 0x0000000089e00000| Untracked 
|  75|0x0000000089f00000, 0x0000000089f00000, 0x000000008a000000|  0%| F|  |TAMS 0x0000000089f00000, 0x0000000089f00000| Untracked 
|  76|0x000000008a000000, 0x000000008a000000, 0x000000008a100000|  0%| F|  |TAMS 0x000000008a000000, 0x000000008a000000| Untracked 
|  77|0x000000008a100000, 0x000000008a100000, 0x000000008a200000|  0%| F|  |TAMS 0x000000008a100000, 0x000000008a100000| Untracked 
|  78|0x000000008a200000, 0x000000008a200000, 0x000000008a300000|  0%| F|  |TAMS 0x000000008a200000, 0x000000008a200000| Untracked 
|  79|0x000000008a300000, 0x000000008a300000, 0x000000008a400000|  0%| F|  |TAMS 0x000000008a300000, 0x000000008a300000| Untracked 
|  80|0x000000008a400000, 0x000000008a400000, 0x000000008a500000|  0%| F|  |TAMS 0x000000008a400000, 0x000000008a400000| Untracked 
|  81|0x000000008a500000, 0x000000008a500000, 0x000000008a600000|  0%| F|  |TAMS 0x000000008a500000, 0x000000008a500000| Untracked 
|  82|0x000000008a600000, 0x000000008a600000, 0x000000008a700000|  0%| F|  |TAMS 0x000000008a600000, 0x000000008a600000| Untracked 
|  83|0x000000008a700000, 0x000000008a700000, 0x000000008a800000|  0%| F|  |TAMS 0x000000008a700000, 0x000000008a700000| Untracked 
|  84|0x000000008a800000, 0x000000008a800000, 0x000000008a900000|  0%| F|  |TAMS 0x000000008a800000, 0x000000008a800000| Untracked 
|  85|0x000000008a900000, 0x000000008a900000, 0x000000008aa00000|  0%| F|  |TAMS 0x000000008a900000, 0x000000008a900000| Untracked 
|  86|0x000000008aa00000, 0x000000008aa00000, 0x000000008ab00000|  0%| F|  |TAMS 0x000000008aa00000, 0x000000008aa00000| Untracked 
|  87|0x000000008ab00000, 0x000000008ab05de8, 0x000000008ac00000|  2%| E|  |TAMS 0x000000008ab00000, 0x000000008ab00000| Complete 
|  88|0x000000008ac00000, 0x000000008ad00000, 0x000000008ad00000|100%| E|CS|TAMS 0x000000008ac00000, 0x000000008ac00000| Complete 
|  89|0x000000008ad00000, 0x000000008ae00000, 0x000000008ae00000|100%| E|CS|TAMS 0x000000008ad00000, 0x000000008ad00000| Complete 
|  90|0x000000008ae00000, 0x000000008af00000, 0x000000008af00000|100%| E|CS|TAMS 0x000000008ae00000, 0x000000008ae00000| Complete 
|  91|0x000000008af00000, 0x000000008b000000, 0x000000008b000000|100%| E|CS|TAMS 0x000000008af00000, 0x000000008af00000| Complete 
|  92|0x000000008b000000, 0x000000008b100000, 0x000000008b100000|100%| E|CS|TAMS 0x000000008b000000, 0x000000008b000000| Complete 
|  93|0x000000008b100000, 0x000000008b200000, 0x000000008b200000|100%| E|CS|TAMS 0x000000008b100000, 0x000000008b100000| Complete 
|  94|0x000000008b200000, 0x000000008b300000, 0x000000008b300000|100%| E|CS|TAMS 0x000000008b200000, 0x000000008b200000| Complete 
|  95|0x000000008b300000, 0x000000008b400000, 0x000000008b400000|100%| E|CS|TAMS 0x000000008b300000, 0x000000008b300000| Complete 
|  96|0x000000008b400000, 0x000000008b500000, 0x000000008b500000|100%| E|CS|TAMS 0x000000008b400000, 0x000000008b400000| Complete 
|  97|0x000000008b500000, 0x000000008b600000, 0x000000008b600000|100%| E|CS|TAMS 0x000000008b500000, 0x000000008b500000| Complete 
|  98|0x000000008b600000, 0x000000008b700000, 0x000000008b700000|100%| E|CS|TAMS 0x000000008b600000, 0x000000008b600000| Complete 
|  99|0x000000008b700000, 0x000000008b800000, 0x000000008b800000|100%| E|CS|TAMS 0x000000008b700000, 0x000000008b700000| Complete 
| 100|0x000000008b800000, 0x000000008b900000, 0x000000008b900000|100%| E|CS|TAMS 0x000000008b800000, 0x000000008b800000| Complete 
| 101|0x000000008b900000, 0x000000008ba00000, 0x000000008ba00000|100%| E|CS|TAMS 0x000000008b900000, 0x000000008b900000| Complete 
| 102|0x000000008ba00000, 0x000000008bb00000, 0x000000008bb00000|100%| E|CS|TAMS 0x000000008ba00000, 0x000000008ba00000| Complete 
| 103|0x000000008bb00000, 0x000000008bc00000, 0x000000008bc00000|100%| E|CS|TAMS 0x000000008bb00000, 0x000000008bb00000| Complete 
| 104|0x000000008bc00000, 0x000000008bd00000, 0x000000008bd00000|100%| E|CS|TAMS 0x000000008bc00000, 0x000000008bc00000| Complete 
| 105|0x000000008bd00000, 0x000000008be00000, 0x000000008be00000|100%| E|CS|TAMS 0x000000008bd00000, 0x000000008bd00000| Complete 
| 106|0x000000008be00000, 0x000000008bf00000, 0x000000008bf00000|100%| E|CS|TAMS 0x000000008be00000, 0x000000008be00000| Complete 
| 107|0x000000008bf00000, 0x000000008c000000, 0x000000008c000000|100%| E|CS|TAMS 0x000000008bf00000, 0x000000008bf00000| Complete 
| 108|0x000000008c000000, 0x000000008c100000, 0x000000008c100000|100%| E|CS|TAMS 0x000000008c000000, 0x000000008c000000| Complete 
| 109|0x000000008c100000, 0x000000008c200000, 0x000000008c200000|100%| E|CS|TAMS 0x000000008c100000, 0x000000008c100000| Complete 
| 110|0x000000008c200000, 0x000000008c300000, 0x000000008c300000|100%| E|CS|TAMS 0x000000008c200000, 0x000000008c200000| Complete 
| 111|0x000000008c300000, 0x000000008c400000, 0x000000008c400000|100%| E|CS|TAMS 0x000000008c300000, 0x000000008c300000| Complete 
| 112|0x000000008c400000, 0x000000008c500000, 0x000000008c500000|100%| E|CS|TAMS 0x000000008c400000, 0x000000008c400000| Complete 
| 113|0x000000008c500000, 0x000000008c600000, 0x000000008c600000|100%| E|CS|TAMS 0x000000008c500000, 0x000000008c500000| Complete 
| 114|0x000000008c600000, 0x000000008c700000, 0x000000008c700000|100%| E|CS|TAMS 0x000000008c600000, 0x000000008c600000| Complete 
| 115|0x000000008c700000, 0x000000008c800000, 0x000000008c800000|100%| E|CS|TAMS 0x000000008c700000, 0x000000008c700000| Complete 
| 116|0x000000008c800000, 0x000000008c900000, 0x000000008c900000|100%| E|CS|TAMS 0x000000008c800000, 0x000000008c800000| Complete 
| 117|0x000000008c900000, 0x000000008ca00000, 0x000000008ca00000|100%| E|CS|TAMS 0x000000008c900000, 0x000000008c900000| Complete 
| 118|0x000000008ca00000, 0x000000008cb00000, 0x000000008cb00000|100%| E|CS|TAMS 0x000000008ca00000, 0x000000008ca00000| Complete 
| 119|0x000000008cb00000, 0x000000008cc00000, 0x000000008cc00000|100%| E|CS|TAMS 0x000000008cb00000, 0x000000008cb00000| Complete 
| 120|0x000000008cc00000, 0x000000008cd00000, 0x000000008cd00000|100%| E|CS|TAMS 0x000000008cc00000, 0x000000008cc00000| Complete 
| 121|0x000000008cd00000, 0x000000008ce00000, 0x000000008ce00000|100%| E|CS|TAMS 0x000000008cd00000, 0x000000008cd00000| Complete 
| 122|0x000000008ce00000, 0x000000008cf00000, 0x000000008cf00000|100%| E|CS|TAMS 0x000000008ce00000, 0x000000008ce00000| Complete 
| 123|0x000000008cf00000, 0x000000008d000000, 0x000000008d000000|100%| E|CS|TAMS 0x000000008cf00000, 0x000000008cf00000| Complete 
|1962|0x00000000ffe00000, 0x00000000ffe47000, 0x00000000fff00000| 27%|OA|  |TAMS 0x00000000ffe00000, 0x00000000ffe00000| Untracked 
|1963|0x00000000fff00000, 0x00000000fff6a000, 0x0000000100000000| 41%|CA|  |TAMS 0x00000000fff00000, 0x00000000fff00000| Untracked 

Card table byte_map: [0x00007f3225769000,0x00007f3225b3f000] _byte_map_base: 0x00007f322533f000

Marking Bits (Prev, Next): (CMBitMap*) 0x00007f3220057868, (CMBitMap*) 0x00007f32200578a0
 Prev Bits: [0x00007f3202150000, 0x00007f3204000000)
 Next Bits: [0x00007f32002a0000, 0x00007f3202150000)

Polling page: 0x00007f322a450000

Metaspace:

Usage:
  Non-class:      9.68 MB capacity,     9.41 MB ( 97%) used,   217.67 KB (  2%) free+waste,    54.31 KB ( <1%) overhead. 
      Class:      1.36 MB capacity,     1.11 MB ( 82%) used,   225.73 KB ( 16%) free+waste,    30.06 KB (  2%) overhead. 
       Both:     11.04 MB capacity,    10.53 MB ( 95%) used,   443.40 KB (  4%) free+waste,    84.38 KB ( <1%) overhead. 

Virtual space:
  Non-class space:       10.00 MB reserved,      10.00 MB (100%) committed 
      Class space:        1.00 GB reserved,       1.38 MB ( <1%) committed 
             Both:        1.01 GB reserved,      11.38 MB (  1%) committed 

Chunk freelists:
   Non-Class:  113.00 KB
       Class:  12.00 KB
        Both:  125.00 KB

MaxMetaspaceSize: unlimited
CompressedClassSpaceSize: 1.00 GB

CodeHeap 'non-profiled nmethods': size=120032Kb used=2654Kb max_used=2654Kb free=117377Kb
 bounds [0x00007f32103d5000, 0x00007f3210675000, 0x00007f321790d000]
CodeHeap 'profiled nmethods': size=120032Kb used=4761Kb max_used=4761Kb free=115270Kb
 bounds [0x00007f3208e9d000, 0x00007f320934d000, 0x00007f32103d5000]
CodeHeap 'non-nmethods': size=5696Kb used=1262Kb max_used=1314Kb free=4433Kb
 bounds [0x00007f320890d000, 0x00007f3208b7d000, 0x00007f3208e9d000]
 total_blobs=4384 nmethods=2590 adapters=569
 compilation: enabled
              stopped_count=0, restarted_count=0
 full_count=0

Compilation events (20 events):
Event: 35.193 Thread 0x00007f3220119800 nmethod 2632 0x00007f3210662990 code [0x00007f3210662bc0, 0x00007f3210663230]
Event: 35.193 Thread 0x00007f3220119800 2630       4       sun.java2d.xr.XRSurfaceData$XRWindowSurfaceData::getDestination (10 bytes)
Event: 35.195 Thread 0x00007f3220119800 nmethod 2630 0x00007f3210663790 code [0x00007f3210663920, 0x00007f32106639d8]
Event: 35.195 Thread 0x00007f3220119800 2631       4       sun.awt.X11.XContentWindow::getTarget (5 bytes)
Event: 35.196 Thread 0x00007f3220119800 nmethod 2631 0x00007f3210663a90 code [0x00007f3210663c20, 0x00007f3210663c98]
Event: 35.196 Thread 0x00007f3220119800 2628   !   4       javax.swing.BufferStrategyPaintManager::endPaint (138 bytes)
Event: 35.414 Thread 0x00007f3220119800 nmethod 2628 0x00007f3210663d10 code [0x00007f3210664060, 0x00007f3210666558]
Event: 35.415 Thread 0x00007f3220119800 2627       4       java.awt.EventDispatchThread$HierarchyEventFilter::acceptEvent (225 bytes)
Event: 35.416 Thread 0x00007f3220119800 nmethod 2627 0x00007f3210667890 code [0x00007f3210667a20, 0x00007f3210667ab8]
Event: 35.417 Thread 0x00007f3220119800 2612       4       javax.swing.RepaintManager::currentManager (5 bytes)
Event: 35.420 Thread 0x00007f3220119800 nmethod 2612 0x00007f3210667b90 code [0x00007f3210667d40, 0x00007f3210667e48]
Event: 35.458 Thread 0x00007f3220119800 2634       4       sun.java2d.SunGraphics2D::constrain (216 bytes)
Event: 35.534 Thread 0x00007f3220119800 nmethod 2634 0x00007f3210668010 code [0x00007f3210668260, 0x00007f3210669408]
Event: 35.534 Thread 0x00007f3220119800 2635   !   4       javax.swing.RepaintManager::endPaint (72 bytes)
Event: 35.543 Thread 0x00007f3220119800 nmethod 2635 0x00007f321066a110 code [0x00007f321066a2c0, 0x00007f321066a788]
Event: 35.561 Thread 0x00007f3220119800 2636   !   4       javax.swing.RepaintManager::beginPaint (81 bytes)
Event: 35.578 Thread 0x00007f3220119800 nmethod 2636 0x00007f321066a990 code [0x00007f321066ab60, 0x00007f321066b3a8]
Event: 35.579 Thread 0x00007f3220119800 2638       4       java.util.concurrent.locks.AbstractQueuedSynchronizer::acquire (27 bytes)
Event: 35.628 Thread 0x00007f3220119800 nmethod 2638 0x00007f321066b710 code [0x00007f321066b920, 0x00007f321066c820]
Event: 35.628 Thread 0x00007f3220119800 2637       4       javax.swing.RepaintManager::paint (93 bytes)

GC Heap History (20 events):
Event: 1.255 GC heap before
{Heap before GC invocations=0 (full 0):
 garbage-first heap   total 129024K, used 15044K [0x0000000085400000, 0x0000000100000000)
  region size 1024K, 14 young (14336K), 0 survivors (0K)
 Metaspace       used 8969K, capacity 9498K, committed 9728K, reserved 1058816K
  class space    used 1007K, capacity 1264K, committed 1280K, reserved 1048576K
}
Event: 1.267 GC heap after
{Heap after GC invocations=1 (full 0):
 garbage-first heap   total 129024K, used 3178K [0x0000000085400000, 0x0000000100000000)
  region size 1024K, 2 young (2048K), 2 survivors (2048K)
 Metaspace       used 8969K, capacity 9498K, committed 9728K, reserved 1058816K
  class space    used 1007K, capacity 1264K, committed 1280K, reserved 1048576K
}
Event: 5.787 GC heap before
{Heap before GC invocations=1 (full 0):
 garbage-first heap   total 129024K, used 76906K [0x0000000085400000, 0x0000000100000000)
  region size 1024K, 74 young (75776K), 2 survivors (2048K)
 Metaspace       used 9997K, capacity 10559K, committed 10880K, reserved 1058816K
  class space    used 1044K, capacity 1296K, committed 1408K, reserved 1048576K
}
Event: 5.806 GC heap after
{Heap after GC invocations=2 (full 0):
 garbage-first heap   total 129024K, used 3474K [0x0000000085400000, 0x0000000100000000)
  region size 1024K, 3 young (3072K), 3 survivors (3072K)
 Metaspace       used 9997K, capacity 10559K, committed 10880K, reserved 1058816K
  class space    used 1044K, capacity 1296K, committed 1408K, reserved 1048576K
}
Event: 9.816 GC heap before
{Heap before GC invocations=2 (full 0):
 garbage-first heap   total 129024K, used 76178K [0x0000000085400000, 0x0000000100000000)
  region size 1024K, 74 young (75776K), 3 survivors (3072K)
 Metaspace       used 10631K, capacity 11179K, committed 11392K, reserved 1058816K
  class space    used 1135K, capacity 1396K, committed 1408K, reserved 1048576K
}
Event: 9.827 GC heap after
{Heap after GC invocations=3 (full 0):
 garbage-first heap   total 129024K, used 3605K [0x0000000085400000, 0x0000000100000000)
  region size 1024K, 3 young (3072K), 3 survivors (3072K)
 Metaspace       used 10631K, capacity 11179K, committed 11392K, reserved 1058816K
  class space    used 1135K, capacity 1396K, committed 1408K, reserved 1048576K
}
Event: 13.754 GC heap before
{Heap before GC invocations=3 (full 0):
 garbage-first heap   total 129024K, used 76309K [0x0000000085400000, 0x0000000100000000)
  region size 1024K, 74 young (75776K), 3 survivors (3072K)
 Metaspace       used 10645K, capacity 11179K, committed 11392K, reserved 1058816K
  class space    used 1135K, capacity 1396K, committed 1408K, reserved 1048576K
}
Event: 13.769 GC heap after
{Heap after GC invocations=4 (full 0):
 garbage-first heap   total 129024K, used 3628K [0x0000000085400000, 0x0000000100000000)
  region size 1024K, 3 young (3072K), 3 survivors (3072K)
 Metaspace       used 10645K, capacity 11179K, committed 11392K, reserved 1058816K
  class space    used 1135K, capacity 1396K, committed 1408K, reserved 1048576K
}
Event: 17.217 GC heap before
{Heap before GC invocations=4 (full 0):
 garbage-first heap   total 129024K, used 76332K [0x0000000085400000, 0x0000000100000000)
  region size 1024K, 74 young (75776K), 3 survivors (3072K)
 Metaspace       used 10645K, capacity 11179K, committed 11392K, reserved 1058816K
  class space    used 1135K, capacity 1396K, committed 1408K, reserved 1048576K
}
Event: 17.228 GC heap after
{Heap after GC invocations=5 (full 0):
 garbage-first heap   total 129024K, used 3632K [0x0000000085400000, 0x0000000100000000)
  region size 1024K, 3 young (3072K), 3 survivors (3072K)
 Metaspace       used 10645K, capacity 11179K, committed 11392K, reserved 1058816K
  class space    used 1135K, capacity 1396K, committed 1408K, reserved 1048576K
}
Event: 20.519 GC heap before
{Heap before GC invocations=5 (full 0):
 garbage-first heap   total 129024K, used 76336K [0x0000000085400000, 0x0000000100000000)
  region size 1024K, 74 young (75776K), 3 survivors (3072K)
 Metaspace       used 10645K, capacity 11179K, committed 11392K, reserved 1058816K
  class space    used 1135K, capacity 1396K, committed 1408K, reserved 1048576K
}
Event: 20.530 GC heap after
{Heap after GC invocations=6 (full 0):
 garbage-first heap   total 129024K, used 3634K [0x0000000085400000, 0x0000000100000000)
  region size 1024K, 3 young (3072K), 3 survivors (3072K)
 Metaspace       used 10645K, capacity 11179K, committed 11392K, reserved 1058816K
  class space    used 1135K, capacity 1396K, committed 1408K, reserved 1048576K
}
Event: 23.770 GC heap before
{Heap before GC invocations=6 (full 0):
 garbage-first heap   total 129024K, used 76338K [0x0000000085400000, 0x0000000100000000)
  region size 1024K, 74 young (75776K), 3 survivors (3072K)
 Metaspace       used 10645K, capacity 11179K, committed 11392K, reserved 1058816K
  class space    used 1135K, capacity 1396K, committed 1408K, reserved 1048576K
}
Event: 23.784 GC heap after
{Heap after GC invocations=7 (full 0):
 garbage-first heap   total 129024K, used 3634K [0x0000000085400000, 0x0000000100000000)
  region size 1024K, 3 young (3072K), 3 survivors (3072K)
 Metaspace       used 10645K, capacity 11179K, committed 11392K, reserved 1058816K
  class space    used 1135K, capacity 1396K, committed 1408K, reserved 1048576K
}
Event: 27.054 GC heap before
{Heap before GC invocations=7 (full 0):
 garbage-first heap   total 129024K, used 76338K [0x0000000085400000, 0x0000000100000000)
  region size 1024K, 74 young (75776K), 3 survivors (3072K)
 Metaspace       used 10645K, capacity 11179K, committed 11392K, reserved 1058816K
  class space    used 1135K, capacity 1396K, committed 1408K, reserved 1048576K
}
Event: 27.068 GC heap after
{Heap after GC invocations=8 (full 0):
 garbage-first heap   total 129024K, used 3520K [0x0000000085400000, 0x0000000100000000)
  region size 1024K, 3 young (3072K), 3 survivors (3072K)
 Metaspace       used 10645K, capacity 11179K, committed 11392K, reserved 1058816K
  class space    used 1135K, capacity 1396K, committed 1408K, reserved 1048576K
}
Event: 30.328 GC heap before
{Heap before GC invocations=8 (full 0):
 garbage-first heap   total 129024K, used 76224K [0x0000000085400000, 0x0000000100000000)
  region size 1024K, 74 young (75776K), 3 survivors (3072K)
 Metaspace       used 10645K, capacity 11179K, committed 11392K, reserved 1058816K
  class space    used 1135K, capacity 1396K, committed 1408K, reserved 1048576K
}
Event: 30.342 GC heap after
{Heap after GC invocations=9 (full 0):
 garbage-first heap   total 129024K, used 3634K [0x0000000085400000, 0x0000000100000000)
  region size 1024K, 3 young (3072K), 3 survivors (3072K)
 Metaspace       used 10645K, capacity 11179K, committed 11392K, reserved 1058816K
  class space    used 1135K, capacity 1396K, committed 1408K, reserved 1048576K
}
Event: 33.668 GC heap before
{Heap before GC invocations=9 (full 0):
 garbage-first heap   total 129024K, used 76338K [0x0000000085400000, 0x0000000100000000)
  region size 1024K, 74 young (75776K), 3 survivors (3072K)
 Metaspace       used 10767K, capacity 11307K, committed 11648K, reserved 1058816K
  class space    used 1139K, capacity 1396K, committed 1408K, reserved 1048576K
}
Event: 33.684 GC heap after
{Heap after GC invocations=10 (full 0):
 garbage-first heap   total 129024K, used 3748K [0x0000000085400000, 0x0000000100000000)
  region size 1024K, 3 young (3072K), 3 survivors (3072K)
 Metaspace       used 10767K, capacity 11307K, committed 11648K, reserved 1058816K
  class space    used 1139K, capacity 1396K, committed 1408K, reserved 1048576K
}

Deoptimization events (20 events):
Event: 33.643 Thread 0x00007f322041c000 Uncommon trap: trap_request=0xffffffde fr.pc=0x00007f3210614c98 relative=0x0000000000001898
Event: 33.643 Thread 0x00007f322041c000 Uncommon trap: reason=class_check action=maybe_recompile pc=0x00007f3210614c98 method=java.awt.EventQueue.setCurrentEventAndMostRecentTimeImpl(Ljava/awt/AWTEvent;)V @ 141 c2
Event: 33.643 Thread 0x00007f322041c000 DEOPT PACKING pc=0x00007f3210614c98 sp=0x00007f31bb5f6080
Event: 33.643 Thread 0x00007f322041c000 DEOPT UNPACKING pc=0x00007f32089359a5 sp=0x00007f31bb5f6060 mode 2
Event: 33.643 Thread 0x00007f322041c000 Uncommon trap: trap_request=0xffffff4d fr.pc=0x00007f3210647858 relative=0x0000000000000398
Event: 33.643 Thread 0x00007f322041c000 Uncommon trap: reason=unstable_if action=reinterpret pc=0x00007f3210647858 method=java.awt.EventQueue.eventToCacheIndex(Ljava/awt/AWTEvent;)I @ 71 c2
Event: 33.643 Thread 0x00007f322041c000 DEOPT PACKING pc=0x00007f3210647858 sp=0x00007f31bb5f76d0
Event: 33.643 Thread 0x00007f322041c000 DEOPT UNPACKING pc=0x00007f32089359a5 sp=0x00007f31bb5f75b8 mode 2
Event: 33.643 Thread 0x00007f322041c000 Uncommon trap: trap_request=0xffffffde fr.pc=0x00007f3210614c98 relative=0x0000000000001898
Event: 33.643 Thread 0x00007f322041c000 Uncommon trap: reason=class_check action=maybe_recompile pc=0x00007f3210614c98 method=java.awt.EventQueue.setCurrentEventAndMostRecentTimeImpl(Ljava/awt/AWTEvent;)V @ 141 c2
Event: 33.643 Thread 0x00007f322041c000 DEOPT PACKING pc=0x00007f3210614c98 sp=0x00007f31bb5f6080
Event: 33.643 Thread 0x00007f322041c000 DEOPT UNPACKING pc=0x00007f32089359a5 sp=0x00007f31bb5f6060 mode 2
Event: 33.655 Thread 0x00007f322041c000 Uncommon trap: trap_request=0xfffffff4 fr.pc=0x00007f3210470610 relative=0x0000000000000250
Event: 33.655 Thread 0x00007f322041c000 Uncommon trap: reason=null_check action=make_not_entrant pc=0x00007f3210470610 method=java.awt.geom.AffineTransform.equals(Ljava/lang/Object;)Z @ 1 c2
Event: 33.655 Thread 0x00007f322041c000 DEOPT PACKING pc=0x00007f3210470610 sp=0x00007f31bb5f3ac0
Event: 33.655 Thread 0x00007f322041c000 DEOPT UNPACKING pc=0x00007f32089359a5 sp=0x00007f31bb5f3a68 mode 2
Event: 33.781 Thread 0x00007f322041c000 Uncommon trap: trap_request=0xffffffde fr.pc=0x00007f321061b414 relative=0x0000000000000874
Event: 33.781 Thread 0x00007f322041c000 Uncommon trap: reason=class_check action=maybe_recompile pc=0x00007f321061b414 method=java.awt.event.InvocationEvent.dispatch()V @ 47 c2
Event: 33.781 Thread 0x00007f322041c000 DEOPT PACKING pc=0x00007f321061b414 sp=0x00007f31bb5f6100
Event: 33.781 Thread 0x00007f322041c000 DEOPT UNPACKING pc=0x00007f32089359a5 sp=0x00007f31bb5f6028 mode 2

Classes redefined (0 events):
No events

Internal exceptions (20 events):
Event: 1.000 Thread 0x00007f322041c000 Exception <a 'java/lang/NoSuchMethodError'{0x000000008c4295d8}: 'java.lang.Object java.lang.invoke.DirectMethodHandle$Holder.invokeStatic(java.lang.Object, java.lang.Object, java.lang.Object, java.lang.Object, java.lang.Object, java.lang.Object, java.lang.Object, java.lang.Object, java.lang.Object, java.lang.Object, java.lang.Object, int, int, java.lang.Object)'> (0x000000008c4295d8) thrown at [./src/hotspot/share/interpreter/linkResolver.cpp, line 773]
Event: 1.003 Thread 0x00007f322041c000 Exception <a 'java/lang/NoSuchMethodError'{0x000000008c44a108}: 'java.lang.Object java.lang.invoke.DirectMethodHandle$Holder.invokeStatic(java.lang.Object, java.lang.Object, java.lang.Object, java.lang.Object, java.lang.Object, java.lang.Object, java.lang.Object, java.lang.Object, java.lang.Object, java.lang.Object, java.lang.Object, int, int, java.lang.Object, java.lang.Object)'> (0x000000008c44a108) thrown at [./src/hotspot/share/interpreter/linkResolver.cpp, line 773]
Event: 7.882 Thread 0x00007f322041c000 Implicit null exception at 0x00007f32104ff15c to 0x00007f32104ff37a
Event: 7.914 Thread 0x00007f322041c000 Implicit null exception at 0x00007f321047db08 to 0x00007f321047db53
Event: 7.915 Thread 0x00007f322041c000 Implicit null exception at 0x00007f32104fc29b to 0x00007f32104fc2d3
Event: 7.915 Thread 0x00007f322041c000 Implicit null exception at 0x00007f321047601b to 0x00007f321047607b
Event: 7.930 Thread 0x00007f322041c000 Implicit null exception at 0x00007f321046839b to 0x00007f32104683d3
Event: 7.930 Thread 0x00007f322041c000 Implicit null exception at 0x00007f32104bfbb4 to 0x00007f32104c0a0e
Event: 7.974 Thread 0x00007f322041c000 Implicit null exception at 0x00007f321049de94 to 0x00007f321049ea8a
Event: 7.975 Thread 0x00007f322041c000 Implicit null exception at 0x00007f32104e840f to 0x00007f32104e844e
Event: 7.982 Thread 0x00007f322041c000 Implicit null exception at 0x00007f32104e3e1b to 0x00007f32104e3e7b
Event: 7.984 Thread 0x00007f322041c000 Implicit null exception at 0x00007f321043b986 to 0x00007f321043ba66
Event: 8.017 Thread 0x00007f322041c000 Implicit null exception at 0x00007f3210545571 to 0x00007f3210546216
Event: 8.018 Thread 0x00007f322041c000 Implicit null exception at 0x00007f321052f005 to 0x00007f321052f0b6
Event: 8.021 Thread 0x00007f322041c000 Implicit null exception at 0x00007f321052f4cf to 0x00007f321052f6fe
Event: 8.021 Thread 0x00007f322041c000 Implicit null exception at 0x00007f321052ec00 to 0x00007f321052ec4e
Event: 8.023 Thread 0x00007f322041c000 Implicit null exception at 0x00007f32105030cb to 0x00007f3210505566
Event: 8.023 Thread 0x00007f322041c000 Implicit null exception at 0x00007f32104f8e85 to 0x00007f32104f9186
Event: 8.026 Thread 0x00007f322041c000 Implicit null exception at 0x00007f32104fcf11 to 0x00007f32104fd686
Event: 33.655 Thread 0x00007f322041c000 Implicit null exception at 0x00007f32104703fc to 0x00007f3210470602

Events (20 events):
Event: 33.622 loading class sun/awt/SunToolkit$1
Event: 33.622 loading class sun/awt/SunToolkit$1 done
Event: 33.625 loading class sun/awt/X11/XUnmapEvent
Event: 33.625 loading class sun/awt/X11/XUnmapEvent done
Event: 33.628 loading class java/awt/Window$1DisposeAction
Event: 33.628 loading class java/awt/Window$1DisposeAction done
Event: 33.641 loading class java/awt/LightweightDispatcher$2
Event: 33.641 loading class java/awt/LightweightDispatcher$2 done
Event: 33.641 loading class java/awt/Component$FlipBufferStrategy
Event: 33.642 loading class java/awt/Component$FlipBufferStrategy done
Event: 33.642 Executing VM operation: Deoptimize
Event: 33.642 Executing VM operation: Deoptimize done
Event: 33.668 Executing VM operation: G1CollectForAllocation
Event: 33.684 Executing VM operation: G1CollectForAllocation done
Event: 33.684 Executing VM operation: RevokeBias
Event: 33.684 Executing VM operation: RevokeBias done
Event: 33.694 Thread 0x00007f31d0376800 Thread added: 0x00007f31d0376800
Event: 33.696 Protecting memory [0x00007f31bb2eb000,0x00007f31bb2ef000] with protection modes 0
Event: 33.705 loading class sun/awt/X11/XErrorEvent
Event: 33.706 loading class sun/awt/X11/XErrorEvent done


Dynamic libraries:
85400000-8d000000 rw-p 00000000 00:00 0 
8d000000-ffe00000 ---p 00000000 00:00 0 
ffe00000-ffe47000 rw-p 0110b000 08:01 6293460                            /usr/lib/jvm/java-11-openjdk-amd64/lib/server/classes.jsa
ffe47000-fff00000 rw-p 00000000 00:00 0 
fff00000-fff6a000 rw-p 010a1000 08:01 6293460                            /usr/lib/jvm/java-11-openjdk-amd64/lib/server/classes.jsa
fff6a000-100000000 rw-p 00000000 00:00 0 
800000000-800002000 rwxp 00001000 08:01 6293460                          /usr/lib/jvm/java-11-openjdk-amd64/lib/server/classes.jsa
800002000-8003b8000 rw-p 00003000 08:01 6293460                          /usr/lib/jvm/java-11-openjdk-amd64/lib/server/classes.jsa
8003b8000-800a93000 r--p 003b9000 08:01 6293460                          /usr/lib/jvm/java-11-openjdk-amd64/lib/server/classes.jsa
800a93000-800a94000 rw-p 00a94000 08:01 6293460                          /usr/lib/jvm/java-11-openjdk-amd64/lib/server/classes.jsa
800a94000-8010a0000 r--p 00a95000 08:01 6293460                          /usr/lib/jvm/java-11-openjdk-amd64/lib/server/classes.jsa
840000000-840160000 rw-p 00000000 00:00 0 
840160000-880000000 ---p 00000000 00:00 0 
55a193384000-55a193385000 r-xp 00000000 08:01 6160950                    /usr/lib/jvm/java-11-openjdk-amd64/bin/java
55a193585000-55a193586000 r--p 00001000 08:01 6160950                    /usr/lib/jvm/java-11-openjdk-amd64/bin/java
55a193586000-55a193587000 rw-p 00002000 08:01 6160950                    /usr/lib/jvm/java-11-openjdk-amd64/bin/java
55a194d10000-55a194d31000 rw-p 00000000 00:00 0                          [heap]
7f3188000000-7f3188e08000 rw-p 00000000 00:00 0 
7f3188e08000-7f318c000000 ---p 00000000 00:00 0 
7f318c000000-7f318c021000 rw-p 00000000 00:00 0 
7f318c021000-7f3190000000 ---p 00000000 00:00 0 
7f3190000000-7f3190021000 rw-p 00000000 00:00 0 
7f3190021000-7f3194000000 ---p 00000000 00:00 0 
7f3194000000-7f3194021000 rw-p 00000000 00:00 0 
7f3194021000-7f3198000000 ---p 00000000 00:00 0 
7f3198000000-7f319811a000 rw-p 00000000 00:00 0 
7f319811a000-7f319c000000 ---p 00000000 00:00 0 
7f319c000000-7f319dace000 rw-p 00000000 00:00 0 
7f319dace000-7f31a0000000 ---p 00000000 00:00 0 
7f31a0000000-7f31a0240000 rw-p 00000000 00:00 0 
7f31a0240000-7f31a4000000 ---p 00000000 00:00 0 
7f31a4000000-7f31a4021000 rw-p 00000000 00:00 0 
7f31a4021000-7f31a8000000 ---p 00000000 00:00 0 
7f31a8000000-7f31a8021000 rw-p 00000000 00:00 0 
7f31a8021000-7f31ac000000 ---p 00000000 00:00 0 
7f31ac000000-7f31ac021000 rw-p 00000000 00:00 0 
7f31ac021000-7f31b0000000 ---p 00000000 00:00 0 
7f31b0000000-7f31b0021000 rw-p 00000000 00:00 0 
7f31b0021000-7f31b4000000 ---p 00000000 00:00 0 
7f31b4000000-7f31b4021000 rw-p 00000000 00:00 0 
7f31b4021000-7f31b8000000 ---p 00000000 00:00 0 
7f31baba0000-7f31baba1000 ---p 00000000 00:00 0 
7f31baba1000-7f31baca2000 rw-p 00000000 00:00 0 
7f31baca2000-7f31baca3000 ---p 00000000 00:00 0 
7f31baca3000-7f31bada4000 rw-p 00000000 00:00 0 
7f31bada4000-7f31bada5000 ---p 00000000 00:00 0 
7f31bada5000-7f31bb0a6000 rw-p 00000000 00:00 0 
7f31bb1ea000-7f31bb1ee000 ---p 00000000 00:00 0 
7f31bb1ee000-7f31bb2eb000 rw-p 00000000 00:00 0 
7f31bb2eb000-7f31bb2ef000 ---p 00000000 00:00 0 
7f31bb2ef000-7f31bb3ec000 rw-p 00000000 00:00 0 
7f31bb3ec000-7f31bb3f0000 ---p 00000000 00:00 0 
7f31bb3f0000-7f31bb4ed000 rw-p 00000000 00:00 0 
7f31bb4f8000-7f31bb4fc000 ---p 00000000 00:00 0 
7f31bb4fc000-7f31bb5f9000 rw-p 00000000 00:00 0 
7f31bb5f9000-7f31bb5fe000 r-xp 00000000 08:01 6037050                    /usr/lib/x86_64-linux-gnu/libXfixes.so.3.1.0
7f31bb5fe000-7f31bb7fd000 ---p 00005000 08:01 6037050                    /usr/lib/x86_64-linux-gnu/libXfixes.so.3.1.0
7f31bb7fd000-7f31bb7fe000 r--p 00004000 08:01 6037050                    /usr/lib/x86_64-linux-gnu/libXfixes.so.3.1.0
7f31bb7fe000-7f31bb7ff000 rw-p 00005000 08:01 6037050                    /usr/lib/x86_64-linux-gnu/libXfixes.so.3.1.0
7f31bb7ff000-7f31bb800000 ---p 00000000 00:00 0 
7f31bb800000-7f31bc000000 rw-p 00000000 00:00 0 
7f31bc000000-7f31bc021000 rw-p 00000000 00:00 0 
7f31bc021000-7f31c0000000 ---p 00000000 00:00 0 
7f31c0000000-7f31c0021000 rw-p 00000000 00:00 0 
7f31c0021000-7f31c4000000 ---p 00000000 00:00 0 
7f31c402b000-7f31c402f000 ---p 00000000 00:00 0 
7f31c402f000-7f31c412c000 rw-p 00000000 00:00 0 
7f31c412c000-7f31c4135000 r-xp 00000000 08:01 6037042                    /usr/lib/x86_64-linux-gnu/libXcursor.so.1.0.2
7f31c4135000-7f31c4334000 ---p 00009000 08:01 6037042                    /usr/lib/x86_64-linux-gnu/libXcursor.so.1.0.2
7f31c4334000-7f31c4335000 r--p 00008000 08:01 6037042                    /usr/lib/x86_64-linux-gnu/libXcursor.so.1.0.2
7f31c4335000-7f31c4336000 rw-p 00009000 08:01 6037042                    /usr/lib/x86_64-linux-gnu/libXcursor.so.1.0.2
7f31c4336000-7f31c4337000 ---p 00000000 00:00 0 
7f31c4337000-7f31c4b37000 rw-p 00000000 00:00 0 
7f31c4b37000-7f31c4b38000 ---p 00000000 00:00 0 
7f31c4b38000-7f31c5338000 rw-p 00000000 00:00 0 
7f31c5338000-7f31c5344000 r-xp 00000000 08:01 6295025                    /usr/lib/x86_64-linux-gnu/gio/modules/libdconfsettings.so
7f31c5344000-7f31c5543000 ---p 0000c000 08:01 6295025                    /usr/lib/x86_64-linux-gnu/gio/modules/libdconfsettings.so
7f31c5543000-7f31c5544000 r--p 0000b000 08:01 6295025                    /usr/lib/x86_64-linux-gnu/gio/modules/libdconfsettings.so
7f31c5544000-7f31c5545000 rw-p 0000c000 08:01 6295025                    /usr/lib/x86_64-linux-gnu/gio/modules/libdconfsettings.so
7f31c5545000-7f31c554b000 r-xp 00000000 08:01 14423300                   /lib/x86_64-linux-gnu/libuuid.so.1.3.0
7f31c554b000-7f31c574a000 ---p 00006000 08:01 14423300                   /lib/x86_64-linux-gnu/libuuid.so.1.3.0
7f31c574a000-7f31c574b000 r--p 00005000 08:01 14423300                   /lib/x86_64-linux-gnu/libuuid.so.1.3.0
7f31c574b000-7f31c574c000 rw-p 00006000 08:01 14423300                   /lib/x86_64-linux-gnu/libuuid.so.1.3.0
7f31c574c000-7f31c5793000 r-xp 00000000 08:01 14423124                   /lib/x86_64-linux-gnu/libblkid.so.1.1.0
7f31c5793000-7f31c5993000 ---p 00047000 08:01 14423124                   /lib/x86_64-linux-gnu/libblkid.so.1.1.0
7f31c5993000-7f31c5997000 r--p 00047000 08:01 14423124                   /lib/x86_64-linux-gnu/libblkid.so.1.1.0
7f31c5997000-7f31c5998000 rw-p 0004b000 08:01 14423124                   /lib/x86_64-linux-gnu/libblkid.so.1.1.0
7f31c5998000-7f31c5999000 rw-p 00000000 00:00 0 
7f31c5999000-7f31c5a09000 r-xp 00000000 08:01 14423254                   /lib/x86_64-linux-gnu/libpcre.so.3.13.3
7f31c5a09000-7f31c5c09000 ---p 00070000 08:01 14423254                   /lib/x86_64-linux-gnu/libpcre.so.3.13.3
7f31c5c09000-7f31c5c0a000 r--p 00070000 08:01 14423254                   /lib/x86_64-linux-gnu/libpcre.so.3.13.3
7f31c5c0a000-7f31c5c0b000 rw-p 00071000 08:01 14423254                   /lib/x86_64-linux-gnu/libpcre.so.3.13.3
7f31c5c0b000-7f31c5c12000 r-xp 00000000 08:01 6037383                    /usr/lib/x86_64-linux-gnu/libffi.so.6.0.4
7f31c5c12000-7f31c5e11000 ---p 00007000 08:01 6037383                    /usr/lib/x86_64-linux-gnu/libffi.so.6.0.4
7f31c5e11000-7f31c5e12000 r--p 00006000 08:01 6037383                    /usr/lib/x86_64-linux-gnu/libffi.so.6.0.4
7f31c5e12000-7f31c5e13000 rw-p 00007000 08:01 6037383                    /usr/lib/x86_64-linux-gnu/libffi.so.6.0.4
7f31c5e13000-7f31c5e64000 r-xp 00000000 08:01 14423201                   /lib/x86_64-linux-gnu/libmount.so.1.1.0
7f31c5e64000-7f31c6063000 ---p 00051000 08:01 14423201                   /lib/x86_64-linux-gnu/libmount.so.1.1.0
7f31c6063000-7f31c6065000 r--p 00050000 08:01 14423201                   /lib/x86_64-linux-gnu/libmount.so.1.1.0
7f31c6065000-7f31c6066000 rw-p 00052000 08:01 14423201                   /lib/x86_64-linux-gnu/libmount.so.1.1.0
7f31c6066000-7f31c6067000 rw-p 00000000 00:00 0 
7f31c6067000-7f31c607e000 r-xp 00000000 08:01 14423271                   /lib/x86_64-linux-gnu/libresolv-2.27.so
7f31c607e000-7f31c627e000 ---p 00017000 08:01 14423271                   /lib/x86_64-linux-gnu/libresolv-2.27.so
7f31c627e000-7f31c627f000 r--p 00017000 08:01 14423271                   /lib/x86_64-linux-gnu/libresolv-2.27.so
7f31c627f000-7f31c6280000 rw-p 00018000 08:01 14423271                   /lib/x86_64-linux-gnu/libresolv-2.27.so
7f31c6280000-7f31c6282000 rw-p 00000000 00:00 0 
7f31c6282000-7f31c62a7000 r-xp 00000000 08:01 14423277                   /lib/x86_64-linux-gnu/libselinux.so.1
7f31c62a7000-7f31c64a6000 ---p 00025000 08:01 14423277                   /lib/x86_64-linux-gnu/libselinux.so.1
7f31c64a6000-7f31c64a7000 r--p 00024000 08:01 14423277                   /lib/x86_64-linux-gnu/libselinux.so.1
7f31c64a7000-7f31c64a8000 rw-p 00025000 08:01 14423277                   /lib/x86_64-linux-gnu/libselinux.so.1
7f31c64a8000-7f31c64aa000 rw-p 00000000 00:00 0 
7f31c64aa000-7f31c65be000 r-xp 00000000 08:01 6029658                    /usr/lib/x86_64-linux-gnu/libglib-2.0.so.0.5600.4
7f31c65be000-7f31c67be000 ---p 00114000 08:01 6029658                    /usr/lib/x86_64-linux-gnu/libglib-2.0.so.0.5600.4
7f31c67be000-7f31c67bf000 r--p 00114000 08:01 6029658                    /usr/lib/x86_64-linux-gnu/libglib-2.0.so.0.5600.4
7f31c67bf000-7f31c67c0000 rw-p 00115000 08:01 6029658                    /usr/lib/x86_64-linux-gnu/libglib-2.0.so.0.5600.4
7f31c67c0000-7f31c67c1000 rw-p 00000000 00:00 0 
7f31c67c1000-7f31c67c4000 r-xp 00000000 08:01 6029681                    /usr/lib/x86_64-linux-gnu/libgmodule-2.0.so.0.5600.4
7f31c67c4000-7f31c69c3000 ---p 00003000 08:01 6029681                    /usr/lib/x86_64-linux-gnu/libgmodule-2.0.so.0.5600.4
7f31c69c3000-7f31c69c4000 r--p 00002000 08:01 6029681                    /usr/lib/x86_64-linux-gnu/libgmodule-2.0.so.0.5600.4
7f31c69c4000-7f31c69c5000 rw-p 00003000 08:01 6029681                    /usr/lib/x86_64-linux-gnu/libgmodule-2.0.so.0.5600.4
7f31c69c5000-7f31c6a17000 r-xp 00000000 08:01 6029682                    /usr/lib/x86_64-linux-gnu/libgobject-2.0.so.0.5600.4
7f31c6a17000-7f31c6c17000 ---p 00052000 08:01 6029682                    /usr/lib/x86_64-linux-gnu/libgobject-2.0.so.0.5600.4
7f31c6c17000-7f31c6c18000 r--p 00052000 08:01 6029682                    /usr/lib/x86_64-linux-gnu/libgobject-2.0.so.0.5600.4
7f31c6c18000-7f31c6c19000 rw-p 00053000 08:01 6029682                    /usr/lib/x86_64-linux-gnu/libgobject-2.0.so.0.5600.4
7f31c6c19000-7f31c6dae000 r-xp 00000000 08:01 6029650                    /usr/lib/x86_64-linux-gnu/libgio-2.0.so.0.5600.4
7f31c6dae000-7f31c6fae000 ---p 00195000 08:01 6029650                    /usr/lib/x86_64-linux-gnu/libgio-2.0.so.0.5600.4
7f31c6fae000-7f31c6fb5000 r--p 00195000 08:01 6029650                    /usr/lib/x86_64-linux-gnu/libgio-2.0.so.0.5600.4
7f31c6fb5000-7f31c6fb6000 rw-p 0019c000 08:01 6029650                    /usr/lib/x86_64-linux-gnu/libgio-2.0.so.0.5600.4
7f31c6fb6000-7f31c6fb8000 rw-p 00000000 00:00 0 
7f31c6fb8000-7f31c6fc2000 r-xp 00000000 08:01 6037066                    /usr/lib/x86_64-linux-gnu/libXrandr.so.2.2.0
7f31c6fc2000-7f31c71c1000 ---p 0000a000 08:01 6037066                    /usr/lib/x86_64-linux-gnu/libXrandr.so.2.2.0
7f31c71c1000-7f31c71c2000 r--p 00009000 08:01 6037066                    /usr/lib/x86_64-linux-gnu/libXrandr.so.2.2.0
7f31c71c2000-7f31c71c3000 rw-p 0000a000 08:01 6037066                    /usr/lib/x86_64-linux-gnu/libXrandr.so.2.2.0
7f31c71c3000-7f31c71f4000 r-xp 00000000 08:01 6037905                    /usr/lib/x86_64-linux-gnu/libpng16.so.16.34.0
7f31c71f4000-7f31c73f3000 ---p 00031000 08:01 6037905                    /usr/lib/x86_64-linux-gnu/libpng16.so.16.34.0
7f31c73f3000-7f31c73f4000 r--p 00030000 08:01 6037905                    /usr/lib/x86_64-linux-gnu/libpng16.so.16.34.0
7f31c73f4000-7f31c73f5000 rw-p 00031000 08:01 6037905                    /usr/lib/x86_64-linux-gnu/libpng16.so.16.34.0
7f31c73f5000-7f31c74a2000 r-xp 00000000 08:01 6037415                    /usr/lib/x86_64-linux-gnu/libfreetype.so.6.15.0
7f31c74a2000-7f31c76a1000 ---p 000ad000 08:01 6037415                    /usr/lib/x86_64-linux-gnu/libfreetype.so.6.15.0
7f31c76a1000-7f31c76a8000 r--p 000ac000 08:01 6037415                    /usr/lib/x86_64-linux-gnu/libfreetype.so.6.15.0
7f31c76a8000-7f31c76a9000 rw-p 000b3000 08:01 6037415                    /usr/lib/x86_64-linux-gnu/libfreetype.so.6.15.0
7f31c76a9000-7f31c77dd000 r-xp 00000000 08:01 6293604                    /usr/lib/jvm/java-11-openjdk-amd64/lib/libfontmanager.so
7f31c77dd000-7f31c79dc000 ---p 00134000 08:01 6293604                    /usr/lib/jvm/java-11-openjdk-amd64/lib/libfontmanager.so
7f31c79dc000-7f31c79dd000 r--p 00133000 08:01 6293604                    /usr/lib/jvm/java-11-openjdk-amd64/lib/libfontmanager.so
7f31c79dd000-7f31c79de000 rw-p 00134000 08:01 6293604                    /usr/lib/jvm/java-11-openjdk-amd64/lib/libfontmanager.so
7f31c79de000-7f31c79e1000 rw-p 00000000 00:00 0 
7f31c79e1000-7f31c79f4000 r-xp 00000000 08:01 14423128                   /lib/x86_64-linux-gnu/libbsd.so.0.8.7
7f31c79f4000-7f31c7bf3000 ---p 00013000 08:01 14423128                   /lib/x86_64-linux-gnu/libbsd.so.0.8.7
7f31c7bf3000-7f31c7bf4000 r--p 00012000 08:01 14423128                   /lib/x86_64-linux-gnu/libbsd.so.0.8.7
7f31c7bf4000-7f31c7bf5000 rw-p 00013000 08:01 14423128                   /lib/x86_64-linux-gnu/libbsd.so.0.8.7
7f31c7bf5000-7f31c7bf6000 rw-p 00000000 00:00 0 
7f31c7bf6000-7f31c7bfb000 r-xp 00000000 08:01 6037046                    /usr/lib/x86_64-linux-gnu/libXdmcp.so.6.0.0
7f31c7bfb000-7f31c7dfa000 ---p 00005000 08:01 6037046                    /usr/lib/x86_64-linux-gnu/libXdmcp.so.6.0.0
7f31c7dfa000-7f31c7dfb000 r--p 00004000 08:01 6037046                    /usr/lib/x86_64-linux-gnu/libXdmcp.so.6.0.0
7f31c7dfb000-7f31c7dfc000 rw-p 00005000 08:01 6037046                    /usr/lib/x86_64-linux-gnu/libXdmcp.so.6.0.0
7f31c7dfc000-7f31c7dfe000 r-xp 00000000 08:01 6037035                    /usr/lib/x86_64-linux-gnu/libXau.so.6.0.0
7f31c7dfe000-7f31c7ffe000 ---p 00002000 08:01 6037035                    /usr/lib/x86_64-linux-gnu/libXau.so.6.0.0
7f31c7ffe000-7f31c7fff000 r--p 00002000 08:01 6037035                    /usr/lib/x86_64-linux-gnu/libXau.so.6.0.0
7f31c7fff000-7f31c8000000 rw-p 00003000 08:01 6037035                    /usr/lib/x86_64-linux-gnu/libXau.so.6.0.0
7f31c8000000-7f31c8021000 rw-p 00000000 00:00 0 
7f31c8021000-7f31cc000000 ---p 00000000 00:00 0 
7f31cc000000-7f31cc021000 rw-p 00000000 00:00 0 
7f31cc021000-7f31d0000000 ---p 00000000 00:00 0 
7f31d0000000-7f31d0420000 rw-p 00000000 00:00 0 
7f31d0420000-7f31d4000000 ---p 00000000 00:00 0 
7f31d4000000-7f31d4021000 rw-p 00000000 00:00 0 
7f31d4021000-7f31d8000000 ---p 00000000 00:00 0 
7f31d8000000-7f31d8021000 rw-p 00000000 00:00 0 
7f31d8021000-7f31dc000000 ---p 00000000 00:00 0 
7f31dc000000-7f31ddfc3000 rw-p 00000000 00:00 0 
7f31ddfc3000-7f31e0000000 ---p 00000000 00:00 0 
7f31e0000000-7f31e0021000 rw-p 00000000 00:00 0 
7f31e0021000-7f31e4000000 ---p 00000000 00:00 0 
7f31e4000000-7f31e4021000 rw-p 00000000 00:00 0 
7f31e4021000-7f31e8000000 ---p 00000000 00:00 0 
7f31e8000000-7f31e8021000 rw-p 00000000 00:00 0 
7f31e8021000-7f31ec000000 ---p 00000000 00:00 0 
7f31ec000000-7f31ec03f000 rw-p 00000000 00:00 0 
7f31ec03f000-7f31f0000000 ---p 00000000 00:00 0 
7f31f0000000-7f31f0021000 rw-p 00000000 00:00 0 
7f31f0021000-7f31f4000000 ---p 00000000 00:00 0 
7f31f4000000-7f31f4021000 rw-p 00000000 00:00 0 
7f31f4021000-7f31f8000000 ---p 00000000 00:00 0 
7f31f8054000-7f31f8058000 ---p 00000000 00:00 0 
7f31f8058000-7f31f8155000 rw-p 00000000 00:00 0 
7f31f8155000-7f31f817b000 r-xp 00000000 08:01 6038248                    /usr/lib/x86_64-linux-gnu/libxcb.so.1.1.0
7f31f817b000-7f31f837b000 ---p 00026000 08:01 6038248                    /usr/lib/x86_64-linux-gnu/libxcb.so.1.1.0
7f31f837b000-7f31f837c000 r--p 00026000 08:01 6038248                    /usr/lib/x86_64-linux-gnu/libxcb.so.1.1.0
7f31f837c000-7f31f837d000 rw-p 00027000 08:01 6038248                    /usr/lib/x86_64-linux-gnu/libxcb.so.1.1.0
7f31f837d000-7f31f838c000 r-xp 00000000 08:01 6037056                    /usr/lib/x86_64-linux-gnu/libXi.so.6.1.0
7f31f838c000-7f31f858b000 ---p 0000f000 08:01 6037056                    /usr/lib/x86_64-linux-gnu/libXi.so.6.1.0
7f31f858b000-7f31f858c000 r--p 0000e000 08:01 6037056                    /usr/lib/x86_64-linux-gnu/libXi.so.6.1.0
7f31f858c000-7f31f858d000 rw-p 0000f000 08:01 6037056                    /usr/lib/x86_64-linux-gnu/libXi.so.6.1.0
7f31f858d000-7f31f8592000 r-xp 00000000 08:01 6037074                    /usr/lib/x86_64-linux-gnu/libXtst.so.6.1.0
7f31f8592000-7f31f8791000 ---p 00005000 08:01 6037074                    /usr/lib/x86_64-linux-gnu/libXtst.so.6.1.0
7f31f8791000-7f31f8792000 r--p 00004000 08:01 6037074                    /usr/lib/x86_64-linux-gnu/libXtst.so.6.1.0
7f31f8792000-7f31f8793000 rw-p 00005000 08:01 6037074                    /usr/lib/x86_64-linux-gnu/libXtst.so.6.1.0
7f31f8793000-7f31f879c000 r-xp 00000000 08:01 6037068                    /usr/lib/x86_64-linux-gnu/libXrender.so.1.3.0
7f31f879c000-7f31f899b000 ---p 00009000 08:01 6037068                    /usr/lib/x86_64-linux-gnu/libXrender.so.1.3.0
7f31f899b000-7f31f899c000 r--p 00008000 08:01 6037068                    /usr/lib/x86_64-linux-gnu/libXrender.so.1.3.0
7f31f899c000-7f31f899d000 rw-p 00009000 08:01 6037068                    /usr/lib/x86_64-linux-gnu/libXrender.so.1.3.0
7f31f899d000-7f31f8ad0000 r-xp 00000000 08:01 6037031                    /usr/lib/x86_64-linux-gnu/libX11.so.6.3.0
7f31f8ad0000-7f31f8cd0000 ---p 00133000 08:01 6037031                    /usr/lib/x86_64-linux-gnu/libX11.so.6.3.0
7f31f8cd0000-7f31f8cd1000 r--p 00133000 08:01 6037031                    /usr/lib/x86_64-linux-gnu/libX11.so.6.3.0
7f31f8cd1000-7f31f8cd5000 rw-p 00134000 08:01 6037031                    /usr/lib/x86_64-linux-gnu/libX11.so.6.3.0
7f31f8cd5000-7f31f8ce6000 r-xp 00000000 08:01 6037048                    /usr/lib/x86_64-linux-gnu/libXext.so.6.4.0
7f31f8ce6000-7f31f8ee5000 ---p 00011000 08:01 6037048                    /usr/lib/x86_64-linux-gnu/libXext.so.6.4.0
7f31f8ee5000-7f31f8ee6000 r--p 00010000 08:01 6037048                    /usr/lib/x86_64-linux-gnu/libXext.so.6.4.0
7f31f8ee6000-7f31f8ee7000 rw-p 00011000 08:01 6037048                    /usr/lib/x86_64-linux-gnu/libXext.so.6.4.0
7f31f8ee7000-7f31f8f46000 r-xp 00000000 08:01 6293601                    /usr/lib/jvm/java-11-openjdk-amd64/lib/libawt_xawt.so
7f31f8f46000-7f31f9145000 ---p 0005f000 08:01 6293601                    /usr/lib/jvm/java-11-openjdk-amd64/lib/libawt_xawt.so
7f31f9145000-7f31f9146000 r--p 0005e000 08:01 6293601                    /usr/lib/jvm/java-11-openjdk-amd64/lib/libawt_xawt.so
7f31f9146000-7f31f9149000 rw-p 0005f000 08:01 6293601                    /usr/lib/jvm/java-11-openjdk-amd64/lib/libawt_xawt.so
7f31f9149000-7f31f914b000 rw-p 00000000 00:00 0 
7f31f914b000-7f31f91e9000 r-xp 00000000 08:01 6293599                    /usr/lib/jvm/java-11-openjdk-amd64/lib/libawt.so
7f31f91e9000-7f31f93e9000 ---p 0009e000 08:01 6293599                    /usr/lib/jvm/java-11-openjdk-amd64/lib/libawt.so
7f31f93e9000-7f31f93ea000 r--p 0009e000 08:01 6293599                    /usr/lib/jvm/java-11-openjdk-amd64/lib/libawt.so
7f31f93ea000-7f31f93f5000 rw-p 0009f000 08:01 6293599                    /usr/lib/jvm/java-11-openjdk-amd64/lib/libawt.so
7f31f93f5000-7f31f941a000 rw-p 00000000 00:00 0 
7f31f941a000-7f31f9430000 r-xp 00000000 08:01 6295716                    /usr/lib/jvm/java-11-openjdk-amd64/lib/libnet.so
7f31f9430000-7f31f962f000 ---p 00016000 08:01 6295716                    /usr/lib/jvm/java-11-openjdk-amd64/lib/libnet.so
7f31f962f000-7f31f9630000 r--p 00015000 08:01 6295716                    /usr/lib/jvm/java-11-openjdk-amd64/lib/libnet.so
7f31f9630000-7f31f9631000 rw-p 00016000 08:01 6295716                    /usr/lib/jvm/java-11-openjdk-amd64/lib/libnet.so
7f31f9631000-7f31fa000000 r--p 00000000 08:01 6035982                    /usr/lib/locale/locale-archive
7f31fa000000-7f31fc000000 rw-p 00000000 00:00 0 
7f31fc000000-7f31fc021000 rw-p 00000000 00:00 0 
7f31fc021000-7f3200000000 ---p 00000000 00:00 0 
7f320005a000-7f3200065000 r--s 00000000 08:01 28573793                   /var/cache/fontconfig/945677eb7aeaf62f1d50efc3fb3ec7d8-le64.cache-7
7f3200065000-7f320006a000 r--s 00000000 08:01 28573764                   /var/cache/fontconfig/2300eef321c393bfd76478a5c0e95b23-le64.cache-7
7f320006a000-7f320006b000 r--s 00000000 08:01 28573757                   /var/cache/fontconfig/0d8c3b2ac0904cb8a57a757ad11a4a08-le64.cache-7
7f320006b000-7f3200080000 r--s 00000000 08:01 28573753                   /var/cache/fontconfig/04aabc0a78ac019cf9454389977116d2-le64.cache-7
7f3200080000-7f3200081000 r--s 00000000 08:01 28573761                   /var/cache/fontconfig/1ac9eb803944fde146138c791f5cc56a-le64.cache-7
7f3200081000-7f3200082000 r--s 00000000 08:01 28573812                   /var/cache/fontconfig/dc05db6664285cc2f12bf69c139ae4c3-le64.cache-7
7f3200082000-7f3200084000 r--s 00000000 08:01 28573758                   /var/cache/fontconfig/14a5e22175779b556eaa434240950366-le64.cache-7
7f3200084000-7f3200085000 r--s 00000000 08:01 28573785                   /var/cache/fontconfig/660208299946a285a940457d1287da33-le64.cache-7
7f3200085000-7f3200087000 r--s 00000000 08:01 28573776                   /var/cache/fontconfig/4f3e3037c9980c83b53a9351efadef62-le64.cache-7
7f3200087000-7f3200089000 r--s 00000000 08:01 28573790                   /var/cache/fontconfig/767a8244fc0220cfb567a839d0392e0b-le64.cache-7
7f3200089000-7f320008a000 r--s 00000000 08:01 28573771                   /var/cache/fontconfig/4794a0821666d79190d59a36cb4f44b5-le64.cache-7
7f320008a000-7f320008f000 r--s 00000000 08:01 28573813                   /var/cache/fontconfig/def309198bfa603429122923fa2bb2d4-le64.cache-7
7f320008f000-7f320009f000 r-xp 00000000 08:01 6295717                    /usr/lib/jvm/java-11-openjdk-amd64/lib/libnio.so
7f320009f000-7f320029e000 ---p 00010000 08:01 6295717                    /usr/lib/jvm/java-11-openjdk-amd64/lib/libnio.so
7f320029e000-7f320029f000 r--p 0000f000 08:01 6295717                    /usr/lib/jvm/java-11-openjdk-amd64/lib/libnio.so
7f320029f000-7f32002a0000 rw-p 00010000 08:01 6295717                    /usr/lib/jvm/java-11-openjdk-amd64/lib/libnio.so
7f32002a0000-7f3200490000 rw-p 00000000 00:00 0 
7f3200490000-7f3202148000 ---p 00000000 00:00 0 
7f3202148000-7f3202340000 rw-p 00000000 00:00 0 
7f3202340000-7f3203ff8000 ---p 00000000 00:00 0 
7f3203ff8000-7f3204000000 rw-p 00000000 00:00 0 
7f3204000000-7f3204021000 rw-p 00000000 00:00 0 
7f3204021000-7f3208000000 ---p 00000000 00:00 0 
7f3208000000-7f3208002000 r--s 00000000 08:01 28573755                   /var/cache/fontconfig/0bd3dc0958fa2205aaaa8ebb13e2872b-le64.cache-7
7f3208002000-7f3208003000 r--s 00000000 08:01 28573801                   /var/cache/fontconfig/b872e6e592da6075ffa4ab0a1fcc0c75-le64.cache-7
7f3208003000-7f3208007000 ---p 00000000 00:00 0 
7f3208007000-7f3208104000 rw-p 00000000 00:00 0 
7f3208104000-7f3208108000 ---p 00000000 00:00 0 
7f3208108000-7f3208205000 rw-p 00000000 00:00 0 
7f3208205000-7f3208206000 ---p 00000000 00:00 0 
7f3208206000-7f3208307000 rw-p 00000000 00:00 0 
7f3208307000-7f320830b000 ---p 00000000 00:00 0 
7f320830b000-7f3208408000 rw-p 00000000 00:00 0 
7f3208408000-7f320840c000 ---p 00000000 00:00 0 
7f320840c000-7f3208509000 rw-p 00000000 00:00 0 
7f3208509000-7f320850d000 ---p 00000000 00:00 0 
7f320850d000-7f320860a000 rw-p 00000000 00:00 0 
7f320860a000-7f320860e000 ---p 00000000 00:00 0 
7f320860e000-7f320870b000 rw-p 00000000 00:00 0 
7f320870b000-7f320870f000 ---p 00000000 00:00 0 
7f320870f000-7f320880c000 rw-p 00000000 00:00 0 
7f320880c000-7f3208810000 ---p 00000000 00:00 0 
7f3208810000-7f320890d000 rw-p 00000000 00:00 0 
7f320890d000-7f3208b7d000 rwxp 00000000 00:00 0 
7f3208b7d000-7f3208e9d000 ---p 00000000 00:00 0 
7f3208e9d000-7f320934d000 rwxp 00000000 00:00 0 
7f320934d000-7f32103d5000 ---p 00000000 00:00 0 
7f32103d5000-7f3210675000 rwxp 00000000 00:00 0 
7f3210675000-7f321790d000 ---p 00000000 00:00 0 
7f321790d000-7f3220000000 r--s 00000000 08:01 6295726                    /usr/lib/jvm/java-11-openjdk-amd64/lib/modules
7f3220000000-7f3220441000 rw-p 00000000 00:00 0 
7f3220441000-7f3224000000 ---p 00000000 00:00 0 
7f3224000000-7f3224001000 r--s 00000000 08:01 28573818                   /var/cache/fontconfig/f6d4eedfaab2589bde49f7a3ff831d22-le64.cache-7
7f3224001000-7f3224002000 r--s 00000000 08:01 28573783                   /var/cache/fontconfig/589f83ef4c36d296ce6e1c846f468f08-le64.cache-7
7f3224002000-7f3224003000 r--s 00000000 08:01 28573803                   /var/cache/fontconfig/bab58bb527bb656aaa9f116d68a48d89-le64.cache-7
7f3224003000-7f3224004000 r--s 00000000 08:01 28573762                   /var/cache/fontconfig/2171a34dccabdb6bcbbc728186263178-le64.cache-7
7f3224004000-7f3224005000 r--s 00000000 08:01 28573804                   /var/cache/fontconfig/c5c45a61289222e0d30b1a26ef4effbe-le64.cache-7
7f3224005000-7f3224006000 r--s 00000000 08:01 28573799                   /var/cache/fontconfig/aec30016f93e1b46d1a973dce0d74068-le64.cache-7
7f3224006000-7f3224007000 r--s 00000000 08:01 28573769                   /var/cache/fontconfig/3f589640d34b7dc9042c8d453f7c8b9c-le64.cache-7
7f3224007000-7f3224008000 r--s 00000000 08:01 28573759                   /var/cache/fontconfig/16c2fda60d1b4b719f4b3d06fd951d25-le64.cache-7
7f3224008000-7f3224009000 r--s 00000000 08:01 28573798                   /var/cache/fontconfig/a48eab177a16e4f3713381162db2f3e9-le64.cache-7
7f3224009000-7f322400a000 r--s 00000000 08:01 28573779                   /var/cache/fontconfig/564b2e68ac9bc4e36a6f7f6d6125ec1c-le64.cache-7
7f322400a000-7f322400f000 r--s 00000000 08:01 28573796                   /var/cache/fontconfig/9d2451b1fd30e5bffe8383fd27c35478-le64.cache-7
7f322400f000-7f3224015000 r--s 00000000 08:01 28573765                   /var/cache/fontconfig/3047814df9a2f067bd2d96a2b9c36e5a-le64.cache-7
7f3224015000-7f3224016000 r--s 00000000 08:01 28573780                   /var/cache/fontconfig/56cf4f4769d0f4abc89a4895d7bd3ae1-le64.cache-7
7f3224016000-7f3224017000 r--s 00000000 08:01 28573802                   /var/cache/fontconfig/b9d506c9ac06c20b433354fa67a72993-le64.cache-7
7f3224017000-7f322401d000 r--s 00000000 08:01 28573800                   /var/cache/fontconfig/b47c4e1ecd0709278f4910c18777a504-le64.cache-7
7f322401d000-7f3224030000 r--s 00000000 08:01 28573809                   /var/cache/fontconfig/d52a8644073d54c13679302ca1180695-le64.cache-7
7f3224030000-7f3224031000 r--s 00000000 08:01 28573767                   /var/cache/fontconfig/370e5b74bf5dafc30834de68e24a87a4-le64.cache-7
7f3224031000-7f3224032000 r--s 00000000 08:01 28573788                   /var/cache/fontconfig/6b2c5944714ca7831b25bed9e85cb5c8-le64.cache-7
7f3224032000-7f3224033000 r--s 00000000 08:01 28573808                   /var/cache/fontconfig/d5178ab6d91b49bf20a416737dcea9e8-le64.cache-7
7f3224033000-7f3224034000 r--s 00000000 08:01 28573778                   /var/cache/fontconfig/551ecf3b0e8b0bca0f25c0944f561853-le64.cache-7
7f3224034000-7f3224037000 r--s 00000000 08:01 28573817                   /var/cache/fontconfig/f259c2cffa685e28062317905db73c4a-le64.cache-7
7f3224037000-7f3224039000 r--s 00000000 08:01 28573777                   /var/cache/fontconfig/550f3886151c940c12a5ed35f6a00586-le64.cache-7
7f3224039000-7f322403c000 r--s 00000000 08:01 28573786                   /var/cache/fontconfig/674d1711f2d1d2a09646eb0bdcadee49-le64.cache-7
7f322403c000-7f322403d000 r--s 00000000 08:01 28573770                   /var/cache/fontconfig/3f7329c5293ffd510edef78f73874cfd-le64.cache-7
7f322403d000-7f3224049000 r--s 00000000 08:01 28584711                   /var/cache/fontconfig/d589a48862398ed80a3d6066f4f56f4c-le64.cache-7
7f3224049000-7f322404a000 r--s 00000000 08:01 28573756                   /var/cache/fontconfig/0c9eb80ebd1c36541ebe2852d3bb0c49-le64.cache-7
7f322404a000-7f3224077000 r--p 00000000 08:01 7078838                    /usr/share/glib-2.0/schemas/gschemas.compiled
7f3224077000-7f32240a8000 rw-p 00000000 00:00 0 
7f32240a8000-7f32240ac000 ---p 00000000 00:00 0 
7f32240ac000-7f32241a9000 rw-p 00000000 00:00 0 
7f32241a9000-7f32241aa000 ---p 00000000 00:00 0 
7f32241aa000-7f3224b87000 rw-p 00000000 00:00 0 
7f3224b87000-7f3224b88000 ---p 00000000 00:00 0 
7f3224b88000-7f3224c89000 rw-p 00000000 00:00 0 
7f3224c89000-7f3224c8a000 ---p 00000000 00:00 0 
7f3224c8a000-7f322518f000 rw-p 00000000 00:00 0 
7f322518f000-7f3225190000 ---p 00000000 00:00 0 
7f3225190000-7f3225291000 rw-p 00000000 00:00 0 
7f3225291000-7f3225292000 ---p 00000000 00:00 0 
7f3225292000-7f32253d1000 rw-p 00000000 00:00 0 
7f32253d1000-7f3225768000 ---p 00000000 00:00 0 
7f3225768000-7f32257a7000 rw-p 00000000 00:00 0 
7f32257a7000-7f3225b3e000 ---p 00000000 00:00 0 
7f3225b3e000-7f3225b7d000 rw-p 00000000 00:00 0 
7f3225b7d000-7f3225f14000 ---p 00000000 00:00 0 
7f3225f14000-7f3226319000 rw-p 00000000 00:00 0 
7f3226319000-7f322631a000 ---p 00000000 00:00 0 
7f322631a000-7f3226421000 rw-p 00000000 00:00 0 
7f3226421000-7f3226506000 ---p 00000000 00:00 0 
7f3226506000-7f3226510000 rw-p 00000000 00:00 0 
7f3226510000-7f32265f1000 ---p 00000000 00:00 0 
7f32265f1000-7f32265f6000 r-xp 00000000 08:01 6295708                    /usr/lib/jvm/java-11-openjdk-amd64/lib/libjimage.so
7f32265f6000-7f32267f5000 ---p 00005000 08:01 6295708                    /usr/lib/jvm/java-11-openjdk-amd64/lib/libjimage.so
7f32267f5000-7f32267f6000 r--p 00004000 08:01 6295708                    /usr/lib/jvm/java-11-openjdk-amd64/lib/libjimage.so
7f32267f6000-7f32267f7000 rw-p 00005000 08:01 6295708                    /usr/lib/jvm/java-11-openjdk-amd64/lib/libjimage.so
7f32267f7000-7f32267fe000 r-xp 00000000 08:01 6295725                    /usr/lib/jvm/java-11-openjdk-amd64/lib/libzip.so
7f32267fe000-7f32269fd000 ---p 00007000 08:01 6295725                    /usr/lib/jvm/java-11-openjdk-amd64/lib/libzip.so
7f32269fd000-7f32269fe000 r--p 00006000 08:01 6295725                    /usr/lib/jvm/java-11-openjdk-amd64/lib/libzip.so
7f32269fe000-7f32269ff000 rw-p 00007000 08:01 6295725                    /usr/lib/jvm/java-11-openjdk-amd64/lib/libzip.so
7f32269ff000-7f3226a0a000 r-xp 00000000 08:01 14423222                   /lib/x86_64-linux-gnu/libnss_files-2.27.so
7f3226a0a000-7f3226c09000 ---p 0000b000 08:01 14423222                   /lib/x86_64-linux-gnu/libnss_files-2.27.so
7f3226c09000-7f3226c0a000 r--p 0000a000 08:01 14423222                   /lib/x86_64-linux-gnu/libnss_files-2.27.so
7f3226c0a000-7f3226c0b000 rw-p 0000b000 08:01 14423222                   /lib/x86_64-linux-gnu/libnss_files-2.27.so
7f3226c0b000-7f3226c11000 rw-p 00000000 00:00 0 
7f3226c11000-7f3226c28000 r-xp 00000000 08:01 14423216                   /lib/x86_64-linux-gnu/libnsl-2.27.so
7f3226c28000-7f3226e27000 ---p 00017000 08:01 14423216                   /lib/x86_64-linux-gnu/libnsl-2.27.so
7f3226e27000-7f3226e28000 r--p 00016000 08:01 14423216                   /lib/x86_64-linux-gnu/libnsl-2.27.so
7f3226e28000-7f3226e29000 rw-p 00017000 08:01 14423216                   /lib/x86_64-linux-gnu/libnsl-2.27.so
7f3226e29000-7f3226e2b000 rw-p 00000000 00:00 0 
7f3226e2b000-7f3226e36000 r-xp 00000000 08:01 14423233                   /lib/x86_64-linux-gnu/libnss_nis-2.27.so
7f3226e36000-7f3227035000 ---p 0000b000 08:01 14423233                   /lib/x86_64-linux-gnu/libnss_nis-2.27.so
7f3227035000-7f3227036000 r--p 0000a000 08:01 14423233                   /lib/x86_64-linux-gnu/libnss_nis-2.27.so
7f3227036000-7f3227037000 rw-p 0000b000 08:01 14423233                   /lib/x86_64-linux-gnu/libnss_nis-2.27.so
7f3227037000-7f322703f000 r-xp 00000000 08:01 14423218                   /lib/x86_64-linux-gnu/libnss_compat-2.27.so
7f322703f000-7f322723f000 ---p 00008000 08:01 14423218                   /lib/x86_64-linux-gnu/libnss_compat-2.27.so
7f322723f000-7f3227240000 r--p 00008000 08:01 14423218                   /lib/x86_64-linux-gnu/libnss_compat-2.27.so
7f3227240000-7f3227241000 rw-p 00009000 08:01 14423218                   /lib/x86_64-linux-gnu/libnss_compat-2.27.so
7f3227241000-7f322726a000 r-xp 00000000 08:01 6295704                    /usr/lib/jvm/java-11-openjdk-amd64/lib/libjava.so
7f322726a000-7f3227469000 ---p 00029000 08:01 6295704                    /usr/lib/jvm/java-11-openjdk-amd64/lib/libjava.so
7f3227469000-7f322746a000 r--p 00028000 08:01 6295704                    /usr/lib/jvm/java-11-openjdk-amd64/lib/libjava.so
7f322746a000-7f322746c000 rw-p 00029000 08:01 6295704                    /usr/lib/jvm/java-11-openjdk-amd64/lib/libjava.so
7f322746c000-7f3227479000 r-xp 00000000 08:01 6295724                    /usr/lib/jvm/java-11-openjdk-amd64/lib/libverify.so
7f3227479000-7f3227678000 ---p 0000d000 08:01 6295724                    /usr/lib/jvm/java-11-openjdk-amd64/lib/libverify.so
7f3227678000-7f322767a000 r--p 0000c000 08:01 6295724                    /usr/lib/jvm/java-11-openjdk-amd64/lib/libverify.so
7f322767a000-7f322767b000 rw-p 0000e000 08:01 6295724                    /usr/lib/jvm/java-11-openjdk-amd64/lib/libverify.so
7f322767b000-7f3227682000 r-xp 00000000 08:01 14423273                   /lib/x86_64-linux-gnu/librt-2.27.so
7f3227682000-7f3227881000 ---p 00007000 08:01 14423273                   /lib/x86_64-linux-gnu/librt-2.27.so
7f3227881000-7f3227882000 r--p 00006000 08:01 14423273                   /lib/x86_64-linux-gnu/librt-2.27.so
7f3227882000-7f3227883000 rw-p 00007000 08:01 14423273                   /lib/x86_64-linux-gnu/librt-2.27.so
7f3227883000-7f322789a000 r-xp 00000000 08:01 14424006                   /lib/x86_64-linux-gnu/libgcc_s.so.1
7f322789a000-7f3227a99000 ---p 00017000 08:01 14424006                   /lib/x86_64-linux-gnu/libgcc_s.so.1
7f3227a99000-7f3227a9a000 r--p 00016000 08:01 14424006                   /lib/x86_64-linux-gnu/libgcc_s.so.1
7f3227a9a000-7f3227a9b000 rw-p 00017000 08:01 14424006                   /lib/x86_64-linux-gnu/libgcc_s.so.1
7f3227a9b000-7f3227c38000 r-xp 00000000 08:01 14423195                   /lib/x86_64-linux-gnu/libm-2.27.so
7f3227c38000-7f3227e37000 ---p 0019d000 08:01 14423195                   /lib/x86_64-linux-gnu/libm-2.27.so
7f3227e37000-7f3227e38000 r--p 0019c000 08:01 14423195                   /lib/x86_64-linux-gnu/libm-2.27.so
7f3227e38000-7f3227e39000 rw-p 0019d000 08:01 14423195                   /lib/x86_64-linux-gnu/libm-2.27.so
7f3227e39000-7f3227fb2000 r-xp 00000000 08:01 6029898                    /usr/lib/x86_64-linux-gnu/libstdc++.so.6.0.25
7f3227fb2000-7f32281b2000 ---p 00179000 08:01 6029898                    /usr/lib/x86_64-linux-gnu/libstdc++.so.6.0.25
7f32281b2000-7f32281bc000 r--p 00179000 08:01 6029898                    /usr/lib/x86_64-linux-gnu/libstdc++.so.6.0.25
7f32281bc000-7f32281be000 rw-p 00183000 08:01 6029898                    /usr/lib/x86_64-linux-gnu/libstdc++.so.6.0.25
7f32281be000-7f32281c2000 rw-p 00000000 00:00 0 
7f32281c2000-7f322929f000 r-xp 00000000 08:01 6295729                    /usr/lib/jvm/java-11-openjdk-amd64/lib/server/libjvm.so
7f322929f000-7f322949e000 ---p 010dd000 08:01 6295729                    /usr/lib/jvm/java-11-openjdk-amd64/lib/server/libjvm.so
7f322949e000-7f322955b000 r--p 010dc000 08:01 6295729                    /usr/lib/jvm/java-11-openjdk-amd64/lib/server/libjvm.so
7f322955b000-7f3229595000 rw-p 01199000 08:01 6295729                    /usr/lib/jvm/java-11-openjdk-amd64/lib/server/libjvm.so
7f3229595000-7f32295eb000 rw-p 00000000 00:00 0 
7f32295eb000-7f3229605000 r-xp 00000000 08:01 14423265                   /lib/x86_64-linux-gnu/libpthread-2.27.so
7f3229605000-7f3229804000 ---p 0001a000 08:01 14423265                   /lib/x86_64-linux-gnu/libpthread-2.27.so
7f3229804000-7f3229805000 r--p 00019000 08:01 14423265                   /lib/x86_64-linux-gnu/libpthread-2.27.so
7f3229805000-7f3229806000 rw-p 0001a000 08:01 14423265                   /lib/x86_64-linux-gnu/libpthread-2.27.so
7f3229806000-7f322980a000 rw-p 00000000 00:00 0 
7f322980a000-7f322980d000 r-xp 00000000 08:01 14423155                   /lib/x86_64-linux-gnu/libdl-2.27.so
7f322980d000-7f3229a0c000 ---p 00003000 08:01 14423155                   /lib/x86_64-linux-gnu/libdl-2.27.so
7f3229a0c000-7f3229a0d000 r--p 00002000 08:01 14423155                   /lib/x86_64-linux-gnu/libdl-2.27.so
7f3229a0d000-7f3229a0e000 rw-p 00003000 08:01 14423155                   /lib/x86_64-linux-gnu/libdl-2.27.so
7f3229a0e000-7f3229a2a000 r-xp 00000000 08:01 14423304                   /lib/x86_64-linux-gnu/libz.so.1.2.11
7f3229a2a000-7f3229c29000 ---p 0001c000 08:01 14423304                   /lib/x86_64-linux-gnu/libz.so.1.2.11
7f3229c29000-7f3229c2a000 r--p 0001b000 08:01 14423304                   /lib/x86_64-linux-gnu/libz.so.1.2.11
7f3229c2a000-7f3229c2b000 rw-p 0001c000 08:01 14423304                   /lib/x86_64-linux-gnu/libz.so.1.2.11
7f3229c2b000-7f3229e12000 r-xp 00000000 08:01 14423132                   /lib/x86_64-linux-gnu/libc-2.27.so
7f3229e12000-7f322a012000 ---p 001e7000 08:01 14423132                   /lib/x86_64-linux-gnu/libc-2.27.so
7f322a012000-7f322a016000 r--p 001e7000 08:01 14423132                   /lib/x86_64-linux-gnu/libc-2.27.so
7f322a016000-7f322a018000 rw-p 001eb000 08:01 14423132                   /lib/x86_64-linux-gnu/libc-2.27.so
7f322a018000-7f322a01c000 rw-p 00000000 00:00 0 
7f322a01c000-7f322a02c000 r-xp 00000000 08:01 6293594                    /usr/lib/jvm/java-11-openjdk-amd64/lib/jli/libjli.so
7f322a02c000-7f322a22b000 ---p 00010000 08:01 6293594                    /usr/lib/jvm/java-11-openjdk-amd64/lib/jli/libjli.so
7f322a22b000-7f322a22c000 r--p 0000f000 08:01 6293594                    /usr/lib/jvm/java-11-openjdk-amd64/lib/jli/libjli.so
7f322a22c000-7f322a22d000 rw-p 00010000 08:01 6293594                    /usr/lib/jvm/java-11-openjdk-amd64/lib/jli/libjli.so
7f322a22d000-7f322a254000 r-xp 00000000 08:01 14423104                   /lib/x86_64-linux-gnu/ld-2.27.so
7f322a254000-7f322a255000 r--s 00000000 08:01 28573763                   /var/cache/fontconfig/22368d551a680bfe5a62c02760edf4ea-le64.cache-7
7f322a255000-7f322a256000 r--s 00000000 08:01 28573775                   /var/cache/fontconfig/4d9c95eba1cb85bbcf2878543262124a-le64.cache-7
7f322a256000-7f322a257000 r--s 00000000 08:01 28573792                   /var/cache/fontconfig/85e0a52ce643a7ba2ae53e5d6949cead-le64.cache-7
7f322a257000-7f322a258000 r--s 00000000 08:01 28573772                   /var/cache/fontconfig/49f0de54bdd920fe4f0dfd4cbac43e6b-le64.cache-7
7f322a258000-7f322a259000 r--s 00000000 08:01 28573819                   /var/cache/fontconfig/f6e6e0a5c3d2f6ae0c0c2e0ecd42a997-le64.cache-7
7f322a259000-7f322a268000 r--s 00000000 08:01 28573795                   /var/cache/fontconfig/9b89f8e3dae116d678bbf48e5f21f69b-le64.cache-7
7f322a279000-7f322a280000 rw-s 00000000 00:01 65541                      /SYSV00000000 (deleted)
7f322a280000-7f322a331000 rw-p 00000000 00:00 0 
7f322a331000-7f322a338000 ---p 00000000 00:00 0 
7f322a338000-7f322a33c000 ---p 00000000 00:00 0 
7f322a33c000-7f322a43b000 rw-p 00000000 00:00 0 
7f322a43b000-7f322a43c000 r--s 00000000 08:01 28573773                   /var/cache/fontconfig/4b2eda6bb976bda485cb2176619421d5-le64.cache-7
7f322a43c000-7f322a43e000 r--s 00000000 08:01 28573787                   /var/cache/fontconfig/6afa1bb216ce958c1589e297e8008489-le64.cache-7
7f322a43e000-7f322a441000 r--s 00000000 08:01 28573814                   /var/cache/fontconfig/e13b20fdb08344e0e664864cc2ede53d-le64.cache-7
7f322a441000-7f322a445000 r--p 00000000 08:01 26491779                   /home/snehal/.config/dconf/user
7f322a445000-7f322a446000 r--s 00000000 00:34 39                         /run/user/1000/snap.eclipse/dconf/user
7f322a446000-7f322a448000 r--s 00007000 08:01 6425074                    /usr/share/java/java-atk-wrapper.jar
7f322a448000-7f322a450000 rw-s 00000000 08:01 58720762                   /tmp/hsperfdata_snehal/7088
7f322a450000-7f322a451000 ---p 00000000 00:00 0 
7f322a451000-7f322a452000 r--p 00000000 00:00 0 
7f322a452000-7f322a454000 rw-p 00000000 00:00 0 
7f322a454000-7f322a455000 r--p 00027000 08:01 14423104                   /lib/x86_64-linux-gnu/ld-2.27.so
7f322a455000-7f322a456000 rw-p 00028000 08:01 14423104                   /lib/x86_64-linux-gnu/ld-2.27.so
7f322a456000-7f322a457000 rw-p 00000000 00:00 0 
7ffe85526000-7ffe85547000 rw-p 00000000 00:00 0                          [stack]
7ffe85582000-7ffe85585000 r--p 00000000 00:00 0                          [vvar]
7ffe85585000-7ffe85586000 r-xp 00000000 00:00 0                          [vdso]
ffffffffff600000-ffffffffff601000 --xp 00000000 00:00 0                  [vsyscall]


VM Arguments:
jvm_args: -Dfile.encoding=UTF-8 
java_command: blackJackGame.playGame
java_class_path (initial): /home/snehal/BlackJack_phase2/BlackJack/bin1
Launcher Type: SUN_STANDARD

[Global flags]
     intx CICompilerCount                          = 3                                         {product} {ergonomic}
     uint ConcGCThreads                            = 1                                         {product} {ergonomic}
     uint G1ConcRefinementThreads                  = 4                                         {product} {ergonomic}
   size_t G1HeapRegionSize                         = 1048576                                   {product} {ergonomic}
    uintx GCDrainStackTargetSize                   = 64                                        {product} {ergonomic}
   size_t InitialHeapSize                          = 130023424                                 {product} {ergonomic}
   size_t MarkStackSize                            = 4194304                                   {product} {ergonomic}
   size_t MaxHeapSize                              = 2059403264                                {product} {ergonomic}
   size_t MaxNewSize                               = 1235222528                                {product} {ergonomic}
   size_t MinHeapDeltaBytes                        = 1048576                                   {product} {ergonomic}
    uintx NonNMethodCodeHeapSize                   = 5830732                                {pd product} {ergonomic}
    uintx NonProfiledCodeHeapSize                  = 122913754                              {pd product} {ergonomic}
    uintx ProfiledCodeHeapSize                     = 122913754                              {pd product} {ergonomic}
    uintx ReservedCodeCacheSize                    = 251658240                              {pd product} {ergonomic}
     bool SegmentedCodeCache                       = true                                      {product} {ergonomic}
     bool UseCompressedClassPointers               = true                                 {lp64_product} {ergonomic}
     bool UseCompressedOops                        = true                                 {lp64_product} {ergonomic}
     bool UseG1GC                                  = true                                      {product} {ergonomic}

Logging:
Log output configuration:
 #0: stdout all=warning uptime,level,tags
 #1: stderr all=off uptime,level,tags

Environment Variables:
PATH=/home/snehal/.local/bin:/usr/local/sbin:/usr/local/bin:/usr/sbin:/usr/bin:/sbin:/bin:/usr/games:/usr/local/games:/snap/bin
USERNAME=snehal
SHELL=/bin/bash
DISPLAY=:0

Signal Handlers:
SIGSEGV: [libjvm.so+0xdf8d00], sa_mask[0]=11111111011111111101111111111110, sa_flags=SA_RESTART|SA_SIGINFO
SIGBUS: [libjvm.so+0xdf8d00], sa_mask[0]=11111111011111111101111111111110, sa_flags=SA_RESTART|SA_SIGINFO
SIGFPE: [libjvm.so+0xdf8d00], sa_mask[0]=11111111011111111101111111111110, sa_flags=SA_RESTART|SA_SIGINFO
SIGPIPE: SIG_IGN, sa_mask[0]=00000000000010000000000000000000, sa_flags=SA_RESTART
SIGXFSZ: [libjvm.so+0xbcbc30], sa_mask[0]=11111111011111111101111111111110, sa_flags=SA_RESTART|SA_SIGINFO
SIGILL: [libjvm.so+0xdf8d00], sa_mask[0]=11111111011111111101111111111110, sa_flags=SA_RESTART|SA_SIGINFO
SIGUSR2: [libjvm.so+0xbcbad0], sa_mask[0]=00100000000000000000000000000000, sa_flags=SA_RESTART|SA_SIGINFO
SIGHUP: [libjvm.so+0xbcbe30], sa_mask[0]=11111111011111111101111111111110, sa_flags=SA_RESTART|SA_SIGINFO
SIGINT: [libjvm.so+0xbcbe30], sa_mask[0]=11111111011111111101111111111110, sa_flags=SA_RESTART|SA_SIGINFO
SIGTERM: [libjvm.so+0xbcbe30], sa_mask[0]=11111111011111111101111111111110, sa_flags=SA_RESTART|SA_SIGINFO
SIGQUIT: [libjvm.so+0xbcbe30], sa_mask[0]=11111111011111111101111111111110, sa_flags=SA_RESTART|SA_SIGINFO


---------------  S Y S T E M  ---------------

OS:DISTRIB_ID=Ubuntu
DISTRIB_RELEASE=18.04
DISTRIB_CODENAME=bionic
DISTRIB_DESCRIPTION="Ubuntu 18.04.4 LTS"
uname:Linux 5.3.0-46-generic #38~18.04.1-Ubuntu SMP Tue Mar 31 04:17:56 UTC 2020 x86_64
OS uptime: 0 days 1:51 hours
libc:glibc 2.27 NPTL 2.27 
rlimit: STACK 8192k, CORE 0k, NPROC 31204, NOFILE 1048576, AS infinity, CPU infinity, DATA infinity, FSIZE infinity
load average:2.81 1.50 1.24

/proc/meminfo:
MemTotal:        8037112 kB
MemFree:         1868976 kB
MemAvailable:    3712640 kB
Buffers:          203808 kB
Cached:          2188312 kB
SwapCached:            0 kB
Active:          4201668 kB
Inactive:        1445096 kB
Active(anon):    3461736 kB
Inactive(anon):   174808 kB
Active(file):     739932 kB
Inactive(file):  1270288 kB
Unevictable:      206924 kB
Mlocked:              64 kB
SwapTotal:       2097148 kB
SwapFree:        2097148 kB
Dirty:               376 kB
Writeback:             0 kB
AnonPages:       3461516 kB
Mapped:           797568 kB
Shmem:            383440 kB
KReclaimable:     111456 kB
Slab:             168120 kB
SReclaimable:     111456 kB
SUnreclaim:        56664 kB
KernelStack:       15824 kB
PageTables:        64512 kB
NFS_Unstable:          0 kB
Bounce:                0 kB
WritebackTmp:          0 kB
CommitLimit:     6115704 kB
Committed_AS:    9181212 kB
VmallocTotal:   34359738367 kB
VmallocUsed:       30744 kB
VmallocChunk:          0 kB
Percpu:             2784 kB
HardwareCorrupted:     0 kB
AnonHugePages:         0 kB
ShmemHugePages:        0 kB
ShmemPmdMapped:        0 kB
CmaTotal:              0 kB
CmaFree:               0 kB
HugePages_Total:       0
HugePages_Free:        0
HugePages_Rsvd:        0
HugePages_Surp:        0
Hugepagesize:       2048 kB
Hugetlb:               0 kB
DirectMap4k:      186108 kB
DirectMap2M:     8087552 kB


/proc/sys/kernel/threads-max (system-wide limit on the number of threads):
62409


/proc/sys/vm/max_map_count (maximum number of memory map areas a process may have):
65530


/proc/sys/kernel/pid_max (system-wide limit on number of process identifiers):
32768



container (cgroup) information:
container_type: cgroupv1
cpu_cpuset_cpus: 0-3
cpu_memory_nodes: 0
active_processor_count: 4
cpu_quota: -1
cpu_period: 100000
cpu_shares: -1
memory_limit_in_bytes: -1
memory_and_swap_limit_in_bytes: -2
memory_soft_limit_in_bytes: -1
memory_usage_in_bytes: 5994106880
memory_max_usage_in_bytes: 0

Steal ticks since vm start: 0
Steal ticks percentage since vm start:  0.000

CPU:total 4 (initial active 4) (2 cores per cpu, 2 threads per core) family 6 model 58 stepping 9, cmov, cx8, fxsr, mmx, sse, sse2, sse3, ssse3, sse4.1, sse4.2, popcnt, avx, aes, clmul, erms, ht, tsc, tscinvbit, tscinv
CPU Model and flags from /proc/cpuinfo:
model name	: Intel(R) Core(TM) i7-3537U CPU @ 2.00GHz
flags		: fpu vme de pse tsc msr pae mce cx8 apic sep mtrr pge mca cmov pat pse36 clflush dts acpi mmx fxsr sse sse2 ss ht tm pbe syscall nx rdtscp lm constant_tsc arch_perfmon pebs bts rep_good nopl xtopology nonstop_tsc cpuid aperfmperf pni pclmulqdq dtes64 monitor ds_cpl vmx est tm2 ssse3 cx16 xtpr pdcm pcid sse4_1 sse4_2 x2apic popcnt tsc_deadline_timer aes xsave avx f16c rdrand lahf_lm cpuid_fault epb pti ssbd ibrs ibpb stibp tpr_shadow vnmi flexpriority ept vpid fsgsbase smep erms xsaveopt dtherm ida arat pln pts md_clear flush_l1d

Memory: 4k page, physical 8037112k(1868976k free), swap 2097148k(2097148k free)

vm_info: OpenJDK 64-Bit Server VM (11.0.7+10-post-Ubuntu-2ubuntu218.04) for linux-amd64 JRE (11.0.7+10-post-Ubuntu-2ubuntu218.04), built on Apr 15 2020 21:12:54 by "unknown" with gcc 7.5.0

END.
